<?xml version="1.0" encoding="UTF-8"?>
<testsuite name="com.boot.cut_costs.controller.AuthenticationControllerTest" tests="1" skipped="0" failures="0" errors="0" timestamp="2017-11-25T23:27:24" hostname="arian-local" time="0.637">
  <properties/>
  <testcase name="testCreate" classname="com.boot.cut_costs.controller.AuthenticationControllerTest" time="0.637"/>
  <system-out><![CDATA[15:27:14.623 [Test worker] DEBUG org.springframework.test.context.junit4.SpringJUnit4ClassRunner - SpringJUnit4ClassRunner constructor called with [class com.boot.cut_costs.controller.AuthenticationControllerTest]
15:27:14.627 [Test worker] DEBUG org.springframework.test.context.BootstrapUtils - Instantiating CacheAwareContextLoaderDelegate from class [org.springframework.test.context.cache.DefaultCacheAwareContextLoaderDelegate]
15:27:14.633 [Test worker] DEBUG org.springframework.test.context.BootstrapUtils - Instantiating BootstrapContext using constructor [public org.springframework.test.context.support.DefaultBootstrapContext(java.lang.Class,org.springframework.test.context.CacheAwareContextLoaderDelegate)]
15:27:14.650 [Test worker] DEBUG org.springframework.test.context.BootstrapUtils - Instantiating TestContextBootstrapper for test class [com.boot.cut_costs.controller.AuthenticationControllerTest] from class [org.springframework.boot.test.context.SpringBootTestContextBootstrapper]
15:27:14.659 [Test worker] INFO org.springframework.boot.test.context.SpringBootTestContextBootstrapper - Neither @ContextConfiguration nor @ContextHierarchy found for test class [com.boot.cut_costs.controller.AuthenticationControllerTest], using SpringBootContextLoader
15:27:14.663 [Test worker] DEBUG org.springframework.test.context.support.AbstractContextLoader - Did not detect default resource location for test class [com.boot.cut_costs.controller.AuthenticationControllerTest]: class path resource [com/boot/cut_costs/controller/AuthenticationControllerTest-context.xml] does not exist
15:27:14.663 [Test worker] DEBUG org.springframework.test.context.support.AbstractContextLoader - Did not detect default resource location for test class [com.boot.cut_costs.controller.AuthenticationControllerTest]: class path resource [com/boot/cut_costs/controller/AuthenticationControllerTestContext.groovy] does not exist
15:27:14.664 [Test worker] INFO org.springframework.test.context.support.AbstractContextLoader - Could not detect default resource locations for test class [com.boot.cut_costs.controller.AuthenticationControllerTest]: no resource found for suffixes {-context.xml, Context.groovy}.
15:27:14.664 [Test worker] INFO org.springframework.test.context.support.AnnotationConfigContextLoaderUtils - Could not detect default configuration classes for test class [com.boot.cut_costs.controller.AuthenticationControllerTest]: AuthenticationControllerTest does not declare any static, non-private, non-final, nested classes annotated with @Configuration.
15:27:14.727 [Test worker] DEBUG org.springframework.core.env.StandardEnvironment - Adding PropertySource 'systemProperties' with lowest search precedence
15:27:14.728 [Test worker] DEBUG org.springframework.core.env.StandardEnvironment - Adding PropertySource 'systemEnvironment' with lowest search precedence
15:27:14.729 [Test worker] DEBUG org.springframework.core.env.StandardEnvironment - Initialized StandardEnvironment with PropertySources [MapPropertySource@1908929857 {name='systemProperties', properties={java.runtime.name=Java(TM) SE Runtime Environment, sun.boot.library.path=/usr/lib/jvm/jdk1.8.0_111/jre/lib/amd64, java.vm.version=25.111-b14, java.vm.vendor=Oracle Corporation, java.vendor.url=http://java.oracle.com/, path.separator=:, java.vm.name=Java HotSpot(TM) 64-Bit Server VM, file.encoding.pkg=sun.io, sun.java.launcher=SUN_STANDARD, user.country=CA, sun.os.patch.level=unknown, java.vm.specification.name=Java Virtual Machine Specification, user.dir=/home/arian/workspace/cut-costs, java.runtime.version=1.8.0_111-b14, java.awt.graphicsenv=sun.awt.X11GraphicsEnvironment, java.endorsed.dirs=/usr/lib/jvm/jdk1.8.0_111/jre/lib/endorsed, os.arch=amd64, java.io.tmpdir=/tmp, line.separator=
, java.vm.specification.vendor=Oracle Corporation, user.variant=, os.name=Linux, sun.jnu.encoding=UTF-8, java.library.path=/usr/java/packages/lib/amd64:/usr/lib64:/lib64:/lib:/usr/lib, java.specification.name=Java Platform API Specification, java.class.version=52.0, org.gradle.native=false, sun.management.compiler=HotSpot 64-Bit Tiered Compilers, os.version=4.4.0-98-generic, user.home=/home/arian, user.timezone=America/Vancouver, java.awt.printerjob=sun.print.PSPrinterJob, file.encoding=UTF-8, java.specification.version=1.8, java.class.path=/home/arian/workspace/cut-costs/build/classes/java/test:/home/arian/workspace/cut-costs/build/resources/test:/home/arian/workspace/cut-costs/build/classes/java/main:/home/arian/workspace/cut-costs/build/resources/main:/home/arian/.gradle/caches/modules-2/files-2.1/org.springframework.boot/spring-boot-starter-data-rest/1.5.8.RELEASE/72990d72d39b3397a131bb1975f80df87e7eb896/spring-boot-starter-data-rest-1.5.8.RELEASE.jar:/home/arian/.gradle/caches/modules-2/files-2.1/org.springframework.boot/spring-boot-starter-web/1.5.8.RELEASE/7e0dc79e3b47be4539ad3c033639133ae6b7a17e/spring-boot-starter-web-1.5.8.RELEASE.jar:/home/arian/.gradle/caches/modules-2/files-2.1/org.springframework.boot/spring-boot-starter-data-jpa/1.5.8.RELEASE/55bb5e8aea5707f79ee9888ad75261a7b7df4654/spring-boot-starter-data-jpa-1.5.8.RELEASE.jar:/home/arian/.gradle/caches/modules-2/files-2.1/mysql/mysql-connector-java/5.1.44/61b6b998192c85bb581c6be90e03dcd4b9079db4/mysql-connector-java-5.1.44.jar:/home/arian/.gradle/caches/modules-2/files-2.1/org.hibernate/hibernate-entitymanager/5.0.12.Final/302a526f5058290e9cbd719a5caf9f248d344719/hibernate-entitymanager-5.0.12.Final.jar:/home/arian/.gradle/caches/modules-2/files-2.1/org.hibernate/hibernate-core/5.0.12.Final/e58bf1c660e6706d8e2cbb53bae110f574366102/hibernate-core-5.0.12.Final.jar:/home/arian/.gradle/caches/modules-2/files-2.1/org.springframework.boot/spring-boot-starter-jersey/1.5.8.RELEASE/a02325b0750bff113e6fe1919080e31ca8c486b0/spring-boot-starter-jersey-1.5.8.RELEASE.jar:/home/arian/.gradle/caches/modules-2/files-2.1/org.glassfish.jersey.containers/jersey-container-servlet/2.25.1/cf5f7a76fcea38158b890ab7a0142d4db709a882/jersey-container-servlet-2.25.1.jar:/home/arian/.gradle/caches/modules-2/files-2.1/org.glassfish.jersey.ext/jersey-spring3/2.25.1/a31bfcd2fcae5beb979d3f41079b6f4020d6fbc9/jersey-spring3-2.25.1.jar:/home/arian/.gradle/caches/modules-2/files-2.1/org.glassfish.jersey.containers/jersey-container-servlet-core/2.25.1/400e30bb035a0cdf3c554530224141ce659a0d1e/jersey-container-servlet-core-2.25.1.jar:/home/arian/.gradle/caches/modules-2/files-2.1/org.glassfish.jersey.ext/jersey-bean-validation/2.25.1/1971927d79cad0ad2b5a3bfda24967748a2023d/jersey-bean-validation-2.25.1.jar:/home/arian/.gradle/caches/modules-2/files-2.1/org.glassfish.jersey.core/jersey-server/2.25.1/276e2ee0fd1cdabf99357fce560c5baab675b1a2/jersey-server-2.25.1.jar:/home/arian/.gradle/caches/modules-2/files-2.1/org.glassfish.jersey.media/jersey-media-json-jackson/2.25.1/19d1e4276eb7b6386640c344d9e5c01eba7eae5d/jersey-media-json-jackson-2.25.1.jar:/home/arian/.gradle/caches/modules-2/files-2.1/org.glassfish.jersey.core/jersey-client/2.25.1/4d563b1f93352ee9fad597e9e1daf2c6159993c6/jersey-client-2.25.1.jar:/home/arian/.gradle/caches/modules-2/files-2.1/org.glassfish.jersey.media/jersey-media-jaxb/2.25.1/d7da0beeed5614a3bfd882662faec602699e24b/jersey-media-jaxb-2.25.1.jar:/home/arian/.gradle/caches/modules-2/files-2.1/org.glassfish.jersey.core/jersey-common/2.25.1/2438ce68d4907046095ab54aa83a6092951b4bbb/jersey-common-2.25.1.jar:/home/arian/.gradle/caches/modules-2/files-2.1/org.glassfish.hk2/hk2/2.5.0-b32/c3accae585955e49c771d464899e906ecc9ffb4/hk2-2.5.0-b32.jar:/home/arian/.gradle/caches/modules-2/files-2.1/org.glassfish.hk2/config-types/2.5.0-b32/686bbe7f80b1b879d64c06bc6606c97721a795f2/config-types-2.5.0-b32.jar:/home/arian/.gradle/caches/modules-2/files-2.1/org.glassfish.hk2/hk2-config/2.5.0-b32/dce05ac4225dbc0c1c382ad02e3b5bee51f0168a/hk2-config-2.5.0-b32.jar:/home/arian/.gradle/caches/modules-2/files-2.1/org.glassfish.hk2/hk2-core/2.5.0-b32/8cb6a8a9522ec523b7740d29f555bdbe9d936af2/hk2-core-2.5.0-b32.jar:/home/arian/.gradle/caches/modules-2/files-2.1/org.glassfish.hk2/hk2-runlevel/2.5.0-b32/60dc979763ea885e796cba4d3e322af8d500ba74/hk2-runlevel-2.5.0-b32.jar:/home/arian/.gradle/caches/modules-2/files-2.1/org.glassfish.hk2/hk2-locator/2.5.0-b32/195474f8ad0a8d130e9ea949a771bcf1215fc33b/hk2-locator-2.5.0-b32.jar:/home/arian/.gradle/caches/modules-2/files-2.1/org.javassist/javassist/3.20.0-GA/a9cbcdfb7e9f86fbc74d3afae65f2248bfbf82a0/javassist-3.20.0-GA.jar:/home/arian/.gradle/caches/modules-2/files-2.1/org.springframework.boot/spring-boot-starter-security/1.5.8.RELEASE/1f143627e30e74244e83223a5a9347c95a2dafbc/spring-boot-starter-security-1.5.8.RELEASE.jar:/home/arian/.gradle/caches/modules-2/files-2.1/org.springframework.security.oauth/spring-security-oauth2/2.0.14.RELEASE/2359228d52ed5307beb8491764bc751ce60064cb/spring-security-oauth2-2.0.14.RELEASE.jar:/home/arian/.gradle/caches/modules-2/files-2.1/org.springframework.boot/spring-boot-configuration-processor/1.5.8.RELEASE/217b7bde102a9c51c51139ea02f0f99f5d34f799/spring-boot-configuration-processor-1.5.8.RELEASE.jar:/home/arian/.gradle/caches/modules-2/files-2.1/io.jsonwebtoken/jjwt/0.7.0/f042fe2676bfdc2091545152e47d77e11999946d/jjwt-0.7.0.jar:/home/arian/.gradle/caches/modules-2/files-2.1/org.springframework.security/spring-security-cas/4.2.3.RELEASE/344e4a170100a53d9b95a6ec3604a1c4c06b2314/spring-security-cas-4.2.3.RELEASE.jar:/home/arian/.gradle/caches/modules-2/files-2.1/org.springframework.security/spring-security-acl/4.2.3.RELEASE/6f163c19a0de8201ceed6f55eb8f34843e510795/spring-security-acl-4.2.3.RELEASE.jar:/home/arian/.gradle/caches/modules-2/files-2.1/bsf/bsf/2.4.0/658f324024bb473c4d15d18b855676fa817353e9/bsf-2.4.0.jar:/home/arian/.gradle/caches/modules-2/files-2.1/org.springframework.boot/spring-boot-starter-batch/1.5.8.RELEASE/2cf58d2e059afb93ce2fba5a39c664ce2916a858/spring-boot-starter-batch-1.5.8.RELEASE.jar:/home/arian/.gradle/caches/modules-2/files-2.1/org.springframework.boot/spring-boot-starter-actuator/1.5.8.RELEASE/927c40a1af518dc240dfdf7aaf0a9673c3a127c5/spring-boot-starter-actuator-1.5.8.RELEASE.jar:/home/arian/.gradle/caches/modules-2/files-2.1/org.springframework.security/spring-security-ldap/4.2.3.RELEASE/90256301d6147e1bc51bb89583f637c8cc39ae6c/spring-security-ldap-4.2.3.RELEASE.jar:/home/arian/.gradle/caches/modules-2/files-2.1/javax.jdo/jdo-api/3.0.1/58e7a538e020b73871e232eeb064835fd98a492/jdo-api-3.0.1.jar:/home/arian/.gradle/caches/modules-2/files-2.1/com.querydsl/querydsl-core/4.1.4/5a5c4064169db7d56f63edd81f64de00d3add197/querydsl-core-4.1.4.jar:/home/arian/.gradle/caches/modules-2/files-2.1/org.springframework/springloaded/1.2.8.RELEASE/b60bac05b0451cdc1863bfec617f39aa0dcaaa43/springloaded-1.2.8.RELEASE.jar:/home/arian/.gradle/caches/modules-2/files-2.1/org.jetbrains.kotlin/kotlin-stdlib/1.0.6/d19acb6ed49b9c48228c0e5dff8071fce23be4b8/kotlin-stdlib-1.0.6.jar:/home/arian/.gradle/caches/modules-2/files-2.1/org.scala-lang/scala-library/2.11.0/aa8f7553253318c468f90ce58a85f94bd1a224eb/scala-library-2.11.0.jar:/home/arian/.gradle/caches/modules-2/files-2.1/commons-validator/commons-validator/1.6/e989d1e87cdd60575df0765ed5bac65c905d7908/commons-validator-1.6.jar:/home/arian/.gradle/caches/modules-2/files-2.1/commons-io/commons-io/2.5/2852e6e05fbb95076fc091f6d1780f1f8fe35e0f/commons-io-2.5.jar:/home/arian/.gradle/caches/modules-2/files-2.1/org.modelmapper/modelmapper/0.7.5/5bef63ad6fa1008d56d27557e4a7f223fb639678/modelmapper-0.7.5.jar:/home/arian/.gradle/caches/modules-2/files-2.1/org.apache.httpcomponents/httpclient/4.5.3/d1577ae15f01ef5438c5afc62162457c00a34713/httpclient-4.5.3.jar:/home/arian/.gradle/caches/modules-2/files-2.1/org.apache.commons/commons-lang3/3.4/5fe28b9518e58819180a43a850fbc0dd24b7c050/commons-lang3-3.4.jar:/home/arian/.gradle/caches/modules-2/files-2.1/org.springframework.boot/spring-boot-starter-test/1.5.8.RELEASE/20b767f594924b32950286f1236ab7d68ff861f9/spring-boot-starter-test-1.5.8.RELEASE.jar:/home/arian/.gradle/caches/modules-2/files-2.1/org.eclipse.jetty.aggregate/jetty-all/9.2.13.v20150730/2c79fea4f8ce99177a775531e2daf260aa61238/jetty-all-9.2.13.v20150730.jar:/home/arian/.gradle/caches/modules-2/files-2.1/org.springframework.boot/spring-boot-starter-data-mongodb/1.5.8.RELEASE/d6a3761c971691e9a70d8bc33c0158dcf8f06fcf/spring-boot-starter-data-mongodb-1.5.8.RELEASE.jar:/home/arian/.gradle/caches/modules-2/files-2.1/com.h2database/h2/1.4.196/dd0034398d593aa3588c6773faac429bbd9aea0e/h2-1.4.196.jar:/home/arian/.gradle/caches/modules-2/files-2.1/org.springframework.integration/spring-integration-test/4.3.12.RELEASE/f79ffed1a3ff396f3d7e8603fa27a788d82b96ce/spring-integration-test-4.3.12.RELEASE.jar:/home/arian/.gradle/caches/modules-2/files-2.1/org.springframework.security/spring-security-test/4.2.3.RELEASE/f93339f597290d85a596f25a7841b9109b79ced6/spring-security-test-4.2.3.RELEASE.jar:/home/arian/.gradle/caches/modules-2/files-2.1/org.apache.hadoop/hadoop-core/1.0.0/4b35f11f6fe61f10a6861f4f94751031b989e2fd/hadoop-core-1.0.0.jar:/home/arian/.gradle/caches/modules-2/files-2.1/com.sleepycat/je/5.0.73/af8a905a5266e68f9182a1c67a8533b548f57c6e/je-5.0.73.jar:/home/arian/.gradle/caches/modules-2/files-2.1/commons-dbcp/commons-dbcp/1.4/30be73c965cc990b153a100aaaaafcf239f82d39/commons-dbcp-1.4.jar:/home/arian/.gradle/caches/modules-2/files-2.1/org.springframework.data/spring-data-rest-webmvc/2.6.8.RELEASE/50c58b901f47fb43a9dc8e7073e906d533b0d42/spring-data-rest-webmvc-2.6.8.RELEASE.jar:/home/arian/.gradle/caches/modules-2/files-2.1/org.springframework.data/spring-data-rest-core/2.6.8.RELEASE/8eda1a9722d14838bc76191638ee225619bea085/spring-data-rest-core-2.6.8.RELEASE.jar:/home/arian/.gradle/caches/modules-2/files-2.1/org.springframework.hateoas/spring-hateoas/0.23.0.RELEASE/678ffa0798f417a794fea592dc8066e325611919/spring-hateoas-0.23.0.RELEASE.jar:/home/arian/.gradle/caches/modules-2/files-2.1/org.springframework/spring-webmvc/4.3.12.RELEASE/986e5dcd4435e780f6be64f8185eaa51523cf851/spring-webmvc-4.3.12.RELEASE.jar:/home/arian/.gradle/caches/modules-2/files-2.1/org.springframework.data/spring-data-jpa/1.11.8.RELEASE/d674b8407de3d2998c106557fd6a6665de2bc217/spring-data-jpa-1.11.8.RELEASE.jar:/home/arian/.gradle/caches/modules-2/files-2.1/org.springframework.data/spring-data-mongodb/1.10.8.RELEASE/83142e2629ef0db3abc0b13296c6c7f5d2fa9a59/spring-data-mongodb-1.10.8.RELEASE.jar:/home/arian/.gradle/caches/modules-2/files-2.1/org.springframework.data/spring-data-commons/1.13.8.RELEASE/2853e3c38e02d42529f6c8b247d7bace40c25642/spring-data-commons-1.13.8.RELEASE.jar:/home/arian/.gradle/caches/modules-2/files-2.1/org.springframework.plugin/spring-plugin-core/1.2.0.RELEASE/f380e7760032e7d929184f8ad8a33716b75c0657/spring-plugin-core-1.2.0.RELEASE.jar:/home/arian/.gradle/caches/modules-2/files-2.1/org.springframework/spring-orm/4.3.12.RELEASE/47bbe35a92944aeedf06a388098581272f8db9bd/spring-orm-4.3.12.RELEASE.jar:/home/arian/.gradle/caches/modules-2/files-2.1/junit/junit/4.12/2973d150c0dc1fefe998f834810d68f278ea58ec/junit-4.12.jar:/home/arian/.gradle/caches/modules-2/files-2.1/org.springframework/spring-test/4.3.12.RELEASE/825a7ac1014528db722a6cc94cceaef2410cb314/spring-test-4.3.12.RELEASE.jar:/home/arian/.gradle/caches/modules-2/files-2.1/org.springframework.boot/spring-boot-starter-aop/1.5.8.RELEASE/9bc9a40e0718726ed48f6becc509b2d186f1ebcc/spring-boot-starter-aop-1.5.8.RELEASE.jar:/home/arian/.gradle/caches/modules-2/files-2.1/org.springframework.boot/spring-boot-starter-jdbc/1.5.8.RELEASE/fc98631eba9817c920b9ac1c5845214f49637a33/spring-boot-starter-jdbc-1.5.8.RELEASE.jar:/home/arian/.gradle/caches/modules-2/files-2.1/org.springframework.boot/spring-boot-starter-validation/1.5.8.RELEASE/69aade16cb32a9438375bbdea975a4bc9cfd5048/spring-boot-starter-validation-1.5.8.RELEASE.jar:/home/arian/.gradle/caches/modules-2/files-2.1/org.springframework.boot/spring-boot-starter/1.5.8.RELEASE/18048efe1f06569022a53cc3fb2fe9c0162935a3/spring-boot-starter-1.5.8.RELEASE.jar:/home/arian/.gradle/caches/modules-2/files-2.1/org.springframework.boot/spring-boot-starter-tomcat/1.5.8.RELEASE/cf3b7eb7e192a60ab1dd09e4f8bce82710a5feb0/spring-boot-starter-tomcat-1.5.8.RELEASE.jar:/home/arian/.gradle/caches/modules-2/files-2.1/org.hibernate/hibernate-validator/5.3.5.Final/622a9bcef2eed6d41b5b8e0662c36212009e375/hibernate-validator-5.3.5.Final.jar:/home/arian/.gradle/caches/modules-2/files-2.1/org.springframework.boot/spring-boot-actuator/1.5.8.RELEASE/aac530fe877ed91c92831019755c49f29b08e6/spring-boot-actuator-1.5.8.RELEASE.jar:/home/arian/.gradle/caches/modules-2/files-2.1/com.fasterxml.jackson.jaxrs/jackson-jaxrs-json-provider/2.8.4/839366ece31829a19cb15719b2b54a3f9f91148d/jackson-jaxrs-json-provider-2.8.4.jar:/home/arian/.gradle/caches/modules-2/files-2.1/com.fasterxml.jackson.jaxrs/jackson-jaxrs-base/2.8.4/6c0ceb3c9fed2e225b0cc2a45533574df393f606/jackson-jaxrs-base-2.8.4.jar:/home/arian/.gradle/caches/modules-2/files-2.1/com.fasterxml.jackson.module/jackson-module-jaxb-annotations/2.8.4/d2eec7cf6c4284f7d5f0b1a72dc7cfa9d6bb579d/jackson-module-jaxb-annotations-2.8.4.jar:/home/arian/.gradle/caches/modules-2/files-2.1/com.fasterxml.jackson.core/jackson-databind/2.8.10/f7b83cb2bc4b88d53961e749e1ad32f49ef017b7/jackson-databind-2.8.10.jar:/home/arian/.gradle/caches/modules-2/files-2.1/org.springframework.security/spring-security-web/4.2.3.RELEASE/7a03e737484ca232d7146852f06d067ac21427ac/spring-security-web-4.2.3.RELEASE.jar:/home/arian/.gradle/caches/modules-2/files-2.1/org.springframework/spring-web/4.3.12.RELEASE/86c29588cca74d0fc848b194cb13fcdfd12bc990/spring-web-4.3.12.RELEASE.jar:/home/arian/.gradle/caches/modules-2/files-2.1/javax.transaction/javax.transaction-api/1.2/d81aff979d603edd90dcd8db2abc1f4ce6479e3e/javax.transaction-api-1.2.jar:/home/arian/.gradle/caches/modules-2/files-2.1/org.springframework/spring-aspects/4.3.12.RELEASE/b0002bfdd0d58f09fc178afc5f2d0553ff117840/spring-aspects-4.3.12.RELEASE.jar:/home/arian/.gradle/caches/modules-2/files-2.1/org.springframework.batch/spring-batch-core/3.0.8.RELEASE/5116a8aec6959f869cd78e779a153e2d43084097/spring-batch-core-3.0.8.RELEASE.jar:/home/arian/.gradle/caches/modules-2/files-2.1/org.springframework.security/spring-security-config/4.2.3.RELEASE/9f3771903616e33521836fd999d63efbfebf90d/spring-security-config-4.2.3.RELEASE.jar:/home/arian/.gradle/caches/modules-2/files-2.1/org.springframework.security/spring-security-core/4.2.3.RELEASE/5c0e47a47036c94d6fdd02696bf52be6d1adbd4d/spring-security-core-4.2.3.RELEASE.jar:/home/arian/.gradle/caches/modules-2/files-2.1/org.springframework/spring-messaging/4.3.11.RELEASE/1e99d0fcc51044594c1ffb484b997dcd864241f6/spring-messaging-4.3.11.RELEASE.jar:/home/arian/.gradle/caches/modules-2/files-2.1/org.springframework.boot/spring-boot-test-autoconfigure/1.5.8.RELEASE/a8f986cc4b6ecef1417fe50c20984f12f54d15cc/spring-boot-test-autoconfigure-1.5.8.RELEASE.jar:/home/arian/.gradle/caches/modules-2/files-2.1/org.springframework.boot/spring-boot-test/1.5.8.RELEASE/17dedee86d1a9e9bd409d715fd90650ca1049659/spring-boot-test-1.5.8.RELEASE.jar:/home/arian/.gradle/caches/modules-2/files-2.1/org.springframework.boot/spring-boot-autoconfigure/1.5.8.RELEASE/e4f2efa4c319f4e3613d94fbccfdb5ccda6873e3/spring-boot-autoconfigure-1.5.8.RELEASE.jar:/home/arian/.gradle/caches/modules-2/files-2.1/org.springframework.boot/spring-boot/1.5.8.RELEASE/748ebde51761e12627ad23d064024f342b18f9b4/spring-boot-1.5.8.RELEASE.jar:/home/arian/.gradle/caches/modules-2/files-2.1/org.glassfish.hk2/spring-bridge/2.5.0-b32/f38ecef23edc769942a95c062efd63541044de42/spring-bridge-2.5.0-b32.jar:/home/arian/.gradle/caches/modules-2/files-2.1/org.springframework.batch/spring-batch-infrastructure/3.0.8.RELEASE/da7e2007ac847c7906987c4faa3c899138ab436c/spring-batch-infrastructure-3.0.8.RELEASE.jar:/home/arian/.gradle/caches/modules-2/files-2.1/org.springframework.retry/spring-retry/1.1.0.RELEASE/f7e1ec1fd7c8fcaca490fd298c5b3fe711cb5ed9/spring-retry-1.1.0.RELEASE.jar:/home/arian/.gradle/caches/modules-2/files-2.1/org.springframework/spring-context/4.3.12.RELEASE/5e6d26f36636f36b7efec1d6a0c5991284fbd95b/spring-context-4.3.12.RELEASE.jar:/home/arian/.gradle/caches/modules-2/files-2.1/org.springframework/spring-aop/4.3.12.RELEASE/b3fef085902993c2ef874c45c7bfd79296d5a5a4/spring-aop-4.3.12.RELEASE.jar:/home/arian/.gradle/caches/modules-2/files-2.1/org.springframework/spring-jdbc/4.3.12.RELEASE/5c840abbdc1a1dfd0f79c4a4c25eac0c98e6af22/spring-jdbc-4.3.12.RELEASE.jar:/home/arian/.gradle/caches/modules-2/files-2.1/org.springframework/spring-tx/4.3.12.RELEASE/7147b6839b2bf9db3621b79c73b4dddbe69572b6/spring-tx-4.3.12.RELEASE.jar:/home/arian/.gradle/caches/modules-2/files-2.1/org.springframework/spring-beans/4.3.12.RELEASE/547dd432d47d0f01d9ccbedc4b705f9f7c1240a/spring-beans-4.3.12.RELEASE.jar:/home/arian/.gradle/caches/modules-2/files-2.1/org.springframework/spring-expression/4.3.12.RELEASE/790f69f6ad7f9da8d4a92c603ad7244c398c8309/spring-expression-4.3.12.RELEASE.jar:/home/arian/.gradle/caches/modules-2/files-2.1/org.springframework/spring-core/4.3.12.RELEASE/4cebc69478c6d350dbd5af28e3db7d5694f416e3/spring-core-4.3.12.RELEASE.jar:/home/arian/.gradle/caches/modules-2/files-2.1/net.java.dev.jets3t/jets3t/0.7.1/2d10b62398360c674b4039ea4f2d1c697f46f6cd/jets3t-0.7.1.jar:/home/arian/.gradle/caches/modules-2/files-2.1/commons-httpclient/commons-httpclient/3.1/964cd74171f427720480efdec40a7c7f6e58426a/commons-httpclient-3.1.jar:/home/arian/.gradle/caches/modules-2/files-2.1/commons-codec/commons-codec/1.9/9ce04e34240f674bc72680f8b843b1457383161a/commons-codec-1.9.jar:/home/arian/.gradle/caches/modules-2/files-2.1/org.codehaus.jackson/jackson-mapper-asl/1.9.13/1ee2f2bed0e5dd29d1cb155a166e6f8d50bbddb7/jackson-mapper-asl-1.9.13.jar:/home/arian/.gradle/caches/modules-2/files-2.1/org.skyscreamer/jsonassert/1.4.0/9cdbb373a06f6513e51e8c545ee6a5e981463edb/jsonassert-1.4.0.jar:/home/arian/.gradle/caches/modules-2/files-2.1/com.vaadin.external.google/android-json/0.0.20131108.vaadin1/fa26d351fe62a6a17f5cda1287c1c6110dec413f/android-json-0.0.20131108.vaadin1.jar:/home/arian/.gradle/caches/modules-2/files-2.1/org.jasig.cas.client/cas-client-core/3.4.1/a000397061c6c02fd695c706430ccbf439843008/cas-client-core-3.4.1.jar:/home/arian/.gradle/caches/modules-2/files-2.1/aopalliance/aopalliance/1.0/235ba8b489512805ac13a8f9ea77a1ca5ebe3e8/aopalliance-1.0.jar:/home/arian/.gradle/caches/modules-2/files-2.1/commons-configuration/commons-configuration/1.6/32cadde23955d7681b0d94a2715846d20b425235/commons-configuration-1.6.jar:/home/arian/.gradle/caches/modules-2/files-2.1/commons-el/commons-el/1.0/1df2c042b3f2de0124750241ac6c886dbfa2cc2c/commons-el-1.0.jar:/home/arian/.gradle/caches/modules-2/files-2.1/commons-beanutils/commons-beanutils-core/1.8.0/175dc721f87e4bc5cc0573f990e28c3cf9117508/commons-beanutils-core-1.8.0.jar:/home/arian/.gradle/caches/modules-2/files-2.1/commons-digester/commons-digester/1.8.1/3dec9b9c7ea9342d4dbe8c38560080d85b44a015/commons-digester-1.8.1.jar:/home/arian/.gradle/caches/modules-2/files-2.1/commons-beanutils/commons-beanutils/1.9.2/7a87d845ad3a155297e8f67d9008f4c1e5656b71/commons-beanutils-1.9.2.jar:/home/arian/.gradle/caches/modules-2/files-2.1/commons-logging/commons-logging/1.2/4bfc12adfe4842bf07b657f0369c4cb522955686/commons-logging-1.2.jar:/home/arian/.gradle/caches/modules-2/files-2.1/org.springframework.ldap/spring-ldap-core/2.2.0.RELEASE/45f2838f37854bbdb868323918ba6783dd3c30cf/spring-ldap-core-2.2.0.RELEASE.jar:/home/arian/.gradle/caches/modules-2/files-2.1/javax.transaction/jta/1.1/2ca09f0b36ca7d71b762e14ea2ff09d5eac57558/jta-1.1.jar:/home/arian/.gradle/caches/modules-2/files-2.1/com.google.guava/guava/18.0/cce0823396aa693798f8882e64213b1772032b09/guava-18.0.jar:/home/arian/.gradle/caches/modules-2/files-2.1/com.google.code.findbugs/jsr305/1.3.9/40719ea6961c0cb6afaeb6a921eaa1f6afd4cfdf/jsr305-1.3.9.jar:/home/arian/.gradle/caches/modules-2/files-2.1/com.mysema.commons/mysema-commons-lang/0.2.4/d09c8489d54251a6c22fbce804bdd4a070557317/mysema-commons-lang-0.2.4.jar:/home/arian/.gradle/caches/modules-2/files-2.1/com.infradna.tool/bridge-method-annotation/1.13/18cdce50cde6f54ee5390d0907384f72183ff0fe/bridge-method-annotation-1.13.jar:/home/arian/.gradle/caches/modules-2/files-2.1/com.fasterxml.jackson.core/jackson-annotations/2.8.10/5e924646d6f893bc9036939c5f2b4ecaee85e5da/jackson-annotations-2.8.10.jar:/home/arian/.gradle/caches/modules-2/files-2.1/org.jetbrains.kotlin/kotlin-runtime/1.0.6/3562c66f648480d3bd4f76cff722488ced13445b/kotlin-runtime-1.0.6.jar:/home/arian/.gradle/caches/modules-2/files-2.1/commons-collections/commons-collections/3.2.2/8ad72fe39fa8c91eaaf12aadb21e0c3661fe26d5/commons-collections-3.2.2.jar:/home/arian/.gradle/caches/modules-2/files-2.1/org.apache.httpcomponents/httpcore/4.4.6/e3fd8ced1f52c7574af952e2e6da0df8df08eb82/httpcore-4.4.6.jar:/home/arian/.gradle/caches/modules-2/files-2.1/com.jayway.jsonpath/json-path/2.2.0/22290d17944bd239fabf5ac69005a60a7ecbbbcb/json-path-2.2.0.jar:/home/arian/.gradle/caches/modules-2/files-2.1/org.assertj/assertj-core/2.6.0/b532c3fc4f66bcfee4989a3514f1cd56203a33ad/assertj-core-2.6.0.jar:/home/arian/.gradle/caches/modules-2/files-2.1/org.mockito/mockito-core/1.10.19/e8546f5bef4e061d8dd73895b4e8f40e3fe6effe/mockito-core-1.10.19.jar:/home/arian/.gradle/caches/modules-2/files-2.1/org.hamcrest/hamcrest-library/1.3/4785a3c21320980282f9f33d0d1264a69040538f/hamcrest-library-1.3.jar:/home/arian/.gradle/caches/modules-2/files-2.1/org.hamcrest/hamcrest-core/1.3/42a25dc3219429f0e5d060061f71acb49bf010a0/hamcrest-core-1.3.jar:/home/arian/.gradle/caches/modules-2/files-2.1/javax.websocket/javax.websocket-api/1.0/fc843b649d4a1dcb0497669d262befa3918c7ba8/javax.websocket-api-1.0.jar:/home/arian/.gradle/caches/modules-2/files-2.1/javax.servlet/javax.servlet-api/3.1.0/3cd63d075497751784b2fa84be59432f4905bf7c/javax.servlet-api-3.1.0.jar:/home/arian/.gradle/caches/modules-2/files-2.1/org.mongodb/mongodb-driver/3.4.3/a1c708919fdca8da4a527cb4ea9df30f8db9993b/mongodb-driver-3.4.3.jar:/home/arian/.gradle/caches/modules-2/files-2.1/org.hamcrest/hamcrest-all/1.3/63a21ebc981131004ad02e0434e799fd7f3a8d5a/hamcrest-all-1.3.jar:/home/arian/.gradle/caches/modules-2/files-2.1/commons-cli/commons-cli/1.2/2bf96b7aa8b611c177d329452af1dc933e14501c/commons-cli-1.2.jar:/home/arian/.gradle/caches/modules-2/files-2.1/xmlenc/xmlenc/0.52/d82554efbe65906d83b3d97bd7509289e9db561a/xmlenc-0.52.jar:/home/arian/.gradle/caches/modules-2/files-2.1/org.apache.commons/commons-math/2.1/b3c4bdc2778ddccceb8da2acec3e37bfa41303e9/commons-math-2.1.jar:/home/arian/.gradle/caches/modules-2/files-2.1/commons-net/commons-net/1.4.1/abb932adb2c10790c1eaa4365d3ac2a1ac7cb700/commons-net-1.4.1.jar:/home/arian/.gradle/caches/modules-2/files-2.1/org.mortbay.jetty/jetty/6.1.26/2f546e289fddd5b1fab1d4199fbb6e9ef43ee4b0/jetty-6.1.26.jar:/home/arian/.gradle/caches/modules-2/files-2.1/org.mortbay.jetty/jetty-util/6.1.26/e5642fe0399814e1687d55a3862aa5a3417226a9/jetty-util-6.1.26.jar:/home/arian/.gradle/caches/modules-2/files-2.1/tomcat/jasper-runtime/5.5.12/f3a50a55414655b9843f5a089923ea83d49dc55e/jasper-runtime-5.5.12.jar:/home/arian/.gradle/caches/modules-2/files-2.1/tomcat/jasper-compiler/5.5.12/c594866c64565344c0e7bdc9bf4fee70290c4dd5/jasper-compiler-5.5.12.jar:/home/arian/.gradle/caches/modules-2/files-2.1/org.mortbay.jetty/jsp-2.1/6.1.14/3a1df1e8e0fa56e9a940abbd19bc6f397fce16b5/jsp-2.1-6.1.14.jar:/home/arian/.gradle/caches/modules-2/files-2.1/org.mortbay.jetty/jsp-api-2.1/6.1.14/756b3fac155e31bd0e85545dbf953495e0455c73/jsp-api-2.1-6.1.14.jar:/home/arian/.gradle/caches/modules-2/files-2.1/net.sf.kosmosfs/kfs/0.3/20fcbc065182bdcd706c90a2eb383ae70eb5b223/kfs-0.3.jar:/home/arian/.gradle/caches/modules-2/files-2.1/hsqldb/hsqldb/1.8.0.10/7e9978fdb754bce5fcd5161133e7734ecb683036/hsqldb-1.8.0.10.jar:/home/arian/.gradle/caches/modules-2/files-2.1/oro/oro/2.0.8/5592374f834645c4ae250f4c9fbb314c9369d698/oro-2.0.8.jar:/home/arian/.gradle/caches/modules-2/files-2.1/org.eclipse.jdt/core/3.1.1/88c83ce444cf46d02494da37c9fa1eebc9ce9cea/core-3.1.1.jar:/home/arian/.gradle/caches/modules-2/files-2.1/commons-pool/commons-pool/1.5.4/75b6e20c596ed2945a259cea26d7fadd298398e6/commons-pool-1.5.4.jar:/home/arian/.gradle/caches/modules-2/files-2.1/org.springframework.boot/spring-boot-starter-logging/1.5.8.RELEASE/ebc00a0e46753d90431fdcc5e3d6b9fd3bf1564a/spring-boot-starter-logging-1.5.8.RELEASE.jar:/home/arian/.gradle/caches/modules-2/files-2.1/org.slf4j/jcl-over-slf4j/1.7.25/f8c32b13ff142a513eeb5b6330b1588dcb2c0461/jcl-over-slf4j-1.7.25.jar:/home/arian/.gradle/caches/modules-2/files-2.1/ch.qos.logback/logback-classic/1.1.11/ccedfbacef4a6515d2983e3f89ed753d5d4fb665/logback-classic-1.1.11.jar:/home/arian/.gradle/caches/modules-2/files-2.1/org.slf4j/jul-to-slf4j/1.7.25/af5364cd6679bfffb114f0dec8a157aaa283b76/jul-to-slf4j-1.7.25.jar:/home/arian/.gradle/caches/modules-2/files-2.1/org.slf4j/log4j-over-slf4j/1.7.25/a87bb47468f47ee7aabbd54f93e133d4215769c3/log4j-over-slf4j-1.7.25.jar:/home/arian/.gradle/caches/modules-2/files-2.1/org.slf4j/slf4j-api/1.7.25/da76ca59f6a57ee3102f8f9bd9cee742973efa8a/slf4j-api-1.7.25.jar:/home/arian/.gradle/caches/modules-2/files-2.1/org.atteo/evo-inflector/1.2.2/2551aad98d65ac5464d81fe05f0e1516cfe471c9/evo-inflector-1.2.2.jar:/home/arian/.gradle/caches/modules-2/files-2.1/org.yaml/snakeyaml/1.17/7a27ea250c5130b2922b86dea63cbb1cc10a660c/snakeyaml-1.17.jar:/home/arian/.gradle/caches/modules-2/files-2.1/org.apache.tomcat.embed/tomcat-embed-websocket/8.5.23/52f07abcae10dc7e1764304b0877def175c2c833/tomcat-embed-websocket-8.5.23.jar:/home/arian/.gradle/caches/modules-2/files-2.1/org.apache.tomcat.embed/tomcat-embed-core/8.5.23/79261793a47f507890ee08f749b9d81774e4f7f0/tomcat-embed-core-8.5.23.jar:/home/arian/.gradle/caches/modules-2/files-2.1/org.apache.tomcat.embed/tomcat-embed-el/8.5.23/98d979cde444dffa6d434c8377d0123b2dfa614c/tomcat-embed-el-8.5.23.jar:/home/arian/.gradle/caches/modules-2/files-2.1/javax.validation/validation-api/1.1.0.Final/8613ae82954779d518631e05daa73a6a954817d5/validation-api-1.1.0.Final.jar:/home/arian/.gradle/caches/modules-2/files-2.1/org.hibernate.common/hibernate-commons-annotations/5.0.1.Final/71e1cff3fcb20d3b3af4f3363c3ddb24d33c6879/hibernate-commons-annotations-5.0.1.Final.jar:/home/arian/.gradle/caches/modules-2/files-2.1/org.jboss.logging/jboss-logging/3.3.0.Final/3616bb87707910296e2c195dc016287080bba5af/jboss-logging-3.3.0.Final.jar:/home/arian/.gradle/caches/modules-2/files-2.1/com.fasterxml/classmate/1.3.1/2ad2fd09dcf5607ca96f8ef432096a96986c40a/classmate-1.3.1.jar:/home/arian/.gradle/caches/modules-2/files-2.1/org.aspectj/aspectjweaver/1.8.11/9807e0e13c8a295f15882721db50fa3d142c44a9/aspectjweaver-1.8.11.jar:/home/arian/.gradle/caches/modules-2/files-2.1/org.apache.tomcat/tomcat-jdbc/8.5.23/6036400a8f2d90dd3ae3a4d09e5136c56002887b/tomcat-jdbc-8.5.23.jar:/home/arian/.gradle/caches/modules-2/files-2.1/org.hibernate.javax.persistence/hibernate-jpa-2.1-api/1.0.0.Final/5e731d961297e5a07290bfaf3db1fbc8bbbf405a/hibernate-jpa-2.1-api-1.0.0.Final.jar:/home/arian/.gradle/caches/modules-2/files-2.1/antlr/antlr/2.7.7/83cd2cd674a217ade95a4bb83a8a14f351f48bd0/antlr-2.7.7.jar:/home/arian/.gradle/caches/modules-2/files-2.1/org.jboss/jandex/2.0.0.Final/3e899258936f94649c777193e1be846387ed54b3/jandex-2.0.0.Final.jar:/home/arian/.gradle/caches/modules-2/files-2.1/dom4j/dom4j/1.6.1/5d3ccc056b6f056dbf0dddfdf43894b9065a8f94/dom4j-1.6.1.jar:/home/arian/.gradle/caches/modules-2/files-2.1/com.ibm.jbatch/com.ibm.jbatch-tck-spi/1.0/8ac869b0a60bff1a15eba0fb6398942410396938/com.ibm.jbatch-tck-spi-1.0.jar:/home/arian/.gradle/caches/modules-2/files-2.1/com.thoughtworks.xstream/xstream/1.4.7/bce3282142b63068260f021fcbe48b72e8d71a1a/xstream-1.4.7.jar:/home/arian/.gradle/caches/modules-2/files-2.1/org.codehaus.jettison/jettison/1.2/765a6181653f4b05c18c7a9e8f5c1f8269bf9b2/jettison-1.2.jar:/home/arian/.gradle/caches/modules-2/files-2.1/org.glassfish.jersey.ext/jersey-entity-filtering/2.25.1/4a5805060f796ec2c9bb1ba0ce91c1db6d889524/jersey-entity-filtering-2.25.1.jar:/home/arian/.gradle/caches/modules-2/files-2.1/javax.ws.rs/javax.ws.rs-api/2.0.1/104e9c2b5583cfcfeac0402316221648d6d8ea6b/javax.ws.rs-api-2.0.1.jar:/home/arian/.gradle/caches/modules-2/files-2.1/javax.annotation/javax.annotation-api/1.2/479c1e06db31c432330183f5cae684163f186146/javax.annotation-api-1.2.jar:/home/arian/.gradle/caches/modules-2/files-2.1/org.glassfish.hk2/hk2-api/2.5.0-b32/6a576c9653832ce610b80a2f389374ef19d96171/hk2-api-2.5.0-b32.jar:/home/arian/.gradle/caches/modules-2/files-2.1/org.glassfish.hk2.external/javax.inject/2.5.0-b32/b2fa50c8186a38728c35fe6a9da57ce4cc806923/javax.inject-2.5.0-b32.jar:/home/arian/.gradle/caches/modules-2/files-2.1/net.minidev/json-smart/2.2.1/5b9e5df7a62d1279b70dc882b041d249c4f0b002/json-smart-2.2.1.jar:/home/arian/.gradle/caches/modules-2/files-2.1/org.objenesis/objenesis/2.1/87c0ea803b69252868d09308b4618f766f135a96/objenesis-2.1.jar:/home/arian/.gradle/caches/modules-2/files-2.1/org.mongodb/mongodb-driver-core/3.4.3/c588da4e7b4ac9330e58d4d5b414508ccb14367b/mongodb-driver-core-3.4.3.jar:/home/arian/.gradle/caches/modules-2/files-2.1/org.mongodb/bson/3.4.3/83a9328ce8ffbdf29f4b46b531012427983ad3ec/bson-3.4.3.jar:/home/arian/.gradle/caches/modules-2/files-2.1/commons-lang/commons-lang/2.4/16313e02a793435009f1e458fa4af5d879f6fb11/commons-lang-2.4.jar:/home/arian/.gradle/caches/modules-2/files-2.1/org.mortbay.jetty/servlet-api/2.5-20081211/22bff70037e1e6fa7e6413149489552ee2064702/servlet-api-2.5-20081211.jar:/home/arian/.gradle/caches/modules-2/files-2.1/org.mortbay.jetty/servlet-api-2.5/6.1.14/5f07601ab7d7c85dd9e38a17c0e1b0edfbd4a191/servlet-api-2.5-6.1.14.jar:/home/arian/.gradle/caches/modules-2/files-2.1/ant/ant/1.6.5/7d18faf23df1a5c3a43613952e0e8a182664564b/ant-1.6.5.jar:/home/arian/.gradle/caches/modules-2/files-2.1/org.apache.tomcat/tomcat-annotations-api/8.5.23/aaf17df9fe0240e9e9d5375d24d5f177174b73d9/tomcat-annotations-api-8.5.23.jar:/home/arian/.gradle/caches/modules-2/files-2.1/org.apache.tomcat/tomcat-juli/8.5.23/98e7f0610b7b2fb8303f11be0210e3f5a56a7d55/tomcat-juli-8.5.23.jar:/home/arian/.gradle/caches/modules-2/files-2.1/xml-apis/xml-apis/1.0.b2/3136ca936f64c9d68529f048c2618bd356bf85c9/xml-apis-1.0.b2.jar:/home/arian/.gradle/caches/modules-2/files-2.1/javax.batch/javax.batch-api/1.0/65392d027a6eb369fd9fcd1b75cae150e25ac03c/javax.batch-api-1.0.jar:/home/arian/.gradle/caches/modules-2/files-2.1/xmlpull/xmlpull/1.1.3.1/2b8e230d2ab644e4ecaa94db7cdedbc40c805dfa/xmlpull-1.1.3.1.jar:/home/arian/.gradle/caches/modules-2/files-2.1/xpp3/xpp3_min/1.1.4c/19d4e90b43059058f6e056f794f0ea4030d60b86/xpp3_min-1.1.4c.jar:/home/arian/.gradle/caches/modules-2/files-2.1/org.glassfish.jersey.bundles.repackaged/jersey-guava/2.25.1/a2bb4f8208e134cf2cf71dfb8824e42942f7bd06/jersey-guava-2.25.1.jar:/home/arian/.gradle/caches/modules-2/files-2.1/org.glassfish.hk2/osgi-resource-locator/1.0.1/4ed2b2d4738aed5786cfa64cba5a332779c4c708/osgi-resource-locator-1.0.1.jar:/home/arian/.gradle/caches/modules-2/files-2.1/org.glassfish.hk2/hk2-utils/2.5.0-b32/5108a926988c4ceda7f1e681dddfe3101454a002/hk2-utils-2.5.0-b32.jar:/home/arian/.gradle/caches/modules-2/files-2.1/org.glassfish.hk2.external/aopalliance-repackaged/2.5.0-b32/6af37c3f8ec6f9e9653ec837eb508da28ce443cd/aopalliance-repackaged-2.5.0-b32.jar:/home/arian/.gradle/caches/modules-2/files-2.1/org.glassfish.hk2/class-model/2.5.0-b32/17f054f3e91898c0c0fc52163ad904b13c24e8b/class-model-2.5.0-b32.jar:/home/arian/.gradle/caches/modules-2/files-2.1/com.fasterxml.jackson.core/jackson-core/2.8.10/eb21a035c66ad307e66ec8fce37f5d50fd62d039/jackson-core-2.8.10.jar:/home/arian/.gradle/caches/modules-2/files-2.1/net.minidev/accessors-smart/1.1/a527213f2fea112a04c9bdf0ec0264e34104cd08/accessors-smart-1.1.jar:/home/arian/.gradle/caches/modules-2/files-2.1/ch.qos.logback/logback-core/1.1.11/88b8df40340eed549fb07e2613879bf6b006704d/logback-core-1.1.11.jar:/home/arian/.gradle/caches/modules-2/files-2.1/javax.inject/javax.inject/1/6975da39a7040257bd51d21a231b76c915872d38/javax.inject-1.jar:/home/arian/.gradle/caches/modules-2/files-2.1/org.glassfish.hk2.external/asm-all-repackaged/2.5.0-b32/dc705f1d54cd5a96cbc5a473525e75ef1cb59a9e/asm-all-repackaged-2.5.0-b32.jar:/home/arian/.gradle/caches/modules-2/files-2.1/org.ow2.asm/asm/5.0.3/dcc2193db20e19e1feca8b1240dbbc4e190824fa/asm-5.0.3.jar:/home/arian/.gradle/caches/modules-2/files-2.1/org.codehaus.jackson/jackson-core-asl/1.9.13/3c304d70f42f832e0a86d45bd437f692129299a4/jackson-core-asl-1.9.13.jar, user.name=arian, java.vm.specification.version=1.8, sun.java.command=worker.org.gradle.process.internal.worker.GradleWorkerMain 'Gradle Test Executor 76', java.home=/usr/lib/jvm/jdk1.8.0_111/jre, sun.arch.data.model=64, user.language=en, java.specification.vendor=Oracle Corporation, awt.toolkit=sun.awt.X11.XToolkit, java.vm.info=mixed mode, java.version=1.8.0_111, java.ext.dirs=/usr/lib/jvm/jdk1.8.0_111/jre/lib/ext:/usr/java/packages/lib/ext, sun.boot.class.path=/usr/lib/jvm/jdk1.8.0_111/jre/lib/resources.jar:/usr/lib/jvm/jdk1.8.0_111/jre/lib/rt.jar:/usr/lib/jvm/jdk1.8.0_111/jre/lib/sunrsasign.jar:/usr/lib/jvm/jdk1.8.0_111/jre/lib/jsse.jar:/usr/lib/jvm/jdk1.8.0_111/jre/lib/jce.jar:/usr/lib/jvm/jdk1.8.0_111/jre/lib/charsets.jar:/usr/lib/jvm/jdk1.8.0_111/jre/lib/jfr.jar:/usr/lib/jvm/jdk1.8.0_111/jre/classes, java.vendor=Oracle Corporation, org.gradle.test.worker=76, file.separator=/, java.vendor.url.bug=http://bugreport.sun.com/bugreport/, sun.io.unicode.encoding=UnicodeLittle, sun.cpu.endian=little, sun.desktop=gnome, sun.cpu.isalist=}}, SystemEnvironmentPropertySource@27428840 {name='systemEnvironment', properties={PATH=/home/arian/.sdkman/candidates/gradle/current/bin:/home/arian/bin:/home/arian/.local/bin:/usr/local/sbin:/usr/local/bin:/usr/sbin:/usr/bin:/sbin:/bin:/usr/games:/usr/local/games:/snap/bin:/usr/lib/jvm/java-8-oracle/bin:/usr/lib/jvm/java-8-oracle/db/bin:/usr/lib/jvm/java-8-oracle/jre/bin:/usr/lib/jvm/jdk1.8.0_111/jre/bin:/usr/lib/jvm/jdk1.8.0_111/jre/bin:/usr/lib/jvm/jdk1.8.0_111/jre/bin, XAUTHORITY=/home/arian/.Xauthority, SDKMAN_VERSION=5.5.13+272, XMODIFIERS=@im=ibus, XDG_DATA_DIRS=/usr/share/ubuntu:/usr/share/gnome:/usr/local/share/:/usr/share/:/var/lib/snapd/desktop, GDMSESSION=ubuntu, MANDATORY_PATH=/usr/share/gconf/ubuntu.mandatory.path, GTK_IM_MODULE=ibus, DBUS_SESSION_BUS_ADDRESS=unix:abstract=/tmp/dbus-FToFMEX2A7, DEFAULTS_PATH=/usr/share/gconf/ubuntu.default.path, XDG_CURRENT_DESKTOP=Unity, UPSTART_SESSION=unix:abstract=/com/ubuntu/upstart-session/1000/1070, QT4_IM_MODULE=xim, SDKMAN_DIR=/home/arian/.sdkman, QT_LINUX_ACCESSIBILITY_ALWAYS_ON=1, LOGNAME=arian, JOB=unity-settings-daemon, PWD=/home/arian/workspace/cut-costs, DERBY_HOME=/usr/lib/jvm/java-8-oracle/db, IM_CONFIG_PHASE=1, LANGUAGE=en_CA:en, WINDOWID=58770162, SHELL=/bin/bash, LESSOPEN=| /usr/bin/lesspipe %s, INSTANCE=, GTK2_MODULES=overlay-scrollbar, J2SDKDIR=/usr/lib/jvm/java-8-oracle, OLDPWD=/home/arian/workspace/cut-costs, UPSTART_INSTANCE=, GNOME_DESKTOP_SESSION_ID=this-is-deprecated, GTK_MODULES=gail:atk-bridge:unity-gtk-module, J2REDIR=/usr/lib/jvm/java-8-oracle/jre, CLUTTER_IM_MODULE=xim, XDG_SESSION_PATH=/org/freedesktop/DisplayManager/Session0, COMPIZ_BIN_PATH=/usr/bin/, SESSIONTYPE=gnome-session, XDG_SESSION_DESKTOP=ubuntu, LS_COLORS=rs=0:di=01;34:ln=01;36:mh=00:pi=40;33:so=01;35:do=01;35:bd=40;33;01:cd=40;33;01:or=40;31;01:mi=00:su=37;41:sg=30;43:ca=30;41:tw=30;42:ow=34;42:st=37;44:ex=01;32:*.tar=01;31:*.tgz=01;31:*.arc=01;31:*.arj=01;31:*.taz=01;31:*.lha=01;31:*.lz4=01;31:*.lzh=01;31:*.lzma=01;31:*.tlz=01;31:*.txz=01;31:*.tzo=01;31:*.t7z=01;31:*.zip=01;31:*.z=01;31:*.Z=01;31:*.dz=01;31:*.gz=01;31:*.lrz=01;31:*.lz=01;31:*.lzo=01;31:*.xz=01;31:*.bz2=01;31:*.bz=01;31:*.tbz=01;31:*.tbz2=01;31:*.tz=01;31:*.deb=01;31:*.rpm=01;31:*.jar=01;31:*.war=01;31:*.ear=01;31:*.sar=01;31:*.rar=01;31:*.alz=01;31:*.ace=01;31:*.zoo=01;31:*.cpio=01;31:*.7z=01;31:*.rz=01;31:*.cab=01;31:*.jpg=01;35:*.jpeg=01;35:*.gif=01;35:*.bmp=01;35:*.pbm=01;35:*.pgm=01;35:*.ppm=01;35:*.tga=01;35:*.xbm=01;35:*.xpm=01;35:*.tif=01;35:*.tiff=01;35:*.png=01;35:*.svg=01;35:*.svgz=01;35:*.mng=01;35:*.pcx=01;35:*.mov=01;35:*.mpg=01;35:*.mpeg=01;35:*.m2v=01;35:*.mkv=01;35:*.webm=01;35:*.ogm=01;35:*.mp4=01;35:*.m4v=01;35:*.mp4v=01;35:*.vob=01;35:*.qt=01;35:*.nuv=01;35:*.wmv=01;35:*.asf=01;35:*.rm=01;35:*.rmvb=01;35:*.flc=01;35:*.avi=01;35:*.fli=01;35:*.flv=01;35:*.gl=01;35:*.dl=01;35:*.xcf=01;35:*.xwd=01;35:*.yuv=01;35:*.cgm=01;35:*.emf=01;35:*.ogv=01;35:*.ogx=01;35:*.aac=00;36:*.au=00;36:*.flac=00;36:*.m4a=00;36:*.mid=00;36:*.midi=00;36:*.mka=00;36:*.mp3=00;36:*.mpc=00;36:*.ogg=00;36:*.ra=00;36:*.wav=00;36:*.oga=00;36:*.opus=00;36:*.spx=00;36:*.xspf=00;36:, SDKMAN_CURRENT_API=https://api.sdkman.io/2, SHLVL=1, LESSCLOSE=/usr/bin/lesspipe %s %s, COMPIZ_CONFIG_PROFILE=ubuntu, QT_IM_MODULE=ibus, UPSTART_JOB=unity7, JAVA_HOME=/usr/lib/jvm/jdk1.8.0_111/jre, TERM=xterm-256color, XFILESEARCHPATH=/usr/dt/app-defaults/%L/Dt, XDG_CONFIG_DIRS=/etc/xdg/xdg-ubuntu:/usr/share/upstart/xdg:/etc/xdg, GNOME_KEYRING_CONTROL=, LANG=en_CA.UTF-8, XDG_SEAT_PATH=/org/freedesktop/DisplayManager/Seat0, XDG_SESSION_ID=c1, XDG_SESSION_TYPE=x11, GRADLE_HOME=/home/arian/.sdkman/candidates/gradle/current, DISPLAY=:0, DATABASE_URL=mysql://root:password@localhost:3306/cutcostsdb?useSSL=false, SDKMAN_CANDIDATES_DIR=/home/arian/.sdkman/candidates, _=./gradlew, SDKMAN_LEGACY_API=https://api.sdkman.io/1, GDM_LANG=en_CA, XDG_GREETER_DATA_DIR=/var/lib/lightdm-data/arian, UPSTART_EVENTS=xsession started, CATALINA_HOME=/opt/apache-tomcat, GPG_AGENT_INFO=/home/arian/.gnupg/S.gpg-agent:0:1, DESKTOP_SESSION=ubuntu, SESSION=ubuntu, SDKMAN_PLATFORM=Linux64, USER=arian, VTE_VERSION=4205, QT_ACCESSIBILITY=1, SSH_AUTH_SOCK=/run/user/1000/keyring/ssh, XDG_SEAT=seat0, NLSPATH=/usr/dt/lib/nls/msg/%L/%N.cat, QT_QPA_PLATFORMTHEME=appmenu-qt5, XDG_VTNR=7, XDG_RUNTIME_DIR=/run/user/1000, HOME=/home/arian, GNOME_KEYRING_PID=}}]
15:27:14.750 [Test worker] DEBUG org.springframework.core.io.support.PathMatchingResourcePatternResolver - Resolved classpath location [com/boot/cut_costs/controller/] to resources [URL [file:/home/arian/workspace/cut-costs/build/classes/java/test/com/boot/cut_costs/controller/], URL [file:/home/arian/workspace/cut-costs/build/classes/java/main/com/boot/cut_costs/controller/]]
15:27:14.751 [Test worker] DEBUG org.springframework.core.io.support.PathMatchingResourcePatternResolver - Looking for matching resources in directory tree [/home/arian/workspace/cut-costs/build/classes/java/test/com/boot/cut_costs/controller]
15:27:14.751 [Test worker] DEBUG org.springframework.core.io.support.PathMatchingResourcePatternResolver - Searching directory [/home/arian/workspace/cut-costs/build/classes/java/test/com/boot/cut_costs/controller] for files matching pattern [/home/arian/workspace/cut-costs/build/classes/java/test/com/boot/cut_costs/controller/*.class]
15:27:14.755 [Test worker] DEBUG org.springframework.core.io.support.PathMatchingResourcePatternResolver - Looking for matching resources in directory tree [/home/arian/workspace/cut-costs/build/classes/java/main/com/boot/cut_costs/controller]
15:27:14.755 [Test worker] DEBUG org.springframework.core.io.support.PathMatchingResourcePatternResolver - Searching directory [/home/arian/workspace/cut-costs/build/classes/java/main/com/boot/cut_costs/controller] for files matching pattern [/home/arian/workspace/cut-costs/build/classes/java/main/com/boot/cut_costs/controller/*.class]
15:27:14.756 [Test worker] DEBUG org.springframework.core.io.support.PathMatchingResourcePatternResolver - Resolved location pattern [classpath*:com/boot/cut_costs/controller/*.class] to resources [file [/home/arian/workspace/cut-costs/build/classes/java/test/com/boot/cut_costs/controller/AuthenticationControllerTest.class], file [/home/arian/workspace/cut-costs/build/classes/java/test/com/boot/cut_costs/controller/BaseControllerTest.class], file [/home/arian/workspace/cut-costs/build/classes/java/test/com/boot/cut_costs/controller/ExpenseControllerTest.class], file [/home/arian/workspace/cut-costs/build/classes/java/test/com/boot/cut_costs/controller/GroupControllerTest.class], file [/home/arian/workspace/cut-costs/build/classes/java/test/com/boot/cut_costs/controller/InvitationControllerTest.class], file [/home/arian/workspace/cut-costs/build/classes/java/test/com/boot/cut_costs/controller/ScenarioTest.class], file [/home/arian/workspace/cut-costs/build/classes/java/test/com/boot/cut_costs/controller/UserControllerTest.class], file [/home/arian/workspace/cut-costs/build/classes/java/main/com/boot/cut_costs/controller/AuthenticationController.class], file [/home/arian/workspace/cut-costs/build/classes/java/main/com/boot/cut_costs/controller/ExpenseController.class], file [/home/arian/workspace/cut-costs/build/classes/java/main/com/boot/cut_costs/controller/GroupController.class], file [/home/arian/workspace/cut-costs/build/classes/java/main/com/boot/cut_costs/controller/InvitationController.class], file [/home/arian/workspace/cut-costs/build/classes/java/main/com/boot/cut_costs/controller/UserController.class]]
15:27:14.787 [Test worker] DEBUG org.springframework.core.io.support.PathMatchingResourcePatternResolver - Resolved classpath location [com/boot/cut_costs/] to resources [URL [file:/home/arian/workspace/cut-costs/build/classes/java/test/com/boot/cut_costs/], URL [file:/home/arian/workspace/cut-costs/build/classes/java/main/com/boot/cut_costs/]]
15:27:14.788 [Test worker] DEBUG org.springframework.core.io.support.PathMatchingResourcePatternResolver - Looking for matching resources in directory tree [/home/arian/workspace/cut-costs/build/classes/java/test/com/boot/cut_costs]
15:27:14.788 [Test worker] DEBUG org.springframework.core.io.support.PathMatchingResourcePatternResolver - Searching directory [/home/arian/workspace/cut-costs/build/classes/java/test/com/boot/cut_costs] for files matching pattern [/home/arian/workspace/cut-costs/build/classes/java/test/com/boot/cut_costs/*.class]
15:27:14.788 [Test worker] DEBUG org.springframework.core.io.support.PathMatchingResourcePatternResolver - Looking for matching resources in directory tree [/home/arian/workspace/cut-costs/build/classes/java/main/com/boot/cut_costs]
15:27:14.788 [Test worker] DEBUG org.springframework.core.io.support.PathMatchingResourcePatternResolver - Searching directory [/home/arian/workspace/cut-costs/build/classes/java/main/com/boot/cut_costs] for files matching pattern [/home/arian/workspace/cut-costs/build/classes/java/main/com/boot/cut_costs/*.class]
15:27:14.790 [Test worker] DEBUG org.springframework.core.io.support.PathMatchingResourcePatternResolver - Resolved location pattern [classpath*:com/boot/cut_costs/*.class] to resources [file [/home/arian/workspace/cut-costs/build/classes/java/main/com/boot/cut_costs/App.class], file [/home/arian/workspace/cut-costs/build/classes/java/main/com/boot/cut_costs/AppConfig.class]]
15:27:14.808 [Test worker] DEBUG org.springframework.context.annotation.ClassPathScanningCandidateComponentProvider - Identified candidate component class: file [/home/arian/workspace/cut-costs/build/classes/java/main/com/boot/cut_costs/App.class]
15:27:14.810 [Test worker] INFO org.springframework.boot.test.context.SpringBootTestContextBootstrapper - Found @SpringBootConfiguration com.boot.cut_costs.App for test class com.boot.cut_costs.controller.AuthenticationControllerTest
15:27:14.813 [Test worker] DEBUG org.springframework.boot.test.context.SpringBootTestContextBootstrapper - @TestExecutionListeners is not present for class [com.boot.cut_costs.controller.AuthenticationControllerTest]: using defaults.
15:27:14.816 [Test worker] INFO org.springframework.boot.test.context.SpringBootTestContextBootstrapper - Loaded default TestExecutionListener class names from location [META-INF/spring.factories]: [org.springframework.security.test.context.support.WithSecurityContextTestExecutionListener, org.springframework.test.context.web.ServletTestExecutionListener, org.springframework.test.context.support.DirtiesContextBeforeModesTestExecutionListener, org.springframework.test.context.support.DependencyInjectionTestExecutionListener, org.springframework.test.context.support.DirtiesContextTestExecutionListener, org.springframework.test.context.transaction.TransactionalTestExecutionListener, org.springframework.test.context.jdbc.SqlScriptsTestExecutionListener, org.springframework.boot.test.autoconfigure.restdocs.RestDocsTestExecutionListener, org.springframework.boot.test.autoconfigure.web.client.MockRestServiceServerResetTestExecutionListener, org.springframework.boot.test.autoconfigure.web.servlet.MockMvcPrintOnlyOnFailureTestExecutionListener, org.springframework.boot.test.autoconfigure.web.servlet.WebDriverTestExecutionListener, org.springframework.boot.test.mock.mockito.MockitoTestExecutionListener, org.springframework.boot.test.mock.mockito.ResetMocksTestExecutionListener]
15:27:14.834 [Test worker] INFO org.springframework.boot.test.context.SpringBootTestContextBootstrapper - Using TestExecutionListeners: [org.springframework.test.context.web.ServletTestExecutionListener@454c72fd, org.springframework.test.context.support.DirtiesContextBeforeModesTestExecutionListener@33b93eff, org.springframework.boot.test.autoconfigure.SpringBootDependencyInjectionTestExecutionListener@77934cd1, org.springframework.test.context.support.DirtiesContextTestExecutionListener@4e52175, org.springframework.test.context.transaction.TransactionalTestExecutionListener@2298608e, org.springframework.test.context.jdbc.SqlScriptsTestExecutionListener@582cfce4, org.springframework.security.test.context.support.WithSecurityContextTestExecutionListener@3534c6f4, org.springframework.boot.test.autoconfigure.web.servlet.WebDriverTestExecutionListener@18f7b7ae, org.springframework.boot.test.autoconfigure.web.servlet.MockMvcPrintOnlyOnFailureTestExecutionListener@790a282e, org.springframework.boot.test.autoconfigure.web.client.MockRestServiceServerResetTestExecutionListener@46fe2037, org.springframework.boot.test.autoconfigure.restdocs.RestDocsTestExecutionListener@55ee5d7a, org.springframework.boot.test.mock.mockito.ResetMocksTestExecutionListener@7081caae, org.springframework.boot.test.mock.mockito.MockitoTestExecutionListener@5862c7c8]
15:27:14.836 [Test worker] DEBUG org.springframework.test.annotation.ProfileValueUtils - Retrieved @ProfileValueSourceConfiguration [null] for test class [com.boot.cut_costs.controller.AuthenticationControllerTest]
15:27:14.836 [Test worker] DEBUG org.springframework.test.annotation.ProfileValueUtils - Retrieved ProfileValueSource type [class org.springframework.test.annotation.SystemProfileValueSource] for class [com.boot.cut_costs.controller.AuthenticationControllerTest]
15:27:14.840 [Test worker] DEBUG org.springframework.test.annotation.ProfileValueUtils - Retrieved @ProfileValueSourceConfiguration [null] for test class [com.boot.cut_costs.controller.AuthenticationControllerTest]
15:27:14.840 [Test worker] DEBUG org.springframework.test.annotation.ProfileValueUtils - Retrieved ProfileValueSource type [class org.springframework.test.annotation.SystemProfileValueSource] for class [com.boot.cut_costs.controller.AuthenticationControllerTest]
15:27:14.841 [Test worker] DEBUG org.springframework.test.annotation.ProfileValueUtils - Retrieved @ProfileValueSourceConfiguration [null] for test class [com.boot.cut_costs.controller.AuthenticationControllerTest]
15:27:14.841 [Test worker] DEBUG org.springframework.test.annotation.ProfileValueUtils - Retrieved ProfileValueSource type [class org.springframework.test.annotation.SystemProfileValueSource] for class [com.boot.cut_costs.controller.AuthenticationControllerTest]
15:27:14.843 [Test worker] DEBUG org.springframework.test.context.support.AbstractDirtiesContextTestExecutionListener - Before test class: context [DefaultTestContext@2cf93471 testClass = AuthenticationControllerTest, testInstance = [null], testMethod = [null], testException = [null], mergedContextConfiguration = [WebMergedContextConfiguration@4681d5fd testClass = AuthenticationControllerTest, locations = '{}', classes = '{class com.boot.cut_costs.App}', contextInitializerClasses = '[]', activeProfiles = '{test}', propertySourceLocations = '{}', propertySourceProperties = '{org.springframework.boot.test.context.SpringBootTestContextBootstrapper=true}', contextCustomizers = set[org.springframework.boot.test.autoconfigure.properties.PropertyMappingContextCustomizer@e7e8512, org.springframework.boot.test.autoconfigure.web.servlet.WebDriverContextCustomizerFactory$Customizer@4bdd454d, [ImportsContextCustomizer@27808c94 key = [org.springframework.boot.test.autoconfigure.web.servlet.MockMvcAutoConfiguration, org.springframework.boot.test.autoconfigure.web.servlet.MockMvcSecurityAutoConfiguration, org.springframework.boot.test.autoconfigure.web.servlet.MockMvcWebClientAutoConfiguration, org.springframework.boot.test.autoconfigure.web.servlet.MockMvcWebDriverAutoConfiguration]], org.springframework.boot.test.context.SpringBootTestContextCustomizer@35937b42, org.springframework.boot.test.context.filter.ExcludeFilterContextCustomizer@67ed828b, org.springframework.boot.test.json.DuplicateJsonObjectContextCustomizerFactory$DuplicateJsonObjectContextCustomizer@2fec3064, org.springframework.boot.test.mock.mockito.MockitoContextCustomizer@28f9a820], resourceBasePath = 'src/main/webapp', contextLoader = 'org.springframework.boot.test.context.SpringBootContextLoader', parent = [null]]], class annotated with @DirtiesContext [false] with mode [null].
15:27:14.871 [Test worker] DEBUG org.springframework.test.annotation.ProfileValueUtils - Retrieved @ProfileValueSourceConfiguration [null] for test class [com.boot.cut_costs.controller.AuthenticationControllerTest]
15:27:14.871 [Test worker] DEBUG org.springframework.test.annotation.ProfileValueUtils - Retrieved ProfileValueSource type [class org.springframework.test.annotation.SystemProfileValueSource] for class [com.boot.cut_costs.controller.AuthenticationControllerTest]
15:27:14.928 [Test worker] DEBUG org.springframework.core.env.StandardEnvironment - Adding PropertySource 'systemProperties' with lowest search precedence
15:27:14.928 [Test worker] DEBUG org.springframework.core.env.StandardEnvironment - Adding PropertySource 'systemEnvironment' with lowest search precedence
15:27:14.928 [Test worker] DEBUG org.springframework.core.env.StandardEnvironment - Initialized StandardEnvironment with PropertySources [MapPropertySource@247855257 {name='systemProperties', properties={java.runtime.name=Java(TM) SE Runtime Environment, sun.boot.library.path=/usr/lib/jvm/jdk1.8.0_111/jre/lib/amd64, java.vm.version=25.111-b14, java.vm.vendor=Oracle Corporation, java.vendor.url=http://java.oracle.com/, path.separator=:, java.vm.name=Java HotSpot(TM) 64-Bit Server VM, file.encoding.pkg=sun.io, sun.java.launcher=SUN_STANDARD, user.country=CA, sun.os.patch.level=unknown, java.vm.specification.name=Java Virtual Machine Specification, user.dir=/home/arian/workspace/cut-costs, java.runtime.version=1.8.0_111-b14, java.awt.graphicsenv=sun.awt.X11GraphicsEnvironment, java.endorsed.dirs=/usr/lib/jvm/jdk1.8.0_111/jre/lib/endorsed, os.arch=amd64, java.io.tmpdir=/tmp, line.separator=
, java.vm.specification.vendor=Oracle Corporation, user.variant=, os.name=Linux, sun.jnu.encoding=UTF-8, java.library.path=/usr/java/packages/lib/amd64:/usr/lib64:/lib64:/lib:/usr/lib, java.specification.name=Java Platform API Specification, java.class.version=52.0, org.gradle.native=false, sun.management.compiler=HotSpot 64-Bit Tiered Compilers, os.version=4.4.0-98-generic, user.home=/home/arian, user.timezone=America/Vancouver, java.awt.printerjob=sun.print.PSPrinterJob, file.encoding=UTF-8, java.specification.version=1.8, java.class.path=/home/arian/workspace/cut-costs/build/classes/java/test:/home/arian/workspace/cut-costs/build/resources/test:/home/arian/workspace/cut-costs/build/classes/java/main:/home/arian/workspace/cut-costs/build/resources/main:/home/arian/.gradle/caches/modules-2/files-2.1/org.springframework.boot/spring-boot-starter-data-rest/1.5.8.RELEASE/72990d72d39b3397a131bb1975f80df87e7eb896/spring-boot-starter-data-rest-1.5.8.RELEASE.jar:/home/arian/.gradle/caches/modules-2/files-2.1/org.springframework.boot/spring-boot-starter-web/1.5.8.RELEASE/7e0dc79e3b47be4539ad3c033639133ae6b7a17e/spring-boot-starter-web-1.5.8.RELEASE.jar:/home/arian/.gradle/caches/modules-2/files-2.1/org.springframework.boot/spring-boot-starter-data-jpa/1.5.8.RELEASE/55bb5e8aea5707f79ee9888ad75261a7b7df4654/spring-boot-starter-data-jpa-1.5.8.RELEASE.jar:/home/arian/.gradle/caches/modules-2/files-2.1/mysql/mysql-connector-java/5.1.44/61b6b998192c85bb581c6be90e03dcd4b9079db4/mysql-connector-java-5.1.44.jar:/home/arian/.gradle/caches/modules-2/files-2.1/org.hibernate/hibernate-entitymanager/5.0.12.Final/302a526f5058290e9cbd719a5caf9f248d344719/hibernate-entitymanager-5.0.12.Final.jar:/home/arian/.gradle/caches/modules-2/files-2.1/org.hibernate/hibernate-core/5.0.12.Final/e58bf1c660e6706d8e2cbb53bae110f574366102/hibernate-core-5.0.12.Final.jar:/home/arian/.gradle/caches/modules-2/files-2.1/org.springframework.boot/spring-boot-starter-jersey/1.5.8.RELEASE/a02325b0750bff113e6fe1919080e31ca8c486b0/spring-boot-starter-jersey-1.5.8.RELEASE.jar:/home/arian/.gradle/caches/modules-2/files-2.1/org.glassfish.jersey.containers/jersey-container-servlet/2.25.1/cf5f7a76fcea38158b890ab7a0142d4db709a882/jersey-container-servlet-2.25.1.jar:/home/arian/.gradle/caches/modules-2/files-2.1/org.glassfish.jersey.ext/jersey-spring3/2.25.1/a31bfcd2fcae5beb979d3f41079b6f4020d6fbc9/jersey-spring3-2.25.1.jar:/home/arian/.gradle/caches/modules-2/files-2.1/org.glassfish.jersey.containers/jersey-container-servlet-core/2.25.1/400e30bb035a0cdf3c554530224141ce659a0d1e/jersey-container-servlet-core-2.25.1.jar:/home/arian/.gradle/caches/modules-2/files-2.1/org.glassfish.jersey.ext/jersey-bean-validation/2.25.1/1971927d79cad0ad2b5a3bfda24967748a2023d/jersey-bean-validation-2.25.1.jar:/home/arian/.gradle/caches/modules-2/files-2.1/org.glassfish.jersey.core/jersey-server/2.25.1/276e2ee0fd1cdabf99357fce560c5baab675b1a2/jersey-server-2.25.1.jar:/home/arian/.gradle/caches/modules-2/files-2.1/org.glassfish.jersey.media/jersey-media-json-jackson/2.25.1/19d1e4276eb7b6386640c344d9e5c01eba7eae5d/jersey-media-json-jackson-2.25.1.jar:/home/arian/.gradle/caches/modules-2/files-2.1/org.glassfish.jersey.core/jersey-client/2.25.1/4d563b1f93352ee9fad597e9e1daf2c6159993c6/jersey-client-2.25.1.jar:/home/arian/.gradle/caches/modules-2/files-2.1/org.glassfish.jersey.media/jersey-media-jaxb/2.25.1/d7da0beeed5614a3bfd882662faec602699e24b/jersey-media-jaxb-2.25.1.jar:/home/arian/.gradle/caches/modules-2/files-2.1/org.glassfish.jersey.core/jersey-common/2.25.1/2438ce68d4907046095ab54aa83a6092951b4bbb/jersey-common-2.25.1.jar:/home/arian/.gradle/caches/modules-2/files-2.1/org.glassfish.hk2/hk2/2.5.0-b32/c3accae585955e49c771d464899e906ecc9ffb4/hk2-2.5.0-b32.jar:/home/arian/.gradle/caches/modules-2/files-2.1/org.glassfish.hk2/config-types/2.5.0-b32/686bbe7f80b1b879d64c06bc6606c97721a795f2/config-types-2.5.0-b32.jar:/home/arian/.gradle/caches/modules-2/files-2.1/org.glassfish.hk2/hk2-config/2.5.0-b32/dce05ac4225dbc0c1c382ad02e3b5bee51f0168a/hk2-config-2.5.0-b32.jar:/home/arian/.gradle/caches/modules-2/files-2.1/org.glassfish.hk2/hk2-core/2.5.0-b32/8cb6a8a9522ec523b7740d29f555bdbe9d936af2/hk2-core-2.5.0-b32.jar:/home/arian/.gradle/caches/modules-2/files-2.1/org.glassfish.hk2/hk2-runlevel/2.5.0-b32/60dc979763ea885e796cba4d3e322af8d500ba74/hk2-runlevel-2.5.0-b32.jar:/home/arian/.gradle/caches/modules-2/files-2.1/org.glassfish.hk2/hk2-locator/2.5.0-b32/195474f8ad0a8d130e9ea949a771bcf1215fc33b/hk2-locator-2.5.0-b32.jar:/home/arian/.gradle/caches/modules-2/files-2.1/org.javassist/javassist/3.20.0-GA/a9cbcdfb7e9f86fbc74d3afae65f2248bfbf82a0/javassist-3.20.0-GA.jar:/home/arian/.gradle/caches/modules-2/files-2.1/org.springframework.boot/spring-boot-starter-security/1.5.8.RELEASE/1f143627e30e74244e83223a5a9347c95a2dafbc/spring-boot-starter-security-1.5.8.RELEASE.jar:/home/arian/.gradle/caches/modules-2/files-2.1/org.springframework.security.oauth/spring-security-oauth2/2.0.14.RELEASE/2359228d52ed5307beb8491764bc751ce60064cb/spring-security-oauth2-2.0.14.RELEASE.jar:/home/arian/.gradle/caches/modules-2/files-2.1/org.springframework.boot/spring-boot-configuration-processor/1.5.8.RELEASE/217b7bde102a9c51c51139ea02f0f99f5d34f799/spring-boot-configuration-processor-1.5.8.RELEASE.jar:/home/arian/.gradle/caches/modules-2/files-2.1/io.jsonwebtoken/jjwt/0.7.0/f042fe2676bfdc2091545152e47d77e11999946d/jjwt-0.7.0.jar:/home/arian/.gradle/caches/modules-2/files-2.1/org.springframework.security/spring-security-cas/4.2.3.RELEASE/344e4a170100a53d9b95a6ec3604a1c4c06b2314/spring-security-cas-4.2.3.RELEASE.jar:/home/arian/.gradle/caches/modules-2/files-2.1/org.springframework.security/spring-security-acl/4.2.3.RELEASE/6f163c19a0de8201ceed6f55eb8f34843e510795/spring-security-acl-4.2.3.RELEASE.jar:/home/arian/.gradle/caches/modules-2/files-2.1/bsf/bsf/2.4.0/658f324024bb473c4d15d18b855676fa817353e9/bsf-2.4.0.jar:/home/arian/.gradle/caches/modules-2/files-2.1/org.springframework.boot/spring-boot-starter-batch/1.5.8.RELEASE/2cf58d2e059afb93ce2fba5a39c664ce2916a858/spring-boot-starter-batch-1.5.8.RELEASE.jar:/home/arian/.gradle/caches/modules-2/files-2.1/org.springframework.boot/spring-boot-starter-actuator/1.5.8.RELEASE/927c40a1af518dc240dfdf7aaf0a9673c3a127c5/spring-boot-starter-actuator-1.5.8.RELEASE.jar:/home/arian/.gradle/caches/modules-2/files-2.1/org.springframework.security/spring-security-ldap/4.2.3.RELEASE/90256301d6147e1bc51bb89583f637c8cc39ae6c/spring-security-ldap-4.2.3.RELEASE.jar:/home/arian/.gradle/caches/modules-2/files-2.1/javax.jdo/jdo-api/3.0.1/58e7a538e020b73871e232eeb064835fd98a492/jdo-api-3.0.1.jar:/home/arian/.gradle/caches/modules-2/files-2.1/com.querydsl/querydsl-core/4.1.4/5a5c4064169db7d56f63edd81f64de00d3add197/querydsl-core-4.1.4.jar:/home/arian/.gradle/caches/modules-2/files-2.1/org.springframework/springloaded/1.2.8.RELEASE/b60bac05b0451cdc1863bfec617f39aa0dcaaa43/springloaded-1.2.8.RELEASE.jar:/home/arian/.gradle/caches/modules-2/files-2.1/org.jetbrains.kotlin/kotlin-stdlib/1.0.6/d19acb6ed49b9c48228c0e5dff8071fce23be4b8/kotlin-stdlib-1.0.6.jar:/home/arian/.gradle/caches/modules-2/files-2.1/org.scala-lang/scala-library/2.11.0/aa8f7553253318c468f90ce58a85f94bd1a224eb/scala-library-2.11.0.jar:/home/arian/.gradle/caches/modules-2/files-2.1/commons-validator/commons-validator/1.6/e989d1e87cdd60575df0765ed5bac65c905d7908/commons-validator-1.6.jar:/home/arian/.gradle/caches/modules-2/files-2.1/commons-io/commons-io/2.5/2852e6e05fbb95076fc091f6d1780f1f8fe35e0f/commons-io-2.5.jar:/home/arian/.gradle/caches/modules-2/files-2.1/org.modelmapper/modelmapper/0.7.5/5bef63ad6fa1008d56d27557e4a7f223fb639678/modelmapper-0.7.5.jar:/home/arian/.gradle/caches/modules-2/files-2.1/org.apache.httpcomponents/httpclient/4.5.3/d1577ae15f01ef5438c5afc62162457c00a34713/httpclient-4.5.3.jar:/home/arian/.gradle/caches/modules-2/files-2.1/org.apache.commons/commons-lang3/3.4/5fe28b9518e58819180a43a850fbc0dd24b7c050/commons-lang3-3.4.jar:/home/arian/.gradle/caches/modules-2/files-2.1/org.springframework.boot/spring-boot-starter-test/1.5.8.RELEASE/20b767f594924b32950286f1236ab7d68ff861f9/spring-boot-starter-test-1.5.8.RELEASE.jar:/home/arian/.gradle/caches/modules-2/files-2.1/org.eclipse.jetty.aggregate/jetty-all/9.2.13.v20150730/2c79fea4f8ce99177a775531e2daf260aa61238/jetty-all-9.2.13.v20150730.jar:/home/arian/.gradle/caches/modules-2/files-2.1/org.springframework.boot/spring-boot-starter-data-mongodb/1.5.8.RELEASE/d6a3761c971691e9a70d8bc33c0158dcf8f06fcf/spring-boot-starter-data-mongodb-1.5.8.RELEASE.jar:/home/arian/.gradle/caches/modules-2/files-2.1/com.h2database/h2/1.4.196/dd0034398d593aa3588c6773faac429bbd9aea0e/h2-1.4.196.jar:/home/arian/.gradle/caches/modules-2/files-2.1/org.springframework.integration/spring-integration-test/4.3.12.RELEASE/f79ffed1a3ff396f3d7e8603fa27a788d82b96ce/spring-integration-test-4.3.12.RELEASE.jar:/home/arian/.gradle/caches/modules-2/files-2.1/org.springframework.security/spring-security-test/4.2.3.RELEASE/f93339f597290d85a596f25a7841b9109b79ced6/spring-security-test-4.2.3.RELEASE.jar:/home/arian/.gradle/caches/modules-2/files-2.1/org.apache.hadoop/hadoop-core/1.0.0/4b35f11f6fe61f10a6861f4f94751031b989e2fd/hadoop-core-1.0.0.jar:/home/arian/.gradle/caches/modules-2/files-2.1/com.sleepycat/je/5.0.73/af8a905a5266e68f9182a1c67a8533b548f57c6e/je-5.0.73.jar:/home/arian/.gradle/caches/modules-2/files-2.1/commons-dbcp/commons-dbcp/1.4/30be73c965cc990b153a100aaaaafcf239f82d39/commons-dbcp-1.4.jar:/home/arian/.gradle/caches/modules-2/files-2.1/org.springframework.data/spring-data-rest-webmvc/2.6.8.RELEASE/50c58b901f47fb43a9dc8e7073e906d533b0d42/spring-data-rest-webmvc-2.6.8.RELEASE.jar:/home/arian/.gradle/caches/modules-2/files-2.1/org.springframework.data/spring-data-rest-core/2.6.8.RELEASE/8eda1a9722d14838bc76191638ee225619bea085/spring-data-rest-core-2.6.8.RELEASE.jar:/home/arian/.gradle/caches/modules-2/files-2.1/org.springframework.hateoas/spring-hateoas/0.23.0.RELEASE/678ffa0798f417a794fea592dc8066e325611919/spring-hateoas-0.23.0.RELEASE.jar:/home/arian/.gradle/caches/modules-2/files-2.1/org.springframework/spring-webmvc/4.3.12.RELEASE/986e5dcd4435e780f6be64f8185eaa51523cf851/spring-webmvc-4.3.12.RELEASE.jar:/home/arian/.gradle/caches/modules-2/files-2.1/org.springframework.data/spring-data-jpa/1.11.8.RELEASE/d674b8407de3d2998c106557fd6a6665de2bc217/spring-data-jpa-1.11.8.RELEASE.jar:/home/arian/.gradle/caches/modules-2/files-2.1/org.springframework.data/spring-data-mongodb/1.10.8.RELEASE/83142e2629ef0db3abc0b13296c6c7f5d2fa9a59/spring-data-mongodb-1.10.8.RELEASE.jar:/home/arian/.gradle/caches/modules-2/files-2.1/org.springframework.data/spring-data-commons/1.13.8.RELEASE/2853e3c38e02d42529f6c8b247d7bace40c25642/spring-data-commons-1.13.8.RELEASE.jar:/home/arian/.gradle/caches/modules-2/files-2.1/org.springframework.plugin/spring-plugin-core/1.2.0.RELEASE/f380e7760032e7d929184f8ad8a33716b75c0657/spring-plugin-core-1.2.0.RELEASE.jar:/home/arian/.gradle/caches/modules-2/files-2.1/org.springframework/spring-orm/4.3.12.RELEASE/47bbe35a92944aeedf06a388098581272f8db9bd/spring-orm-4.3.12.RELEASE.jar:/home/arian/.gradle/caches/modules-2/files-2.1/junit/junit/4.12/2973d150c0dc1fefe998f834810d68f278ea58ec/junit-4.12.jar:/home/arian/.gradle/caches/modules-2/files-2.1/org.springframework/spring-test/4.3.12.RELEASE/825a7ac1014528db722a6cc94cceaef2410cb314/spring-test-4.3.12.RELEASE.jar:/home/arian/.gradle/caches/modules-2/files-2.1/org.springframework.boot/spring-boot-starter-aop/1.5.8.RELEASE/9bc9a40e0718726ed48f6becc509b2d186f1ebcc/spring-boot-starter-aop-1.5.8.RELEASE.jar:/home/arian/.gradle/caches/modules-2/files-2.1/org.springframework.boot/spring-boot-starter-jdbc/1.5.8.RELEASE/fc98631eba9817c920b9ac1c5845214f49637a33/spring-boot-starter-jdbc-1.5.8.RELEASE.jar:/home/arian/.gradle/caches/modules-2/files-2.1/org.springframework.boot/spring-boot-starter-validation/1.5.8.RELEASE/69aade16cb32a9438375bbdea975a4bc9cfd5048/spring-boot-starter-validation-1.5.8.RELEASE.jar:/home/arian/.gradle/caches/modules-2/files-2.1/org.springframework.boot/spring-boot-starter/1.5.8.RELEASE/18048efe1f06569022a53cc3fb2fe9c0162935a3/spring-boot-starter-1.5.8.RELEASE.jar:/home/arian/.gradle/caches/modules-2/files-2.1/org.springframework.boot/spring-boot-starter-tomcat/1.5.8.RELEASE/cf3b7eb7e192a60ab1dd09e4f8bce82710a5feb0/spring-boot-starter-tomcat-1.5.8.RELEASE.jar:/home/arian/.gradle/caches/modules-2/files-2.1/org.hibernate/hibernate-validator/5.3.5.Final/622a9bcef2eed6d41b5b8e0662c36212009e375/hibernate-validator-5.3.5.Final.jar:/home/arian/.gradle/caches/modules-2/files-2.1/org.springframework.boot/spring-boot-actuator/1.5.8.RELEASE/aac530fe877ed91c92831019755c49f29b08e6/spring-boot-actuator-1.5.8.RELEASE.jar:/home/arian/.gradle/caches/modules-2/files-2.1/com.fasterxml.jackson.jaxrs/jackson-jaxrs-json-provider/2.8.4/839366ece31829a19cb15719b2b54a3f9f91148d/jackson-jaxrs-json-provider-2.8.4.jar:/home/arian/.gradle/caches/modules-2/files-2.1/com.fasterxml.jackson.jaxrs/jackson-jaxrs-base/2.8.4/6c0ceb3c9fed2e225b0cc2a45533574df393f606/jackson-jaxrs-base-2.8.4.jar:/home/arian/.gradle/caches/modules-2/files-2.1/com.fasterxml.jackson.module/jackson-module-jaxb-annotations/2.8.4/d2eec7cf6c4284f7d5f0b1a72dc7cfa9d6bb579d/jackson-module-jaxb-annotations-2.8.4.jar:/home/arian/.gradle/caches/modules-2/files-2.1/com.fasterxml.jackson.core/jackson-databind/2.8.10/f7b83cb2bc4b88d53961e749e1ad32f49ef017b7/jackson-databind-2.8.10.jar:/home/arian/.gradle/caches/modules-2/files-2.1/org.springframework.security/spring-security-web/4.2.3.RELEASE/7a03e737484ca232d7146852f06d067ac21427ac/spring-security-web-4.2.3.RELEASE.jar:/home/arian/.gradle/caches/modules-2/files-2.1/org.springframework/spring-web/4.3.12.RELEASE/86c29588cca74d0fc848b194cb13fcdfd12bc990/spring-web-4.3.12.RELEASE.jar:/home/arian/.gradle/caches/modules-2/files-2.1/javax.transaction/javax.transaction-api/1.2/d81aff979d603edd90dcd8db2abc1f4ce6479e3e/javax.transaction-api-1.2.jar:/home/arian/.gradle/caches/modules-2/files-2.1/org.springframework/spring-aspects/4.3.12.RELEASE/b0002bfdd0d58f09fc178afc5f2d0553ff117840/spring-aspects-4.3.12.RELEASE.jar:/home/arian/.gradle/caches/modules-2/files-2.1/org.springframework.batch/spring-batch-core/3.0.8.RELEASE/5116a8aec6959f869cd78e779a153e2d43084097/spring-batch-core-3.0.8.RELEASE.jar:/home/arian/.gradle/caches/modules-2/files-2.1/org.springframework.security/spring-security-config/4.2.3.RELEASE/9f3771903616e33521836fd999d63efbfebf90d/spring-security-config-4.2.3.RELEASE.jar:/home/arian/.gradle/caches/modules-2/files-2.1/org.springframework.security/spring-security-core/4.2.3.RELEASE/5c0e47a47036c94d6fdd02696bf52be6d1adbd4d/spring-security-core-4.2.3.RELEASE.jar:/home/arian/.gradle/caches/modules-2/files-2.1/org.springframework/spring-messaging/4.3.11.RELEASE/1e99d0fcc51044594c1ffb484b997dcd864241f6/spring-messaging-4.3.11.RELEASE.jar:/home/arian/.gradle/caches/modules-2/files-2.1/org.springframework.boot/spring-boot-test-autoconfigure/1.5.8.RELEASE/a8f986cc4b6ecef1417fe50c20984f12f54d15cc/spring-boot-test-autoconfigure-1.5.8.RELEASE.jar:/home/arian/.gradle/caches/modules-2/files-2.1/org.springframework.boot/spring-boot-test/1.5.8.RELEASE/17dedee86d1a9e9bd409d715fd90650ca1049659/spring-boot-test-1.5.8.RELEASE.jar:/home/arian/.gradle/caches/modules-2/files-2.1/org.springframework.boot/spring-boot-autoconfigure/1.5.8.RELEASE/e4f2efa4c319f4e3613d94fbccfdb5ccda6873e3/spring-boot-autoconfigure-1.5.8.RELEASE.jar:/home/arian/.gradle/caches/modules-2/files-2.1/org.springframework.boot/spring-boot/1.5.8.RELEASE/748ebde51761e12627ad23d064024f342b18f9b4/spring-boot-1.5.8.RELEASE.jar:/home/arian/.gradle/caches/modules-2/files-2.1/org.glassfish.hk2/spring-bridge/2.5.0-b32/f38ecef23edc769942a95c062efd63541044de42/spring-bridge-2.5.0-b32.jar:/home/arian/.gradle/caches/modules-2/files-2.1/org.springframework.batch/spring-batch-infrastructure/3.0.8.RELEASE/da7e2007ac847c7906987c4faa3c899138ab436c/spring-batch-infrastructure-3.0.8.RELEASE.jar:/home/arian/.gradle/caches/modules-2/files-2.1/org.springframework.retry/spring-retry/1.1.0.RELEASE/f7e1ec1fd7c8fcaca490fd298c5b3fe711cb5ed9/spring-retry-1.1.0.RELEASE.jar:/home/arian/.gradle/caches/modules-2/files-2.1/org.springframework/spring-context/4.3.12.RELEASE/5e6d26f36636f36b7efec1d6a0c5991284fbd95b/spring-context-4.3.12.RELEASE.jar:/home/arian/.gradle/caches/modules-2/files-2.1/org.springframework/spring-aop/4.3.12.RELEASE/b3fef085902993c2ef874c45c7bfd79296d5a5a4/spring-aop-4.3.12.RELEASE.jar:/home/arian/.gradle/caches/modules-2/files-2.1/org.springframework/spring-jdbc/4.3.12.RELEASE/5c840abbdc1a1dfd0f79c4a4c25eac0c98e6af22/spring-jdbc-4.3.12.RELEASE.jar:/home/arian/.gradle/caches/modules-2/files-2.1/org.springframework/spring-tx/4.3.12.RELEASE/7147b6839b2bf9db3621b79c73b4dddbe69572b6/spring-tx-4.3.12.RELEASE.jar:/home/arian/.gradle/caches/modules-2/files-2.1/org.springframework/spring-beans/4.3.12.RELEASE/547dd432d47d0f01d9ccbedc4b705f9f7c1240a/spring-beans-4.3.12.RELEASE.jar:/home/arian/.gradle/caches/modules-2/files-2.1/org.springframework/spring-expression/4.3.12.RELEASE/790f69f6ad7f9da8d4a92c603ad7244c398c8309/spring-expression-4.3.12.RELEASE.jar:/home/arian/.gradle/caches/modules-2/files-2.1/org.springframework/spring-core/4.3.12.RELEASE/4cebc69478c6d350dbd5af28e3db7d5694f416e3/spring-core-4.3.12.RELEASE.jar:/home/arian/.gradle/caches/modules-2/files-2.1/net.java.dev.jets3t/jets3t/0.7.1/2d10b62398360c674b4039ea4f2d1c697f46f6cd/jets3t-0.7.1.jar:/home/arian/.gradle/caches/modules-2/files-2.1/commons-httpclient/commons-httpclient/3.1/964cd74171f427720480efdec40a7c7f6e58426a/commons-httpclient-3.1.jar:/home/arian/.gradle/caches/modules-2/files-2.1/commons-codec/commons-codec/1.9/9ce04e34240f674bc72680f8b843b1457383161a/commons-codec-1.9.jar:/home/arian/.gradle/caches/modules-2/files-2.1/org.codehaus.jackson/jackson-mapper-asl/1.9.13/1ee2f2bed0e5dd29d1cb155a166e6f8d50bbddb7/jackson-mapper-asl-1.9.13.jar:/home/arian/.gradle/caches/modules-2/files-2.1/org.skyscreamer/jsonassert/1.4.0/9cdbb373a06f6513e51e8c545ee6a5e981463edb/jsonassert-1.4.0.jar:/home/arian/.gradle/caches/modules-2/files-2.1/com.vaadin.external.google/android-json/0.0.20131108.vaadin1/fa26d351fe62a6a17f5cda1287c1c6110dec413f/android-json-0.0.20131108.vaadin1.jar:/home/arian/.gradle/caches/modules-2/files-2.1/org.jasig.cas.client/cas-client-core/3.4.1/a000397061c6c02fd695c706430ccbf439843008/cas-client-core-3.4.1.jar:/home/arian/.gradle/caches/modules-2/files-2.1/aopalliance/aopalliance/1.0/235ba8b489512805ac13a8f9ea77a1ca5ebe3e8/aopalliance-1.0.jar:/home/arian/.gradle/caches/modules-2/files-2.1/commons-configuration/commons-configuration/1.6/32cadde23955d7681b0d94a2715846d20b425235/commons-configuration-1.6.jar:/home/arian/.gradle/caches/modules-2/files-2.1/commons-el/commons-el/1.0/1df2c042b3f2de0124750241ac6c886dbfa2cc2c/commons-el-1.0.jar:/home/arian/.gradle/caches/modules-2/files-2.1/commons-beanutils/commons-beanutils-core/1.8.0/175dc721f87e4bc5cc0573f990e28c3cf9117508/commons-beanutils-core-1.8.0.jar:/home/arian/.gradle/caches/modules-2/files-2.1/commons-digester/commons-digester/1.8.1/3dec9b9c7ea9342d4dbe8c38560080d85b44a015/commons-digester-1.8.1.jar:/home/arian/.gradle/caches/modules-2/files-2.1/commons-beanutils/commons-beanutils/1.9.2/7a87d845ad3a155297e8f67d9008f4c1e5656b71/commons-beanutils-1.9.2.jar:/home/arian/.gradle/caches/modules-2/files-2.1/commons-logging/commons-logging/1.2/4bfc12adfe4842bf07b657f0369c4cb522955686/commons-logging-1.2.jar:/home/arian/.gradle/caches/modules-2/files-2.1/org.springframework.ldap/spring-ldap-core/2.2.0.RELEASE/45f2838f37854bbdb868323918ba6783dd3c30cf/spring-ldap-core-2.2.0.RELEASE.jar:/home/arian/.gradle/caches/modules-2/files-2.1/javax.transaction/jta/1.1/2ca09f0b36ca7d71b762e14ea2ff09d5eac57558/jta-1.1.jar:/home/arian/.gradle/caches/modules-2/files-2.1/com.google.guava/guava/18.0/cce0823396aa693798f8882e64213b1772032b09/guava-18.0.jar:/home/arian/.gradle/caches/modules-2/files-2.1/com.google.code.findbugs/jsr305/1.3.9/40719ea6961c0cb6afaeb6a921eaa1f6afd4cfdf/jsr305-1.3.9.jar:/home/arian/.gradle/caches/modules-2/files-2.1/com.mysema.commons/mysema-commons-lang/0.2.4/d09c8489d54251a6c22fbce804bdd4a070557317/mysema-commons-lang-0.2.4.jar:/home/arian/.gradle/caches/modules-2/files-2.1/com.infradna.tool/bridge-method-annotation/1.13/18cdce50cde6f54ee5390d0907384f72183ff0fe/bridge-method-annotation-1.13.jar:/home/arian/.gradle/caches/modules-2/files-2.1/com.fasterxml.jackson.core/jackson-annotations/2.8.10/5e924646d6f893bc9036939c5f2b4ecaee85e5da/jackson-annotations-2.8.10.jar:/home/arian/.gradle/caches/modules-2/files-2.1/org.jetbrains.kotlin/kotlin-runtime/1.0.6/3562c66f648480d3bd4f76cff722488ced13445b/kotlin-runtime-1.0.6.jar:/home/arian/.gradle/caches/modules-2/files-2.1/commons-collections/commons-collections/3.2.2/8ad72fe39fa8c91eaaf12aadb21e0c3661fe26d5/commons-collections-3.2.2.jar:/home/arian/.gradle/caches/modules-2/files-2.1/org.apache.httpcomponents/httpcore/4.4.6/e3fd8ced1f52c7574af952e2e6da0df8df08eb82/httpcore-4.4.6.jar:/home/arian/.gradle/caches/modules-2/files-2.1/com.jayway.jsonpath/json-path/2.2.0/22290d17944bd239fabf5ac69005a60a7ecbbbcb/json-path-2.2.0.jar:/home/arian/.gradle/caches/modules-2/files-2.1/org.assertj/assertj-core/2.6.0/b532c3fc4f66bcfee4989a3514f1cd56203a33ad/assertj-core-2.6.0.jar:/home/arian/.gradle/caches/modules-2/files-2.1/org.mockito/mockito-core/1.10.19/e8546f5bef4e061d8dd73895b4e8f40e3fe6effe/mockito-core-1.10.19.jar:/home/arian/.gradle/caches/modules-2/files-2.1/org.hamcrest/hamcrest-library/1.3/4785a3c21320980282f9f33d0d1264a69040538f/hamcrest-library-1.3.jar:/home/arian/.gradle/caches/modules-2/files-2.1/org.hamcrest/hamcrest-core/1.3/42a25dc3219429f0e5d060061f71acb49bf010a0/hamcrest-core-1.3.jar:/home/arian/.gradle/caches/modules-2/files-2.1/javax.websocket/javax.websocket-api/1.0/fc843b649d4a1dcb0497669d262befa3918c7ba8/javax.websocket-api-1.0.jar:/home/arian/.gradle/caches/modules-2/files-2.1/javax.servlet/javax.servlet-api/3.1.0/3cd63d075497751784b2fa84be59432f4905bf7c/javax.servlet-api-3.1.0.jar:/home/arian/.gradle/caches/modules-2/files-2.1/org.mongodb/mongodb-driver/3.4.3/a1c708919fdca8da4a527cb4ea9df30f8db9993b/mongodb-driver-3.4.3.jar:/home/arian/.gradle/caches/modules-2/files-2.1/org.hamcrest/hamcrest-all/1.3/63a21ebc981131004ad02e0434e799fd7f3a8d5a/hamcrest-all-1.3.jar:/home/arian/.gradle/caches/modules-2/files-2.1/commons-cli/commons-cli/1.2/2bf96b7aa8b611c177d329452af1dc933e14501c/commons-cli-1.2.jar:/home/arian/.gradle/caches/modules-2/files-2.1/xmlenc/xmlenc/0.52/d82554efbe65906d83b3d97bd7509289e9db561a/xmlenc-0.52.jar:/home/arian/.gradle/caches/modules-2/files-2.1/org.apache.commons/commons-math/2.1/b3c4bdc2778ddccceb8da2acec3e37bfa41303e9/commons-math-2.1.jar:/home/arian/.gradle/caches/modules-2/files-2.1/commons-net/commons-net/1.4.1/abb932adb2c10790c1eaa4365d3ac2a1ac7cb700/commons-net-1.4.1.jar:/home/arian/.gradle/caches/modules-2/files-2.1/org.mortbay.jetty/jetty/6.1.26/2f546e289fddd5b1fab1d4199fbb6e9ef43ee4b0/jetty-6.1.26.jar:/home/arian/.gradle/caches/modules-2/files-2.1/org.mortbay.jetty/jetty-util/6.1.26/e5642fe0399814e1687d55a3862aa5a3417226a9/jetty-util-6.1.26.jar:/home/arian/.gradle/caches/modules-2/files-2.1/tomcat/jasper-runtime/5.5.12/f3a50a55414655b9843f5a089923ea83d49dc55e/jasper-runtime-5.5.12.jar:/home/arian/.gradle/caches/modules-2/files-2.1/tomcat/jasper-compiler/5.5.12/c594866c64565344c0e7bdc9bf4fee70290c4dd5/jasper-compiler-5.5.12.jar:/home/arian/.gradle/caches/modules-2/files-2.1/org.mortbay.jetty/jsp-2.1/6.1.14/3a1df1e8e0fa56e9a940abbd19bc6f397fce16b5/jsp-2.1-6.1.14.jar:/home/arian/.gradle/caches/modules-2/files-2.1/org.mortbay.jetty/jsp-api-2.1/6.1.14/756b3fac155e31bd0e85545dbf953495e0455c73/jsp-api-2.1-6.1.14.jar:/home/arian/.gradle/caches/modules-2/files-2.1/net.sf.kosmosfs/kfs/0.3/20fcbc065182bdcd706c90a2eb383ae70eb5b223/kfs-0.3.jar:/home/arian/.gradle/caches/modules-2/files-2.1/hsqldb/hsqldb/1.8.0.10/7e9978fdb754bce5fcd5161133e7734ecb683036/hsqldb-1.8.0.10.jar:/home/arian/.gradle/caches/modules-2/files-2.1/oro/oro/2.0.8/5592374f834645c4ae250f4c9fbb314c9369d698/oro-2.0.8.jar:/home/arian/.gradle/caches/modules-2/files-2.1/org.eclipse.jdt/core/3.1.1/88c83ce444cf46d02494da37c9fa1eebc9ce9cea/core-3.1.1.jar:/home/arian/.gradle/caches/modules-2/files-2.1/commons-pool/commons-pool/1.5.4/75b6e20c596ed2945a259cea26d7fadd298398e6/commons-pool-1.5.4.jar:/home/arian/.gradle/caches/modules-2/files-2.1/org.springframework.boot/spring-boot-starter-logging/1.5.8.RELEASE/ebc00a0e46753d90431fdcc5e3d6b9fd3bf1564a/spring-boot-starter-logging-1.5.8.RELEASE.jar:/home/arian/.gradle/caches/modules-2/files-2.1/org.slf4j/jcl-over-slf4j/1.7.25/f8c32b13ff142a513eeb5b6330b1588dcb2c0461/jcl-over-slf4j-1.7.25.jar:/home/arian/.gradle/caches/modules-2/files-2.1/ch.qos.logback/logback-classic/1.1.11/ccedfbacef4a6515d2983e3f89ed753d5d4fb665/logback-classic-1.1.11.jar:/home/arian/.gradle/caches/modules-2/files-2.1/org.slf4j/jul-to-slf4j/1.7.25/af5364cd6679bfffb114f0dec8a157aaa283b76/jul-to-slf4j-1.7.25.jar:/home/arian/.gradle/caches/modules-2/files-2.1/org.slf4j/log4j-over-slf4j/1.7.25/a87bb47468f47ee7aabbd54f93e133d4215769c3/log4j-over-slf4j-1.7.25.jar:/home/arian/.gradle/caches/modules-2/files-2.1/org.slf4j/slf4j-api/1.7.25/da76ca59f6a57ee3102f8f9bd9cee742973efa8a/slf4j-api-1.7.25.jar:/home/arian/.gradle/caches/modules-2/files-2.1/org.atteo/evo-inflector/1.2.2/2551aad98d65ac5464d81fe05f0e1516cfe471c9/evo-inflector-1.2.2.jar:/home/arian/.gradle/caches/modules-2/files-2.1/org.yaml/snakeyaml/1.17/7a27ea250c5130b2922b86dea63cbb1cc10a660c/snakeyaml-1.17.jar:/home/arian/.gradle/caches/modules-2/files-2.1/org.apache.tomcat.embed/tomcat-embed-websocket/8.5.23/52f07abcae10dc7e1764304b0877def175c2c833/tomcat-embed-websocket-8.5.23.jar:/home/arian/.gradle/caches/modules-2/files-2.1/org.apache.tomcat.embed/tomcat-embed-core/8.5.23/79261793a47f507890ee08f749b9d81774e4f7f0/tomcat-embed-core-8.5.23.jar:/home/arian/.gradle/caches/modules-2/files-2.1/org.apache.tomcat.embed/tomcat-embed-el/8.5.23/98d979cde444dffa6d434c8377d0123b2dfa614c/tomcat-embed-el-8.5.23.jar:/home/arian/.gradle/caches/modules-2/files-2.1/javax.validation/validation-api/1.1.0.Final/8613ae82954779d518631e05daa73a6a954817d5/validation-api-1.1.0.Final.jar:/home/arian/.gradle/caches/modules-2/files-2.1/org.hibernate.common/hibernate-commons-annotations/5.0.1.Final/71e1cff3fcb20d3b3af4f3363c3ddb24d33c6879/hibernate-commons-annotations-5.0.1.Final.jar:/home/arian/.gradle/caches/modules-2/files-2.1/org.jboss.logging/jboss-logging/3.3.0.Final/3616bb87707910296e2c195dc016287080bba5af/jboss-logging-3.3.0.Final.jar:/home/arian/.gradle/caches/modules-2/files-2.1/com.fasterxml/classmate/1.3.1/2ad2fd09dcf5607ca96f8ef432096a96986c40a/classmate-1.3.1.jar:/home/arian/.gradle/caches/modules-2/files-2.1/org.aspectj/aspectjweaver/1.8.11/9807e0e13c8a295f15882721db50fa3d142c44a9/aspectjweaver-1.8.11.jar:/home/arian/.gradle/caches/modules-2/files-2.1/org.apache.tomcat/tomcat-jdbc/8.5.23/6036400a8f2d90dd3ae3a4d09e5136c56002887b/tomcat-jdbc-8.5.23.jar:/home/arian/.gradle/caches/modules-2/files-2.1/org.hibernate.javax.persistence/hibernate-jpa-2.1-api/1.0.0.Final/5e731d961297e5a07290bfaf3db1fbc8bbbf405a/hibernate-jpa-2.1-api-1.0.0.Final.jar:/home/arian/.gradle/caches/modules-2/files-2.1/antlr/antlr/2.7.7/83cd2cd674a217ade95a4bb83a8a14f351f48bd0/antlr-2.7.7.jar:/home/arian/.gradle/caches/modules-2/files-2.1/org.jboss/jandex/2.0.0.Final/3e899258936f94649c777193e1be846387ed54b3/jandex-2.0.0.Final.jar:/home/arian/.gradle/caches/modules-2/files-2.1/dom4j/dom4j/1.6.1/5d3ccc056b6f056dbf0dddfdf43894b9065a8f94/dom4j-1.6.1.jar:/home/arian/.gradle/caches/modules-2/files-2.1/com.ibm.jbatch/com.ibm.jbatch-tck-spi/1.0/8ac869b0a60bff1a15eba0fb6398942410396938/com.ibm.jbatch-tck-spi-1.0.jar:/home/arian/.gradle/caches/modules-2/files-2.1/com.thoughtworks.xstream/xstream/1.4.7/bce3282142b63068260f021fcbe48b72e8d71a1a/xstream-1.4.7.jar:/home/arian/.gradle/caches/modules-2/files-2.1/org.codehaus.jettison/jettison/1.2/765a6181653f4b05c18c7a9e8f5c1f8269bf9b2/jettison-1.2.jar:/home/arian/.gradle/caches/modules-2/files-2.1/org.glassfish.jersey.ext/jersey-entity-filtering/2.25.1/4a5805060f796ec2c9bb1ba0ce91c1db6d889524/jersey-entity-filtering-2.25.1.jar:/home/arian/.gradle/caches/modules-2/files-2.1/javax.ws.rs/javax.ws.rs-api/2.0.1/104e9c2b5583cfcfeac0402316221648d6d8ea6b/javax.ws.rs-api-2.0.1.jar:/home/arian/.gradle/caches/modules-2/files-2.1/javax.annotation/javax.annotation-api/1.2/479c1e06db31c432330183f5cae684163f186146/javax.annotation-api-1.2.jar:/home/arian/.gradle/caches/modules-2/files-2.1/org.glassfish.hk2/hk2-api/2.5.0-b32/6a576c9653832ce610b80a2f389374ef19d96171/hk2-api-2.5.0-b32.jar:/home/arian/.gradle/caches/modules-2/files-2.1/org.glassfish.hk2.external/javax.inject/2.5.0-b32/b2fa50c8186a38728c35fe6a9da57ce4cc806923/javax.inject-2.5.0-b32.jar:/home/arian/.gradle/caches/modules-2/files-2.1/net.minidev/json-smart/2.2.1/5b9e5df7a62d1279b70dc882b041d249c4f0b002/json-smart-2.2.1.jar:/home/arian/.gradle/caches/modules-2/files-2.1/org.objenesis/objenesis/2.1/87c0ea803b69252868d09308b4618f766f135a96/objenesis-2.1.jar:/home/arian/.gradle/caches/modules-2/files-2.1/org.mongodb/mongodb-driver-core/3.4.3/c588da4e7b4ac9330e58d4d5b414508ccb14367b/mongodb-driver-core-3.4.3.jar:/home/arian/.gradle/caches/modules-2/files-2.1/org.mongodb/bson/3.4.3/83a9328ce8ffbdf29f4b46b531012427983ad3ec/bson-3.4.3.jar:/home/arian/.gradle/caches/modules-2/files-2.1/commons-lang/commons-lang/2.4/16313e02a793435009f1e458fa4af5d879f6fb11/commons-lang-2.4.jar:/home/arian/.gradle/caches/modules-2/files-2.1/org.mortbay.jetty/servlet-api/2.5-20081211/22bff70037e1e6fa7e6413149489552ee2064702/servlet-api-2.5-20081211.jar:/home/arian/.gradle/caches/modules-2/files-2.1/org.mortbay.jetty/servlet-api-2.5/6.1.14/5f07601ab7d7c85dd9e38a17c0e1b0edfbd4a191/servlet-api-2.5-6.1.14.jar:/home/arian/.gradle/caches/modules-2/files-2.1/ant/ant/1.6.5/7d18faf23df1a5c3a43613952e0e8a182664564b/ant-1.6.5.jar:/home/arian/.gradle/caches/modules-2/files-2.1/org.apache.tomcat/tomcat-annotations-api/8.5.23/aaf17df9fe0240e9e9d5375d24d5f177174b73d9/tomcat-annotations-api-8.5.23.jar:/home/arian/.gradle/caches/modules-2/files-2.1/org.apache.tomcat/tomcat-juli/8.5.23/98e7f0610b7b2fb8303f11be0210e3f5a56a7d55/tomcat-juli-8.5.23.jar:/home/arian/.gradle/caches/modules-2/files-2.1/xml-apis/xml-apis/1.0.b2/3136ca936f64c9d68529f048c2618bd356bf85c9/xml-apis-1.0.b2.jar:/home/arian/.gradle/caches/modules-2/files-2.1/javax.batch/javax.batch-api/1.0/65392d027a6eb369fd9fcd1b75cae150e25ac03c/javax.batch-api-1.0.jar:/home/arian/.gradle/caches/modules-2/files-2.1/xmlpull/xmlpull/1.1.3.1/2b8e230d2ab644e4ecaa94db7cdedbc40c805dfa/xmlpull-1.1.3.1.jar:/home/arian/.gradle/caches/modules-2/files-2.1/xpp3/xpp3_min/1.1.4c/19d4e90b43059058f6e056f794f0ea4030d60b86/xpp3_min-1.1.4c.jar:/home/arian/.gradle/caches/modules-2/files-2.1/org.glassfish.jersey.bundles.repackaged/jersey-guava/2.25.1/a2bb4f8208e134cf2cf71dfb8824e42942f7bd06/jersey-guava-2.25.1.jar:/home/arian/.gradle/caches/modules-2/files-2.1/org.glassfish.hk2/osgi-resource-locator/1.0.1/4ed2b2d4738aed5786cfa64cba5a332779c4c708/osgi-resource-locator-1.0.1.jar:/home/arian/.gradle/caches/modules-2/files-2.1/org.glassfish.hk2/hk2-utils/2.5.0-b32/5108a926988c4ceda7f1e681dddfe3101454a002/hk2-utils-2.5.0-b32.jar:/home/arian/.gradle/caches/modules-2/files-2.1/org.glassfish.hk2.external/aopalliance-repackaged/2.5.0-b32/6af37c3f8ec6f9e9653ec837eb508da28ce443cd/aopalliance-repackaged-2.5.0-b32.jar:/home/arian/.gradle/caches/modules-2/files-2.1/org.glassfish.hk2/class-model/2.5.0-b32/17f054f3e91898c0c0fc52163ad904b13c24e8b/class-model-2.5.0-b32.jar:/home/arian/.gradle/caches/modules-2/files-2.1/com.fasterxml.jackson.core/jackson-core/2.8.10/eb21a035c66ad307e66ec8fce37f5d50fd62d039/jackson-core-2.8.10.jar:/home/arian/.gradle/caches/modules-2/files-2.1/net.minidev/accessors-smart/1.1/a527213f2fea112a04c9bdf0ec0264e34104cd08/accessors-smart-1.1.jar:/home/arian/.gradle/caches/modules-2/files-2.1/ch.qos.logback/logback-core/1.1.11/88b8df40340eed549fb07e2613879bf6b006704d/logback-core-1.1.11.jar:/home/arian/.gradle/caches/modules-2/files-2.1/javax.inject/javax.inject/1/6975da39a7040257bd51d21a231b76c915872d38/javax.inject-1.jar:/home/arian/.gradle/caches/modules-2/files-2.1/org.glassfish.hk2.external/asm-all-repackaged/2.5.0-b32/dc705f1d54cd5a96cbc5a473525e75ef1cb59a9e/asm-all-repackaged-2.5.0-b32.jar:/home/arian/.gradle/caches/modules-2/files-2.1/org.ow2.asm/asm/5.0.3/dcc2193db20e19e1feca8b1240dbbc4e190824fa/asm-5.0.3.jar:/home/arian/.gradle/caches/modules-2/files-2.1/org.codehaus.jackson/jackson-core-asl/1.9.13/3c304d70f42f832e0a86d45bd437f692129299a4/jackson-core-asl-1.9.13.jar, user.name=arian, java.vm.specification.version=1.8, sun.java.command=worker.org.gradle.process.internal.worker.GradleWorkerMain 'Gradle Test Executor 76', java.home=/usr/lib/jvm/jdk1.8.0_111/jre, sun.arch.data.model=64, user.language=en, java.specification.vendor=Oracle Corporation, awt.toolkit=sun.awt.X11.XToolkit, java.vm.info=mixed mode, java.version=1.8.0_111, java.ext.dirs=/usr/lib/jvm/jdk1.8.0_111/jre/lib/ext:/usr/java/packages/lib/ext, sun.boot.class.path=/usr/lib/jvm/jdk1.8.0_111/jre/lib/resources.jar:/usr/lib/jvm/jdk1.8.0_111/jre/lib/rt.jar:/usr/lib/jvm/jdk1.8.0_111/jre/lib/sunrsasign.jar:/usr/lib/jvm/jdk1.8.0_111/jre/lib/jsse.jar:/usr/lib/jvm/jdk1.8.0_111/jre/lib/jce.jar:/usr/lib/jvm/jdk1.8.0_111/jre/lib/charsets.jar:/usr/lib/jvm/jdk1.8.0_111/jre/lib/jfr.jar:/usr/lib/jvm/jdk1.8.0_111/jre/classes, java.vendor=Oracle Corporation, org.gradle.test.worker=76, file.separator=/, java.vendor.url.bug=http://bugreport.sun.com/bugreport/, sun.io.unicode.encoding=UnicodeLittle, sun.cpu.endian=little, sun.desktop=gnome, sun.cpu.isalist=}}, SystemEnvironmentPropertySource@1303527518 {name='systemEnvironment', properties={PATH=/home/arian/.sdkman/candidates/gradle/current/bin:/home/arian/bin:/home/arian/.local/bin:/usr/local/sbin:/usr/local/bin:/usr/sbin:/usr/bin:/sbin:/bin:/usr/games:/usr/local/games:/snap/bin:/usr/lib/jvm/java-8-oracle/bin:/usr/lib/jvm/java-8-oracle/db/bin:/usr/lib/jvm/java-8-oracle/jre/bin:/usr/lib/jvm/jdk1.8.0_111/jre/bin:/usr/lib/jvm/jdk1.8.0_111/jre/bin:/usr/lib/jvm/jdk1.8.0_111/jre/bin, XAUTHORITY=/home/arian/.Xauthority, SDKMAN_VERSION=5.5.13+272, XMODIFIERS=@im=ibus, XDG_DATA_DIRS=/usr/share/ubuntu:/usr/share/gnome:/usr/local/share/:/usr/share/:/var/lib/snapd/desktop, GDMSESSION=ubuntu, MANDATORY_PATH=/usr/share/gconf/ubuntu.mandatory.path, GTK_IM_MODULE=ibus, DBUS_SESSION_BUS_ADDRESS=unix:abstract=/tmp/dbus-FToFMEX2A7, DEFAULTS_PATH=/usr/share/gconf/ubuntu.default.path, XDG_CURRENT_DESKTOP=Unity, UPSTART_SESSION=unix:abstract=/com/ubuntu/upstart-session/1000/1070, QT4_IM_MODULE=xim, SDKMAN_DIR=/home/arian/.sdkman, QT_LINUX_ACCESSIBILITY_ALWAYS_ON=1, LOGNAME=arian, JOB=unity-settings-daemon, PWD=/home/arian/workspace/cut-costs, DERBY_HOME=/usr/lib/jvm/java-8-oracle/db, IM_CONFIG_PHASE=1, LANGUAGE=en_CA:en, WINDOWID=58770162, SHELL=/bin/bash, LESSOPEN=| /usr/bin/lesspipe %s, INSTANCE=, GTK2_MODULES=overlay-scrollbar, J2SDKDIR=/usr/lib/jvm/java-8-oracle, OLDPWD=/home/arian/workspace/cut-costs, UPSTART_INSTANCE=, GNOME_DESKTOP_SESSION_ID=this-is-deprecated, GTK_MODULES=gail:atk-bridge:unity-gtk-module, J2REDIR=/usr/lib/jvm/java-8-oracle/jre, CLUTTER_IM_MODULE=xim, XDG_SESSION_PATH=/org/freedesktop/DisplayManager/Session0, COMPIZ_BIN_PATH=/usr/bin/, SESSIONTYPE=gnome-session, XDG_SESSION_DESKTOP=ubuntu, LS_COLORS=rs=0:di=01;34:ln=01;36:mh=00:pi=40;33:so=01;35:do=01;35:bd=40;33;01:cd=40;33;01:or=40;31;01:mi=00:su=37;41:sg=30;43:ca=30;41:tw=30;42:ow=34;42:st=37;44:ex=01;32:*.tar=01;31:*.tgz=01;31:*.arc=01;31:*.arj=01;31:*.taz=01;31:*.lha=01;31:*.lz4=01;31:*.lzh=01;31:*.lzma=01;31:*.tlz=01;31:*.txz=01;31:*.tzo=01;31:*.t7z=01;31:*.zip=01;31:*.z=01;31:*.Z=01;31:*.dz=01;31:*.gz=01;31:*.lrz=01;31:*.lz=01;31:*.lzo=01;31:*.xz=01;31:*.bz2=01;31:*.bz=01;31:*.tbz=01;31:*.tbz2=01;31:*.tz=01;31:*.deb=01;31:*.rpm=01;31:*.jar=01;31:*.war=01;31:*.ear=01;31:*.sar=01;31:*.rar=01;31:*.alz=01;31:*.ace=01;31:*.zoo=01;31:*.cpio=01;31:*.7z=01;31:*.rz=01;31:*.cab=01;31:*.jpg=01;35:*.jpeg=01;35:*.gif=01;35:*.bmp=01;35:*.pbm=01;35:*.pgm=01;35:*.ppm=01;35:*.tga=01;35:*.xbm=01;35:*.xpm=01;35:*.tif=01;35:*.tiff=01;35:*.png=01;35:*.svg=01;35:*.svgz=01;35:*.mng=01;35:*.pcx=01;35:*.mov=01;35:*.mpg=01;35:*.mpeg=01;35:*.m2v=01;35:*.mkv=01;35:*.webm=01;35:*.ogm=01;35:*.mp4=01;35:*.m4v=01;35:*.mp4v=01;35:*.vob=01;35:*.qt=01;35:*.nuv=01;35:*.wmv=01;35:*.asf=01;35:*.rm=01;35:*.rmvb=01;35:*.flc=01;35:*.avi=01;35:*.fli=01;35:*.flv=01;35:*.gl=01;35:*.dl=01;35:*.xcf=01;35:*.xwd=01;35:*.yuv=01;35:*.cgm=01;35:*.emf=01;35:*.ogv=01;35:*.ogx=01;35:*.aac=00;36:*.au=00;36:*.flac=00;36:*.m4a=00;36:*.mid=00;36:*.midi=00;36:*.mka=00;36:*.mp3=00;36:*.mpc=00;36:*.ogg=00;36:*.ra=00;36:*.wav=00;36:*.oga=00;36:*.opus=00;36:*.spx=00;36:*.xspf=00;36:, SDKMAN_CURRENT_API=https://api.sdkman.io/2, SHLVL=1, LESSCLOSE=/usr/bin/lesspipe %s %s, COMPIZ_CONFIG_PROFILE=ubuntu, QT_IM_MODULE=ibus, UPSTART_JOB=unity7, JAVA_HOME=/usr/lib/jvm/jdk1.8.0_111/jre, TERM=xterm-256color, XFILESEARCHPATH=/usr/dt/app-defaults/%L/Dt, XDG_CONFIG_DIRS=/etc/xdg/xdg-ubuntu:/usr/share/upstart/xdg:/etc/xdg, GNOME_KEYRING_CONTROL=, LANG=en_CA.UTF-8, XDG_SEAT_PATH=/org/freedesktop/DisplayManager/Seat0, XDG_SESSION_ID=c1, XDG_SESSION_TYPE=x11, GRADLE_HOME=/home/arian/.sdkman/candidates/gradle/current, DISPLAY=:0, DATABASE_URL=mysql://root:password@localhost:3306/cutcostsdb?useSSL=false, SDKMAN_CANDIDATES_DIR=/home/arian/.sdkman/candidates, _=./gradlew, SDKMAN_LEGACY_API=https://api.sdkman.io/1, GDM_LANG=en_CA, XDG_GREETER_DATA_DIR=/var/lib/lightdm-data/arian, UPSTART_EVENTS=xsession started, CATALINA_HOME=/opt/apache-tomcat, GPG_AGENT_INFO=/home/arian/.gnupg/S.gpg-agent:0:1, DESKTOP_SESSION=ubuntu, SESSION=ubuntu, SDKMAN_PLATFORM=Linux64, USER=arian, VTE_VERSION=4205, QT_ACCESSIBILITY=1, SSH_AUTH_SOCK=/run/user/1000/keyring/ssh, XDG_SEAT=seat0, NLSPATH=/usr/dt/lib/nls/msg/%L/%N.cat, QT_QPA_PLATFORMTHEME=appmenu-qt5, XDG_VTNR=7, XDG_RUNTIME_DIR=/run/user/1000, HOME=/home/arian, GNOME_KEYRING_PID=}}]
15:27:14.932 [Test worker] DEBUG org.springframework.core.env.StandardEnvironment - Adding PropertySource 'test' with highest search precedence
15:27:14.933 [Test worker] DEBUG org.springframework.core.env.MutablePropertySources - Adding PropertySource 'inline' with highest search precedence
15:27:14.938 [Test worker] DEBUG org.springframework.test.context.support.TestPropertySourceUtils - Adding inlined properties to environment: {spring.jmx.enabled=false, org.springframework.boot.test.context.SpringBootTestContextBootstrapper=true, server.port=-1}
15:27:14.939 [Test worker] DEBUG org.springframework.core.env.StandardEnvironment - Adding PropertySource 'Inlined Test Properties' with highest search precedence

  .   ____          _            __ _ _
 /\\ / ___'_ __ _ _(_)_ __  __ _ \ \ \ \
( ( )\___ | '_ | '_| | '_ \/ _` | \ \ \ \
 \\/  ___)| |_)| | | | | || (_| |  ) ) ) )
  '  |____| .__|_| |_|_| |_\__, | / / / /
 =========|_|==============|___/=/_/_/_/
 :: Spring Boot ::        (v1.5.8.RELEASE)

2017-11-25 15:27:15.219  INFO 17985 --- [    Test worker] c.b.c.c.AuthenticationControllerTest     : Starting AuthenticationControllerTest on arian-local with PID 17985 (started by arian in /home/arian/workspace/cut-costs)
2017-11-25 15:27:15.220  INFO 17985 --- [    Test worker] c.b.c.c.AuthenticationControllerTest     : The following profiles are active: test
2017-11-25 15:27:15.246  INFO 17985 --- [    Test worker] o.s.w.c.s.GenericWebApplicationContext   : Refreshing org.springframework.web.context.support.GenericWebApplicationContext@2133f500: startup date [Sat Nov 25 15:27:15 PST 2017]; root of context hierarchy
2017-11-25 15:27:15.246 DEBUG 17985 --- [    Test worker] o.s.w.c.s.GenericWebApplicationContext   : Bean factory for org.springframework.web.context.support.GenericWebApplicationContext@2133f500: org.springframework.beans.factory.support.DefaultListableBeanFactory@1648028f: defining beans [org.springframework.context.annotation.internalConfigurationAnnotationProcessor,org.springframework.context.annotation.internalAutowiredAnnotationProcessor,org.springframework.context.annotation.internalRequiredAnnotationProcessor,org.springframework.context.annotation.internalCommonAnnotationProcessor,org.springframework.context.annotation.internalPersistenceAnnotationProcessor,org.springframework.context.event.internalEventListenerProcessor,org.springframework.context.event.internalEventListenerFactory,org.springframework.boot.test.context.ImportsContextCustomizer$ImportsCleanupPostProcessor,org.springframework.boot.test.context.ImportsContextCustomizer$ImportsConfiguration,org.springframework.boot.test.mock.mockito.MockitoPostProcessor$SpyPostProcessor,org.springframework.boot.test.mock.mockito.MockitoPostProcessor,app]; root of factory hierarchy
2017-11-25 15:27:15.980  INFO 17985 --- [    Test worker] org.eclipse.jetty.util.log               : Logging initialized @2014ms
2017-11-25 15:27:16.532  INFO 17985 --- [    Test worker] o.s.b.f.s.DefaultListableBeanFactory     : Overriding bean definition for bean 'httpRequestHandlerAdapter' with a different definition: replacing [Root bean: class [null]; scope=; abstract=false; lazyInit=false; autowireMode=3; dependencyCheck=0; autowireCandidate=true; primary=false; factoryBeanName=org.springframework.boot.autoconfigure.web.WebMvcAutoConfiguration$EnableWebMvcConfiguration; factoryMethodName=httpRequestHandlerAdapter; initMethodName=null; destroyMethodName=(inferred); defined in class path resource [org/springframework/boot/autoconfigure/web/WebMvcAutoConfiguration$EnableWebMvcConfiguration.class]] with [Root bean: class [null]; scope=; abstract=false; lazyInit=false; autowireMode=3; dependencyCheck=0; autowireCandidate=true; primary=false; factoryBeanName=org.springframework.data.rest.webmvc.config.RepositoryRestMvcConfiguration; factoryMethodName=httpRequestHandlerAdapter; initMethodName=null; destroyMethodName=(inferred); defined in class path resource [org/springframework/data/rest/webmvc/config/RepositoryRestMvcConfiguration.class]]
2017-11-25 15:27:16.597  INFO 17985 --- [    Test worker] o.s.b.f.s.DefaultListableBeanFactory     : Overriding bean definition for bean 'managementServletContext' with a different definition: replacing [Root bean: class [null]; scope=; abstract=false; lazyInit=false; autowireMode=3; dependencyCheck=0; autowireCandidate=true; primary=false; factoryBeanName=org.springframework.boot.actuate.autoconfigure.EndpointWebMvcHypermediaManagementContextConfiguration; factoryMethodName=managementServletContext; initMethodName=null; destroyMethodName=(inferred); defined in class path resource [org/springframework/boot/actuate/autoconfigure/EndpointWebMvcHypermediaManagementContextConfiguration.class]] with [Root bean: class [null]; scope=; abstract=false; lazyInit=false; autowireMode=3; dependencyCheck=0; autowireCandidate=true; primary=false; factoryBeanName=org.springframework.boot.actuate.autoconfigure.EndpointWebMvcAutoConfiguration; factoryMethodName=managementServletContext; initMethodName=null; destroyMethodName=(inferred); defined in class path resource [org/springframework/boot/actuate/autoconfigure/EndpointWebMvcAutoConfiguration.class]]
2017-11-25 15:27:16.627  INFO 17985 --- [    Test worker] .s.d.r.c.RepositoryConfigurationDelegate : Multiple Spring Data modules found, entering strict repository configuration mode!
2017-11-25 15:27:16.694  INFO 17985 --- [    Test worker] .s.d.r.c.RepositoryConfigurationDelegate : Multiple Spring Data modules found, entering strict repository configuration mode!
2017-11-25 15:27:16.716  INFO 17985 --- [    Test worker] .RepositoryConfigurationExtensionSupport : Spring Data MongoDB - Could not safely identify store assignment for repository candidate interface com.boot.cut_costs.repository.InvitationRepository.
2017-11-25 15:27:16.716  INFO 17985 --- [    Test worker] .RepositoryConfigurationExtensionSupport : Spring Data MongoDB - Could not safely identify store assignment for repository candidate interface com.boot.cut_costs.repository.ExpenseRepository.
2017-11-25 15:27:16.717  INFO 17985 --- [    Test worker] .RepositoryConfigurationExtensionSupport : Spring Data MongoDB - Could not safely identify store assignment for repository candidate interface com.boot.cut_costs.repository.UserDetailsRepository.
2017-11-25 15:27:16.717  INFO 17985 --- [    Test worker] .RepositoryConfigurationExtensionSupport : Spring Data MongoDB - Could not safely identify store assignment for repository candidate interface com.boot.cut_costs.repository.GroupRepository.
2017-11-25 15:27:16.717  INFO 17985 --- [    Test worker] .RepositoryConfigurationExtensionSupport : Spring Data MongoDB - Could not safely identify store assignment for repository candidate interface com.boot.cut_costs.repository.UserRepository.
2017-11-25 15:27:17.298  INFO 17985 --- [    Test worker] f.a.AutowiredAnnotationBeanPostProcessor : JSR-330 'javax.inject.Inject' annotation found and supported for autowiring
2017-11-25 15:27:17.493  INFO 17985 --- [    Test worker] trationDelegate$BeanPostProcessorChecker : Bean 'org.springframework.transaction.annotation.ProxyTransactionManagementConfiguration' of type [org.springframework.transaction.annotation.ProxyTransactionManagementConfiguration$$EnhancerBySpringCGLIB$$7276176c] is not eligible for getting processed by all BeanPostProcessors (for example: not eligible for auto-proxying)
2017-11-25 15:27:17.565 DEBUG 17985 --- [    Test worker] o.s.w.c.s.GenericWebApplicationContext   : Unable to locate MessageSource with name 'messageSource': using default [org.springframework.context.support.DelegatingMessageSource@5bee9684]
2017-11-25 15:27:17.565 DEBUG 17985 --- [    Test worker] o.s.w.c.s.GenericWebApplicationContext   : Unable to locate ApplicationEventMulticaster with name 'applicationEventMulticaster': using default [org.springframework.context.event.SimpleApplicationEventMulticaster@9783f32]
TESTTT-----------------+++++++++++++++++++++~~~~~~~~~~~~~~~~~~~~~~
2017-11-25 15:27:18.290  INFO 17985 --- [    Test worker] j.LocalContainerEntityManagerFactoryBean : Building JPA container EntityManagerFactory for persistence unit 'default'
2017-11-25 15:27:18.305  INFO 17985 --- [    Test worker] o.hibernate.jpa.internal.util.LogHelper  : HHH000204: Processing PersistenceUnitInfo [
	name: default
	...]
2017-11-25 15:27:18.366  INFO 17985 --- [    Test worker] org.hibernate.Version                    : HHH000412: Hibernate Core {5.0.12.Final}
2017-11-25 15:27:18.367  INFO 17985 --- [    Test worker] org.hibernate.cfg.Environment            : HHH000206: hibernate.properties not found
2017-11-25 15:27:18.369  INFO 17985 --- [    Test worker] org.hibernate.cfg.Environment            : HHH000021: Bytecode provider name : javassist
2017-11-25 15:27:18.408  INFO 17985 --- [    Test worker] o.hibernate.annotations.common.Version   : HCANN000001: Hibernate Commons Annotations {5.0.1.Final}
2017-11-25 15:27:18.464 DEBUG 17985 --- [    Test worker] org.hibernate.type.BasicTypeRegistry     : Adding type registration boolean -> org.hibernate.type.BooleanType@703ab47b
2017-11-25 15:27:18.464 DEBUG 17985 --- [    Test worker] org.hibernate.type.BasicTypeRegistry     : Adding type registration boolean -> org.hibernate.type.BooleanType@703ab47b
2017-11-25 15:27:18.464 DEBUG 17985 --- [    Test worker] org.hibernate.type.BasicTypeRegistry     : Adding type registration java.lang.Boolean -> org.hibernate.type.BooleanType@703ab47b
2017-11-25 15:27:18.465 DEBUG 17985 --- [    Test worker] org.hibernate.type.BasicTypeRegistry     : Adding type registration numeric_boolean -> org.hibernate.type.NumericBooleanType@240b9bad
2017-11-25 15:27:18.469 DEBUG 17985 --- [    Test worker] org.hibernate.type.BasicTypeRegistry     : Adding type registration true_false -> org.hibernate.type.TrueFalseType@3a502cbb
2017-11-25 15:27:18.470 DEBUG 17985 --- [    Test worker] org.hibernate.type.BasicTypeRegistry     : Adding type registration yes_no -> org.hibernate.type.YesNoType@5030534a
2017-11-25 15:27:18.471 DEBUG 17985 --- [    Test worker] org.hibernate.type.BasicTypeRegistry     : Adding type registration byte -> org.hibernate.type.ByteType@1a40e2e2
2017-11-25 15:27:18.471 DEBUG 17985 --- [    Test worker] org.hibernate.type.BasicTypeRegistry     : Adding type registration byte -> org.hibernate.type.ByteType@1a40e2e2
2017-11-25 15:27:18.471 DEBUG 17985 --- [    Test worker] org.hibernate.type.BasicTypeRegistry     : Adding type registration java.lang.Byte -> org.hibernate.type.ByteType@1a40e2e2
2017-11-25 15:27:18.472 DEBUG 17985 --- [    Test worker] org.hibernate.type.BasicTypeRegistry     : Adding type registration character -> org.hibernate.type.CharacterType@20ea76b9
2017-11-25 15:27:18.473 DEBUG 17985 --- [    Test worker] org.hibernate.type.BasicTypeRegistry     : Adding type registration char -> org.hibernate.type.CharacterType@20ea76b9
2017-11-25 15:27:18.473 DEBUG 17985 --- [    Test worker] org.hibernate.type.BasicTypeRegistry     : Adding type registration java.lang.Character -> org.hibernate.type.CharacterType@20ea76b9
2017-11-25 15:27:18.475 DEBUG 17985 --- [    Test worker] org.hibernate.type.BasicTypeRegistry     : Adding type registration short -> org.hibernate.type.ShortType@20e7a5e7
2017-11-25 15:27:18.475 DEBUG 17985 --- [    Test worker] org.hibernate.type.BasicTypeRegistry     : Adding type registration short -> org.hibernate.type.ShortType@20e7a5e7
2017-11-25 15:27:18.475 DEBUG 17985 --- [    Test worker] org.hibernate.type.BasicTypeRegistry     : Adding type registration java.lang.Short -> org.hibernate.type.ShortType@20e7a5e7
2017-11-25 15:27:18.476 DEBUG 17985 --- [    Test worker] org.hibernate.type.BasicTypeRegistry     : Adding type registration integer -> org.hibernate.type.IntegerType@702d8eba
2017-11-25 15:27:18.476 DEBUG 17985 --- [    Test worker] org.hibernate.type.BasicTypeRegistry     : Adding type registration int -> org.hibernate.type.IntegerType@702d8eba
2017-11-25 15:27:18.476 DEBUG 17985 --- [    Test worker] org.hibernate.type.BasicTypeRegistry     : Adding type registration java.lang.Integer -> org.hibernate.type.IntegerType@702d8eba
2017-11-25 15:27:18.478 DEBUG 17985 --- [    Test worker] org.hibernate.type.BasicTypeRegistry     : Adding type registration long -> org.hibernate.type.LongType@16f188d2
2017-11-25 15:27:18.478 DEBUG 17985 --- [    Test worker] org.hibernate.type.BasicTypeRegistry     : Adding type registration long -> org.hibernate.type.LongType@16f188d2
2017-11-25 15:27:18.478 DEBUG 17985 --- [    Test worker] org.hibernate.type.BasicTypeRegistry     : Adding type registration java.lang.Long -> org.hibernate.type.LongType@16f188d2
2017-11-25 15:27:18.479 DEBUG 17985 --- [    Test worker] org.hibernate.type.BasicTypeRegistry     : Adding type registration float -> org.hibernate.type.FloatType@5a07cd14
2017-11-25 15:27:18.479 DEBUG 17985 --- [    Test worker] org.hibernate.type.BasicTypeRegistry     : Adding type registration float -> org.hibernate.type.FloatType@5a07cd14
2017-11-25 15:27:18.479 DEBUG 17985 --- [    Test worker] org.hibernate.type.BasicTypeRegistry     : Adding type registration java.lang.Float -> org.hibernate.type.FloatType@5a07cd14
2017-11-25 15:27:18.481 DEBUG 17985 --- [    Test worker] org.hibernate.type.BasicTypeRegistry     : Adding type registration double -> org.hibernate.type.DoubleType@147d8ca8
2017-11-25 15:27:18.481 DEBUG 17985 --- [    Test worker] org.hibernate.type.BasicTypeRegistry     : Adding type registration double -> org.hibernate.type.DoubleType@147d8ca8
2017-11-25 15:27:18.481 DEBUG 17985 --- [    Test worker] org.hibernate.type.BasicTypeRegistry     : Adding type registration java.lang.Double -> org.hibernate.type.DoubleType@147d8ca8
2017-11-25 15:27:18.482 DEBUG 17985 --- [    Test worker] org.hibernate.type.BasicTypeRegistry     : Adding type registration big_decimal -> org.hibernate.type.BigDecimalType@6daa2aa3
2017-11-25 15:27:18.482 DEBUG 17985 --- [    Test worker] org.hibernate.type.BasicTypeRegistry     : Adding type registration java.math.BigDecimal -> org.hibernate.type.BigDecimalType@6daa2aa3
2017-11-25 15:27:18.483 DEBUG 17985 --- [    Test worker] org.hibernate.type.BasicTypeRegistry     : Adding type registration big_integer -> org.hibernate.type.BigIntegerType@37cbe73
2017-11-25 15:27:18.483 DEBUG 17985 --- [    Test worker] org.hibernate.type.BasicTypeRegistry     : Adding type registration java.math.BigInteger -> org.hibernate.type.BigIntegerType@37cbe73
2017-11-25 15:27:18.484 DEBUG 17985 --- [    Test worker] org.hibernate.type.BasicTypeRegistry     : Adding type registration string -> org.hibernate.type.StringType@6d085566
2017-11-25 15:27:18.484 DEBUG 17985 --- [    Test worker] org.hibernate.type.BasicTypeRegistry     : Adding type registration java.lang.String -> org.hibernate.type.StringType@6d085566
2017-11-25 15:27:18.484 DEBUG 17985 --- [    Test worker] org.hibernate.type.BasicTypeRegistry     : Adding type registration nstring -> org.hibernate.type.StringNVarcharType@238d74c5
2017-11-25 15:27:18.485 DEBUG 17985 --- [    Test worker] org.hibernate.type.BasicTypeRegistry     : Adding type registration ncharacter -> org.hibernate.type.CharacterNCharType@62491210
2017-11-25 15:27:18.486 DEBUG 17985 --- [    Test worker] org.hibernate.type.BasicTypeRegistry     : Adding type registration url -> org.hibernate.type.UrlType@24dd378
2017-11-25 15:27:18.486 DEBUG 17985 --- [    Test worker] org.hibernate.type.BasicTypeRegistry     : Adding type registration java.net.URL -> org.hibernate.type.UrlType@24dd378
2017-11-25 15:27:18.487 DEBUG 17985 --- [    Test worker] org.hibernate.type.BasicTypeRegistry     : Adding type registration date -> org.hibernate.type.DateType@420e2a
2017-11-25 15:27:18.487 DEBUG 17985 --- [    Test worker] org.hibernate.type.BasicTypeRegistry     : Adding type registration java.sql.Date -> org.hibernate.type.DateType@420e2a
2017-11-25 15:27:18.488 DEBUG 17985 --- [    Test worker] org.hibernate.type.BasicTypeRegistry     : Adding type registration time -> org.hibernate.type.TimeType@17d88f96
2017-11-25 15:27:18.489 DEBUG 17985 --- [    Test worker] org.hibernate.type.BasicTypeRegistry     : Adding type registration java.sql.Time -> org.hibernate.type.TimeType@17d88f96
2017-11-25 15:27:18.490 DEBUG 17985 --- [    Test worker] org.hibernate.type.BasicTypeRegistry     : Adding type registration timestamp -> org.hibernate.type.TimestampType@7c8e9dc4
2017-11-25 15:27:18.490 DEBUG 17985 --- [    Test worker] org.hibernate.type.BasicTypeRegistry     : Adding type registration java.sql.Timestamp -> org.hibernate.type.TimestampType@7c8e9dc4
2017-11-25 15:27:18.490 DEBUG 17985 --- [    Test worker] org.hibernate.type.BasicTypeRegistry     : Adding type registration java.util.Date -> org.hibernate.type.TimestampType@7c8e9dc4
2017-11-25 15:27:18.491 DEBUG 17985 --- [    Test worker] org.hibernate.type.BasicTypeRegistry     : Adding type registration dbtimestamp -> org.hibernate.type.DbTimestampType@4b01a0eb
2017-11-25 15:27:18.492 DEBUG 17985 --- [    Test worker] org.hibernate.type.BasicTypeRegistry     : Adding type registration calendar -> org.hibernate.type.CalendarType@b0d9ca2
2017-11-25 15:27:18.492 DEBUG 17985 --- [    Test worker] org.hibernate.type.BasicTypeRegistry     : Adding type registration java.util.Calendar -> org.hibernate.type.CalendarType@b0d9ca2
2017-11-25 15:27:18.492 DEBUG 17985 --- [    Test worker] org.hibernate.type.BasicTypeRegistry     : Adding type registration java.util.GregorianCalendar -> org.hibernate.type.CalendarType@b0d9ca2
2017-11-25 15:27:18.493 DEBUG 17985 --- [    Test worker] org.hibernate.type.BasicTypeRegistry     : Adding type registration calendar_date -> org.hibernate.type.CalendarDateType@a240861
2017-11-25 15:27:18.494 DEBUG 17985 --- [    Test worker] org.hibernate.type.BasicTypeRegistry     : Adding type registration locale -> org.hibernate.type.LocaleType@77cb3f5a
2017-11-25 15:27:18.494 DEBUG 17985 --- [    Test worker] org.hibernate.type.BasicTypeRegistry     : Adding type registration java.util.Locale -> org.hibernate.type.LocaleType@77cb3f5a
2017-11-25 15:27:18.495 DEBUG 17985 --- [    Test worker] org.hibernate.type.BasicTypeRegistry     : Adding type registration currency -> org.hibernate.type.CurrencyType@2410ce7f
2017-11-25 15:27:18.495 DEBUG 17985 --- [    Test worker] org.hibernate.type.BasicTypeRegistry     : Adding type registration java.util.Currency -> org.hibernate.type.CurrencyType@2410ce7f
2017-11-25 15:27:18.495 DEBUG 17985 --- [    Test worker] org.hibernate.type.BasicTypeRegistry     : Adding type registration timezone -> org.hibernate.type.TimeZoneType@3ab9cc18
2017-11-25 15:27:18.496 DEBUG 17985 --- [    Test worker] org.hibernate.type.BasicTypeRegistry     : Adding type registration java.util.TimeZone -> org.hibernate.type.TimeZoneType@3ab9cc18
2017-11-25 15:27:18.496 DEBUG 17985 --- [    Test worker] org.hibernate.type.BasicTypeRegistry     : Adding type registration class -> org.hibernate.type.ClassType@20d1e872
2017-11-25 15:27:18.496 DEBUG 17985 --- [    Test worker] org.hibernate.type.BasicTypeRegistry     : Adding type registration java.lang.Class -> org.hibernate.type.ClassType@20d1e872
2017-11-25 15:27:18.497 DEBUG 17985 --- [    Test worker] org.hibernate.type.BasicTypeRegistry     : Adding type registration uuid-binary -> org.hibernate.type.UUIDBinaryType@44800259
2017-11-25 15:27:18.497 DEBUG 17985 --- [    Test worker] org.hibernate.type.BasicTypeRegistry     : Adding type registration java.util.UUID -> org.hibernate.type.UUIDBinaryType@44800259
2017-11-25 15:27:18.498 DEBUG 17985 --- [    Test worker] org.hibernate.type.BasicTypeRegistry     : Adding type registration uuid-char -> org.hibernate.type.UUIDCharType@768dc795
2017-11-25 15:27:18.499 DEBUG 17985 --- [    Test worker] org.hibernate.type.BasicTypeRegistry     : Adding type registration binary -> org.hibernate.type.BinaryType@ebfc4b0
2017-11-25 15:27:18.499 DEBUG 17985 --- [    Test worker] org.hibernate.type.BasicTypeRegistry     : Adding type registration byte[] -> org.hibernate.type.BinaryType@ebfc4b0
2017-11-25 15:27:18.499 DEBUG 17985 --- [    Test worker] org.hibernate.type.BasicTypeRegistry     : Adding type registration [B -> org.hibernate.type.BinaryType@ebfc4b0
2017-11-25 15:27:18.500 DEBUG 17985 --- [    Test worker] org.hibernate.type.BasicTypeRegistry     : Adding type registration wrapper-binary -> org.hibernate.type.WrapperBinaryType@3d0df6bd
2017-11-25 15:27:18.500 DEBUG 17985 --- [    Test worker] org.hibernate.type.BasicTypeRegistry     : Adding type registration Byte[] -> org.hibernate.type.WrapperBinaryType@3d0df6bd
2017-11-25 15:27:18.500 DEBUG 17985 --- [    Test worker] org.hibernate.type.BasicTypeRegistry     : Adding type registration [Ljava.lang.Byte; -> org.hibernate.type.WrapperBinaryType@3d0df6bd
2017-11-25 15:27:18.501 DEBUG 17985 --- [    Test worker] org.hibernate.type.BasicTypeRegistry     : Adding type registration row_version -> org.hibernate.type.RowVersionType@5794503d
2017-11-25 15:27:18.502 DEBUG 17985 --- [    Test worker] org.hibernate.type.BasicTypeRegistry     : Adding type registration image -> org.hibernate.type.ImageType@4a3e724a
2017-11-25 15:27:18.503 DEBUG 17985 --- [    Test worker] org.hibernate.type.BasicTypeRegistry     : Adding type registration characters -> org.hibernate.type.CharArrayType@558b805f
2017-11-25 15:27:18.503 DEBUG 17985 --- [    Test worker] org.hibernate.type.BasicTypeRegistry     : Adding type registration char[] -> org.hibernate.type.CharArrayType@558b805f
2017-11-25 15:27:18.503 DEBUG 17985 --- [    Test worker] org.hibernate.type.BasicTypeRegistry     : Adding type registration [C -> org.hibernate.type.CharArrayType@558b805f
2017-11-25 15:27:18.504 DEBUG 17985 --- [    Test worker] org.hibernate.type.BasicTypeRegistry     : Adding type registration wrapper-characters -> org.hibernate.type.CharacterArrayType@177e1e5b
2017-11-25 15:27:18.504 DEBUG 17985 --- [    Test worker] org.hibernate.type.BasicTypeRegistry     : Adding type registration [Ljava.lang.Character; -> org.hibernate.type.CharacterArrayType@177e1e5b
2017-11-25 15:27:18.504 DEBUG 17985 --- [    Test worker] org.hibernate.type.BasicTypeRegistry     : Adding type registration Character[] -> org.hibernate.type.CharacterArrayType@177e1e5b
2017-11-25 15:27:18.504 DEBUG 17985 --- [    Test worker] org.hibernate.type.BasicTypeRegistry     : Adding type registration text -> org.hibernate.type.TextType@62b4a8b
2017-11-25 15:27:18.505 DEBUG 17985 --- [    Test worker] org.hibernate.type.BasicTypeRegistry     : Adding type registration ntext -> org.hibernate.type.NTextType@20ac9b91
2017-11-25 15:27:18.508 DEBUG 17985 --- [    Test worker] org.hibernate.type.BasicTypeRegistry     : Adding type registration blob -> org.hibernate.type.BlobType@3d31adc3
2017-11-25 15:27:18.508 DEBUG 17985 --- [    Test worker] org.hibernate.type.BasicTypeRegistry     : Adding type registration java.sql.Blob -> org.hibernate.type.BlobType@3d31adc3
2017-11-25 15:27:18.508 DEBUG 17985 --- [    Test worker] org.hibernate.type.BasicTypeRegistry     : Adding type registration materialized_blob -> org.hibernate.type.MaterializedBlobType@320734e5
2017-11-25 15:27:18.510 DEBUG 17985 --- [    Test worker] org.hibernate.type.BasicTypeRegistry     : Adding type registration clob -> org.hibernate.type.ClobType@539e6bb2
2017-11-25 15:27:18.511 DEBUG 17985 --- [    Test worker] org.hibernate.type.BasicTypeRegistry     : Adding type registration java.sql.Clob -> org.hibernate.type.ClobType@539e6bb2
2017-11-25 15:27:18.513 DEBUG 17985 --- [    Test worker] org.hibernate.type.BasicTypeRegistry     : Adding type registration nclob -> org.hibernate.type.NClobType@1aecd3e7
2017-11-25 15:27:18.513 DEBUG 17985 --- [    Test worker] org.hibernate.type.BasicTypeRegistry     : Adding type registration java.sql.NClob -> org.hibernate.type.NClobType@1aecd3e7
2017-11-25 15:27:18.513 DEBUG 17985 --- [    Test worker] org.hibernate.type.BasicTypeRegistry     : Adding type registration materialized_clob -> org.hibernate.type.MaterializedClobType@46e9f189
2017-11-25 15:27:18.514 DEBUG 17985 --- [    Test worker] org.hibernate.type.BasicTypeRegistry     : Adding type registration materialized_nclob -> org.hibernate.type.MaterializedNClobType@46d891ca
2017-11-25 15:27:18.514 DEBUG 17985 --- [    Test worker] org.hibernate.type.BasicTypeRegistry     : Adding type registration serializable -> org.hibernate.type.SerializableType@7f5b80d0
2017-11-25 15:27:18.517 DEBUG 17985 --- [    Test worker] org.hibernate.type.BasicTypeRegistry     : Adding type registration object -> org.hibernate.type.ObjectType@36e422ce
2017-11-25 15:27:18.517 DEBUG 17985 --- [    Test worker] org.hibernate.type.BasicTypeRegistry     : Adding type registration java.lang.Object -> org.hibernate.type.ObjectType@36e422ce
2017-11-25 15:27:18.518 DEBUG 17985 --- [    Test worker] org.hibernate.type.BasicTypeRegistry     : Adding type registration imm_date -> org.hibernate.type.AdaptedImmutableType@af9074b
2017-11-25 15:27:18.518 DEBUG 17985 --- [    Test worker] org.hibernate.type.BasicTypeRegistry     : Adding type registration imm_time -> org.hibernate.type.AdaptedImmutableType@1d9cb688
2017-11-25 15:27:18.518 DEBUG 17985 --- [    Test worker] org.hibernate.type.BasicTypeRegistry     : Adding type registration imm_timestamp -> org.hibernate.type.AdaptedImmutableType@152622c6
2017-11-25 15:27:18.518 DEBUG 17985 --- [    Test worker] org.hibernate.type.BasicTypeRegistry     : Adding type registration imm_dbtimestamp -> org.hibernate.type.AdaptedImmutableType@235d125e
2017-11-25 15:27:18.518 DEBUG 17985 --- [    Test worker] org.hibernate.type.BasicTypeRegistry     : Adding type registration imm_calendar -> org.hibernate.type.AdaptedImmutableType@61dc8a21
2017-11-25 15:27:18.518 DEBUG 17985 --- [    Test worker] org.hibernate.type.BasicTypeRegistry     : Adding type registration imm_calendar_date -> org.hibernate.type.AdaptedImmutableType@190c5864
2017-11-25 15:27:18.518 DEBUG 17985 --- [    Test worker] org.hibernate.type.BasicTypeRegistry     : Adding type registration imm_binary -> org.hibernate.type.AdaptedImmutableType@3d186991
2017-11-25 15:27:18.518 DEBUG 17985 --- [    Test worker] org.hibernate.type.BasicTypeRegistry     : Adding type registration imm_serializable -> org.hibernate.type.AdaptedImmutableType@761c538e
2017-11-25 15:27:18.539  INFO 17985 --- [    Test worker] org.hibernate.dialect.Dialect            : HHH000400: Using dialect: org.hibernate.dialect.H2Dialect
2017-11-25 15:27:18.824 TRACE 17985 --- [    Test worker] org.hibernate.type.TypeFactory           : Scoping types to session factory org.hibernate.internal.SessionFactoryImpl@4f94a72
2017-11-25 15:27:19.058  INFO 17985 --- [    Test worker] org.hibernate.tool.hbm2ddl.SchemaUpdate  : HHH000228: Running hbm2ddl schema update
2017-11-25 15:27:19.071  INFO 17985 --- [    Test worker] rmationExtractorJdbcDatabaseMetaDataImpl : HHH000262: Table not found: `group`
2017-11-25 15:27:19.072  INFO 17985 --- [    Test worker] rmationExtractorJdbcDatabaseMetaDataImpl : HHH000262: Table not found: `group`
2017-11-25 15:27:19.081  INFO 17985 --- [    Test worker] rmationExtractorJdbcDatabaseMetaDataImpl : HHH000262: Table not found: `group_expenses`
2017-11-25 15:27:19.082  INFO 17985 --- [    Test worker] rmationExtractorJdbcDatabaseMetaDataImpl : HHH000262: Table not found: `group_expenses`
2017-11-25 15:27:19.083  INFO 17985 --- [    Test worker] rmationExtractorJdbcDatabaseMetaDataImpl : HHH000262: Table not found: `group_invitations`
2017-11-25 15:27:19.084  INFO 17985 --- [    Test worker] rmationExtractorJdbcDatabaseMetaDataImpl : HHH000262: Table not found: `group_invitations`
2017-11-25 15:27:19.085  INFO 17985 --- [    Test worker] rmationExtractorJdbcDatabaseMetaDataImpl : HHH000262: Table not found: expense
2017-11-25 15:27:19.086  INFO 17985 --- [    Test worker] rmationExtractorJdbcDatabaseMetaDataImpl : HHH000262: Table not found: expense
2017-11-25 15:27:19.089  INFO 17985 --- [    Test worker] rmationExtractorJdbcDatabaseMetaDataImpl : HHH000262: Table not found: expense_sharer
2017-11-25 15:27:19.090  INFO 17985 --- [    Test worker] rmationExtractorJdbcDatabaseMetaDataImpl : HHH000262: Table not found: expense_sharer
2017-11-25 15:27:19.091  INFO 17985 --- [    Test worker] rmationExtractorJdbcDatabaseMetaDataImpl : HHH000262: Table not found: group_user
2017-11-25 15:27:19.092  INFO 17985 --- [    Test worker] rmationExtractorJdbcDatabaseMetaDataImpl : HHH000262: Table not found: group_user
2017-11-25 15:27:19.093  INFO 17985 --- [    Test worker] rmationExtractorJdbcDatabaseMetaDataImpl : HHH000262: Table not found: invitation
2017-11-25 15:27:19.093  INFO 17985 --- [    Test worker] rmationExtractorJdbcDatabaseMetaDataImpl : HHH000262: Table not found: invitation
2017-11-25 15:27:19.095  INFO 17985 --- [    Test worker] rmationExtractorJdbcDatabaseMetaDataImpl : HHH000262: Table not found: role
2017-11-25 15:27:19.095  INFO 17985 --- [    Test worker] rmationExtractorJdbcDatabaseMetaDataImpl : HHH000262: Table not found: role
2017-11-25 15:27:19.097  INFO 17985 --- [    Test worker] rmationExtractorJdbcDatabaseMetaDataImpl : HHH000262: Table not found: user
2017-11-25 15:27:19.098  INFO 17985 --- [    Test worker] rmationExtractorJdbcDatabaseMetaDataImpl : HHH000262: Table not found: user
2017-11-25 15:27:19.100  INFO 17985 --- [    Test worker] rmationExtractorJdbcDatabaseMetaDataImpl : HHH000262: Table not found: user_owned_invitations
2017-11-25 15:27:19.101  INFO 17985 --- [    Test worker] rmationExtractorJdbcDatabaseMetaDataImpl : HHH000262: Table not found: user_owned_invitations
2017-11-25 15:27:19.102  INFO 17985 --- [    Test worker] rmationExtractorJdbcDatabaseMetaDataImpl : HHH000262: Table not found: user_received_expenses
2017-11-25 15:27:19.102  INFO 17985 --- [    Test worker] rmationExtractorJdbcDatabaseMetaDataImpl : HHH000262: Table not found: user_received_expenses
2017-11-25 15:27:19.104  INFO 17985 --- [    Test worker] rmationExtractorJdbcDatabaseMetaDataImpl : HHH000262: Table not found: user_received_invitations
2017-11-25 15:27:19.104  INFO 17985 --- [    Test worker] rmationExtractorJdbcDatabaseMetaDataImpl : HHH000262: Table not found: user_received_invitations
2017-11-25 15:27:19.106  INFO 17985 --- [    Test worker] rmationExtractorJdbcDatabaseMetaDataImpl : HHH000262: Table not found: user_details
2017-11-25 15:27:19.107  INFO 17985 --- [    Test worker] rmationExtractorJdbcDatabaseMetaDataImpl : HHH000262: Table not found: user_details
2017-11-25 15:27:19.109  INFO 17985 --- [    Test worker] rmationExtractorJdbcDatabaseMetaDataImpl : HHH000262: Table not found: user_details_role
2017-11-25 15:27:19.110  INFO 17985 --- [    Test worker] rmationExtractorJdbcDatabaseMetaDataImpl : HHH000262: Table not found: user_details_role
2017-11-25 15:27:19.229  INFO 17985 --- [    Test worker] j.LocalContainerEntityManagerFactoryBean : Initialized JPA EntityManagerFactory for persistence unit 'default'
2017-11-25 15:27:21.194  INFO 17985 --- [    Test worker] o.s.s.web.DefaultSecurityFilterChain     : Creating filter chain: Ant [pattern='/auth/**', POST], []
2017-11-25 15:27:21.276  INFO 17985 --- [    Test worker] o.s.s.web.DefaultSecurityFilterChain     : Creating filter chain: org.springframework.security.web.util.matcher.AnyRequestMatcher@1, [org.springframework.security.web.context.request.async.WebAsyncManagerIntegrationFilter@36526b26, org.springframework.security.web.context.SecurityContextPersistenceFilter@b04a52d, org.springframework.security.web.header.HeaderWriterFilter@6c5bce47, org.springframework.security.web.authentication.logout.LogoutFilter@51f1918a, com.boot.cut_costs.security.auth.jwt.JWTAuthenticationFilter@33804f6, org.springframework.security.web.savedrequest.RequestCacheAwareFilter@4bedc97e, org.springframework.security.web.servletapi.SecurityContextHolderAwareRequestFilter@47837890, org.springframework.security.web.authentication.AnonymousAuthenticationFilter@2ae0d381, org.springframework.security.web.session.SessionManagementFilter@66aba703, org.springframework.security.web.access.ExceptionTranslationFilter@2fa4a856, org.springframework.security.web.access.intercept.FilterSecurityInterceptor@312fb8f6]
2017-11-25 15:27:21.296  INFO 17985 --- [    Test worker] o.s.s.web.DefaultSecurityFilterChain     : Creating filter chain: Ant [pattern='/h2-console/**'], [org.springframework.security.web.context.request.async.WebAsyncManagerIntegrationFilter@2d48d297, org.springframework.security.web.context.SecurityContextPersistenceFilter@468c9be0, org.springframework.security.web.header.HeaderWriterFilter@2ea20a5a, org.springframework.security.web.authentication.logout.LogoutFilter@5d85835a, org.springframework.security.web.authentication.www.BasicAuthenticationFilter@21225bc, org.springframework.security.web.savedrequest.RequestCacheAwareFilter@4eebdefe, org.springframework.security.web.servletapi.SecurityContextHolderAwareRequestFilter@7025eda3, org.springframework.security.web.authentication.AnonymousAuthenticationFilter@59a5993c, org.springframework.security.web.session.SessionManagementFilter@1820fc54, org.springframework.security.web.access.ExceptionTranslationFilter@4eb8dafd, org.springframework.security.web.access.intercept.FilterSecurityInterceptor@31dcd696]
2017-11-25 15:27:21.365 DEBUG 17985 --- [    Test worker] s.w.s.m.m.a.RequestMappingHandlerMapping : Looking for request mappings in application context: org.springframework.web.context.support.GenericWebApplicationContext@2133f500: startup date [Sat Nov 25 15:27:15 PST 2017]; root of context hierarchy
2017-11-25 15:27:21.377 DEBUG 17985 --- [    Test worker] s.w.s.m.m.a.RequestMappingHandlerMapping : 2 request handler methods found on class com.boot.cut_costs.controller.AuthenticationController: {public void com.boot.cut_costs.controller.AuthenticationController.login(com.boot.cut_costs.dto.UserDetailsDto,javax.servlet.http.HttpServletResponse) throws java.io.IOException={[/auth/login],methods=[POST]}, public void com.boot.cut_costs.controller.AuthenticationController.create(com.boot.cut_costs.dto.UserDetailsDto,javax.servlet.http.HttpServletResponse,org.springframework.validation.BindingResult)={[/auth/signup],methods=[POST]}}
2017-11-25 15:27:21.377  INFO 17985 --- [    Test worker] s.w.s.m.m.a.RequestMappingHandlerMapping : Mapped "{[/auth/login],methods=[POST]}" onto public void com.boot.cut_costs.controller.AuthenticationController.login(com.boot.cut_costs.dto.UserDetailsDto,javax.servlet.http.HttpServletResponse) throws java.io.IOException
2017-11-25 15:27:21.378  INFO 17985 --- [    Test worker] s.w.s.m.m.a.RequestMappingHandlerMapping : Mapped "{[/auth/signup],methods=[POST]}" onto public void com.boot.cut_costs.controller.AuthenticationController.create(com.boot.cut_costs.dto.UserDetailsDto,javax.servlet.http.HttpServletResponse,org.springframework.validation.BindingResult)
2017-11-25 15:27:21.381 DEBUG 17985 --- [    Test worker] s.w.s.m.m.a.RequestMappingHandlerMapping : 6 request handler methods found on class com.boot.cut_costs.controller.ExpenseController: {public java.util.List com.boot.cut_costs.controller.ExpenseController.listExpenses(long,java.security.Principal)={[/expense/{groupId}/expense],methods=[GET]}, public com.boot.cut_costs.dto.expense.ExtendedGetExpenseDto com.boot.cut_costs.controller.ExpenseController.get(long,java.security.Principal)={[/expense/{expenseId}],methods=[GET]}, public com.boot.cut_costs.dto.expense.GetExpenseDto com.boot.cut_costs.controller.ExpenseController.update(com.boot.cut_costs.dto.expense.PostExpenseDto,long,java.security.Principal,org.springframework.validation.BindingResult) throws com.boot.cut_costs.exception.BadRequestException,java.io.IOException={[/expense/{expenseId}],methods=[PUT]}, public void com.boot.cut_costs.controller.ExpenseController.delete(long,java.security.Principal)={[/expense/{expenseId}],methods=[DELETE]}, public com.boot.cut_costs.dto.expense.GetExpenseDto com.boot.cut_costs.controller.ExpenseController.create(com.boot.cut_costs.dto.expense.PostExpenseDto,long,java.security.Principal,org.springframework.validation.BindingResult) throws java.io.IOException={[/expense/{groupId}/expense],methods=[POST]}, public java.util.List com.boot.cut_costs.controller.ExpenseController.list(java.security.Principal)={[/expense],methods=[GET]}}
2017-11-25 15:27:21.381  INFO 17985 --- [    Test worker] s.w.s.m.m.a.RequestMappingHandlerMapping : Mapped "{[/expense/{groupId}/expense],methods=[GET]}" onto public java.util.List<com.boot.cut_costs.dto.expense.GetExpenseDto> com.boot.cut_costs.controller.ExpenseController.listExpenses(long,java.security.Principal)
2017-11-25 15:27:21.381  INFO 17985 --- [    Test worker] s.w.s.m.m.a.RequestMappingHandlerMapping : Mapped "{[/expense/{expenseId}],methods=[GET]}" onto public com.boot.cut_costs.dto.expense.ExtendedGetExpenseDto com.boot.cut_costs.controller.ExpenseController.get(long,java.security.Principal)
2017-11-25 15:27:21.381  INFO 17985 --- [    Test worker] s.w.s.m.m.a.RequestMappingHandlerMapping : Mapped "{[/expense/{expenseId}],methods=[PUT]}" onto public com.boot.cut_costs.dto.expense.GetExpenseDto com.boot.cut_costs.controller.ExpenseController.update(com.boot.cut_costs.dto.expense.PostExpenseDto,long,java.security.Principal,org.springframework.validation.BindingResult) throws com.boot.cut_costs.exception.BadRequestException,java.io.IOException
2017-11-25 15:27:21.382  INFO 17985 --- [    Test worker] s.w.s.m.m.a.RequestMappingHandlerMapping : Mapped "{[/expense/{expenseId}],methods=[DELETE]}" onto public void com.boot.cut_costs.controller.ExpenseController.delete(long,java.security.Principal)
2017-11-25 15:27:21.382  INFO 17985 --- [    Test worker] s.w.s.m.m.a.RequestMappingHandlerMapping : Mapped "{[/expense/{groupId}/expense],methods=[POST]}" onto public com.boot.cut_costs.dto.expense.GetExpenseDto com.boot.cut_costs.controller.ExpenseController.create(com.boot.cut_costs.dto.expense.PostExpenseDto,long,java.security.Principal,org.springframework.validation.BindingResult) throws java.io.IOException
2017-11-25 15:27:21.382  INFO 17985 --- [    Test worker] s.w.s.m.m.a.RequestMappingHandlerMapping : Mapped "{[/expense],methods=[GET]}" onto public java.util.List<com.boot.cut_costs.dto.expense.GetExpenseDto> com.boot.cut_costs.controller.ExpenseController.list(java.security.Principal)
2017-11-25 15:27:21.384 DEBUG 17985 --- [    Test worker] s.w.s.m.m.a.RequestMappingHandlerMapping : 7 request handler methods found on class com.boot.cut_costs.controller.GroupController: {public void com.boot.cut_costs.controller.GroupController.removeMember(long,long,java.security.Principal)={[/group/{groupId}/user/{userId}],methods=[DELETE]}, public java.util.List com.boot.cut_costs.controller.GroupController.listMembers(long,java.security.Principal)={[/group/{groupId}/user],methods=[GET]}, public com.boot.cut_costs.dto.group.ExtendedGetGroupDto com.boot.cut_costs.controller.GroupController.get(long,java.security.Principal)={[/group/{groupId}],methods=[GET]}, public com.boot.cut_costs.dto.group.GetGroupDto com.boot.cut_costs.controller.GroupController.update(com.boot.cut_costs.dto.group.PostGroupDto,long,java.security.Principal,org.springframework.validation.BindingResult) throws java.io.IOException={[/group/{groupId}],methods=[PUT]}, public void com.boot.cut_costs.controller.GroupController.delete(long,java.security.Principal)={[/group/{groupId}],methods=[DELETE]}, public com.boot.cut_costs.dto.group.GetGroupDto com.boot.cut_costs.controller.GroupController.create(com.boot.cut_costs.dto.group.PostGroupDto,java.security.Principal,org.springframework.validation.BindingResult) throws java.io.IOException={[/group],methods=[POST]}, public java.util.List com.boot.cut_costs.controller.GroupController.list(java.security.Principal)={[/group],methods=[GET]}}
2017-11-25 15:27:21.384  INFO 17985 --- [    Test worker] s.w.s.m.m.a.RequestMappingHandlerMapping : Mapped "{[/group/{groupId}/user/{userId}],methods=[DELETE]}" onto public void com.boot.cut_costs.controller.GroupController.removeMember(long,long,java.security.Principal)
2017-11-25 15:27:21.385  INFO 17985 --- [    Test worker] s.w.s.m.m.a.RequestMappingHandlerMapping : Mapped "{[/group/{groupId}/user],methods=[GET]}" onto public java.util.List<com.boot.cut_costs.dto.user.GetUserDto> com.boot.cut_costs.controller.GroupController.listMembers(long,java.security.Principal)
2017-11-25 15:27:21.385  INFO 17985 --- [    Test worker] s.w.s.m.m.a.RequestMappingHandlerMapping : Mapped "{[/group/{groupId}],methods=[GET]}" onto public com.boot.cut_costs.dto.group.ExtendedGetGroupDto com.boot.cut_costs.controller.GroupController.get(long,java.security.Principal)
2017-11-25 15:27:21.385  INFO 17985 --- [    Test worker] s.w.s.m.m.a.RequestMappingHandlerMapping : Mapped "{[/group/{groupId}],methods=[PUT]}" onto public com.boot.cut_costs.dto.group.GetGroupDto com.boot.cut_costs.controller.GroupController.update(com.boot.cut_costs.dto.group.PostGroupDto,long,java.security.Principal,org.springframework.validation.BindingResult) throws java.io.IOException
2017-11-25 15:27:21.385  INFO 17985 --- [    Test worker] s.w.s.m.m.a.RequestMappingHandlerMapping : Mapped "{[/group/{groupId}],methods=[DELETE]}" onto public void com.boot.cut_costs.controller.GroupController.delete(long,java.security.Principal)
2017-11-25 15:27:21.385  INFO 17985 --- [    Test worker] s.w.s.m.m.a.RequestMappingHandlerMapping : Mapped "{[/group],methods=[POST]}" onto public com.boot.cut_costs.dto.group.GetGroupDto com.boot.cut_costs.controller.GroupController.create(com.boot.cut_costs.dto.group.PostGroupDto,java.security.Principal,org.springframework.validation.BindingResult) throws java.io.IOException
2017-11-25 15:27:21.386  INFO 17985 --- [    Test worker] s.w.s.m.m.a.RequestMappingHandlerMapping : Mapped "{[/group],methods=[GET]}" onto public java.util.List<com.boot.cut_costs.dto.group.GetGroupDto> com.boot.cut_costs.controller.GroupController.list(java.security.Principal)
2017-11-25 15:27:21.390 DEBUG 17985 --- [    Test worker] s.w.s.m.m.a.RequestMappingHandlerMapping : 4 request handler methods found on class com.boot.cut_costs.controller.InvitationController: {public void com.boot.cut_costs.controller.InvitationController.reject(long,java.security.Principal) throws java.io.IOException={[/invitation/{invitationId}/reject],methods=[GET]}, public void com.boot.cut_costs.controller.InvitationController.accept(long,java.security.Principal) throws java.io.IOException={[/invitation/{invitationId}/accept],methods=[GET]}, public com.boot.cut_costs.dto.invitation.GetInvitationDto com.boot.cut_costs.controller.InvitationController.create(com.boot.cut_costs.dto.invitation.PostInvitationDto,java.security.Principal,org.springframework.validation.BindingResult) throws java.io.IOException={[/invitation],methods=[POST]}, public java.util.List com.boot.cut_costs.controller.InvitationController.list(java.security.Principal) throws java.io.IOException={[/invitation],methods=[GET]}}
2017-11-25 15:27:21.390  INFO 17985 --- [    Test worker] s.w.s.m.m.a.RequestMappingHandlerMapping : Mapped "{[/invitation/{invitationId}/reject],methods=[GET]}" onto public void com.boot.cut_costs.controller.InvitationController.reject(long,java.security.Principal) throws java.io.IOException
2017-11-25 15:27:21.390  INFO 17985 --- [    Test worker] s.w.s.m.m.a.RequestMappingHandlerMapping : Mapped "{[/invitation/{invitationId}/accept],methods=[GET]}" onto public void com.boot.cut_costs.controller.InvitationController.accept(long,java.security.Principal) throws java.io.IOException
2017-11-25 15:27:21.391  INFO 17985 --- [    Test worker] s.w.s.m.m.a.RequestMappingHandlerMapping : Mapped "{[/invitation],methods=[POST]}" onto public com.boot.cut_costs.dto.invitation.GetInvitationDto com.boot.cut_costs.controller.InvitationController.create(com.boot.cut_costs.dto.invitation.PostInvitationDto,java.security.Principal,org.springframework.validation.BindingResult) throws java.io.IOException
2017-11-25 15:27:21.391  INFO 17985 --- [    Test worker] s.w.s.m.m.a.RequestMappingHandlerMapping : Mapped "{[/invitation],methods=[GET]}" onto public java.util.List<com.boot.cut_costs.dto.invitation.GetInvitationDto> com.boot.cut_costs.controller.InvitationController.list(java.security.Principal) throws java.io.IOException
2017-11-25 15:27:21.392 DEBUG 17985 --- [    Test worker] s.w.s.m.m.a.RequestMappingHandlerMapping : 3 request handler methods found on class com.boot.cut_costs.controller.UserController: {public com.boot.cut_costs.dto.user.ExtendedGetUserDto com.boot.cut_costs.controller.UserController.getCurrentUser(java.security.Principal) throws java.lang.IllegalAccessException,java.lang.reflect.InvocationTargetException={[/user],methods=[GET]}, public com.boot.cut_costs.dto.user.GetUserDto com.boot.cut_costs.controller.UserController.get(long) throws java.lang.IllegalAccessException,java.lang.reflect.InvocationTargetException={[/user/{userId}],methods=[GET]}, public com.boot.cut_costs.dto.user.GetUserDto com.boot.cut_costs.controller.UserController.update(com.boot.cut_costs.dto.user.PostUserDto,java.security.Principal,org.springframework.validation.BindingResult) throws java.io.IOException={[/user],methods=[PUT]}}
2017-11-25 15:27:21.392  INFO 17985 --- [    Test worker] s.w.s.m.m.a.RequestMappingHandlerMapping : Mapped "{[/user],methods=[GET]}" onto public com.boot.cut_costs.dto.user.ExtendedGetUserDto com.boot.cut_costs.controller.UserController.getCurrentUser(java.security.Principal) throws java.lang.IllegalAccessException,java.lang.reflect.InvocationTargetException
2017-11-25 15:27:21.392  INFO 17985 --- [    Test worker] s.w.s.m.m.a.RequestMappingHandlerMapping : Mapped "{[/user/{userId}],methods=[GET]}" onto public com.boot.cut_costs.dto.user.GetUserDto com.boot.cut_costs.controller.UserController.get(long) throws java.lang.IllegalAccessException,java.lang.reflect.InvocationTargetException
2017-11-25 15:27:21.393  INFO 17985 --- [    Test worker] s.w.s.m.m.a.RequestMappingHandlerMapping : Mapped "{[/user],methods=[PUT]}" onto public com.boot.cut_costs.dto.user.GetUserDto com.boot.cut_costs.controller.UserController.update(com.boot.cut_costs.dto.user.PostUserDto,java.security.Principal,org.springframework.validation.BindingResult) throws java.io.IOException
2017-11-25 15:27:21.397 DEBUG 17985 --- [    Test worker] s.w.s.m.m.a.RequestMappingHandlerMapping : 2 request handler methods found on class org.springframework.boot.autoconfigure.web.BasicErrorController: {public org.springframework.web.servlet.ModelAndView org.springframework.boot.autoconfigure.web.BasicErrorController.errorHtml(javax.servlet.http.HttpServletRequest,javax.servlet.http.HttpServletResponse)={[/error],produces=[text/html]}, public org.springframework.http.ResponseEntity org.springframework.boot.autoconfigure.web.BasicErrorController.error(javax.servlet.http.HttpServletRequest)={[/error]}}
2017-11-25 15:27:21.397  INFO 17985 --- [    Test worker] s.w.s.m.m.a.RequestMappingHandlerMapping : Mapped "{[/error],produces=[text/html]}" onto public org.springframework.web.servlet.ModelAndView org.springframework.boot.autoconfigure.web.BasicErrorController.errorHtml(javax.servlet.http.HttpServletRequest,javax.servlet.http.HttpServletResponse)
2017-11-25 15:27:21.397  INFO 17985 --- [    Test worker] s.w.s.m.m.a.RequestMappingHandlerMapping : Mapped "{[/error]}" onto public org.springframework.http.ResponseEntity<java.util.Map<java.lang.String, java.lang.Object>> org.springframework.boot.autoconfigure.web.BasicErrorController.error(javax.servlet.http.HttpServletRequest)
2017-11-25 15:27:21.435 DEBUG 17985 --- [    Test worker] o.s.w.s.h.BeanNameUrlHandlerMapping      : Looking for URL mappings in application context: org.springframework.web.context.support.GenericWebApplicationContext@2133f500: startup date [Sat Nov 25 15:27:15 PST 2017]; root of context hierarchy
2017-11-25 15:27:21.436 DEBUG 17985 --- [    Test worker] o.s.w.s.h.BeanNameUrlHandlerMapping      : Rejected bean name 'org.springframework.context.annotation.internalConfigurationAnnotationProcessor': no URL paths identified
2017-11-25 15:27:21.436 DEBUG 17985 --- [    Test worker] o.s.w.s.h.BeanNameUrlHandlerMapping      : Rejected bean name 'org.springframework.context.annotation.internalAutowiredAnnotationProcessor': no URL paths identified
2017-11-25 15:27:21.436 DEBUG 17985 --- [    Test worker] o.s.w.s.h.BeanNameUrlHandlerMapping      : Rejected bean name 'org.springframework.context.annotation.internalRequiredAnnotationProcessor': no URL paths identified
2017-11-25 15:27:21.436 DEBUG 17985 --- [    Test worker] o.s.w.s.h.BeanNameUrlHandlerMapping      : Rejected bean name 'org.springframework.context.annotation.internalCommonAnnotationProcessor': no URL paths identified
2017-11-25 15:27:21.436 DEBUG 17985 --- [    Test worker] o.s.w.s.h.BeanNameUrlHandlerMapping      : Rejected bean name 'org.springframework.context.annotation.internalPersistenceAnnotationProcessor': no URL paths identified
2017-11-25 15:27:21.436 DEBUG 17985 --- [    Test worker] o.s.w.s.h.BeanNameUrlHandlerMapping      : Rejected bean name 'org.springframework.context.event.internalEventListenerProcessor': no URL paths identified
2017-11-25 15:27:21.436 DEBUG 17985 --- [    Test worker] o.s.w.s.h.BeanNameUrlHandlerMapping      : Rejected bean name 'org.springframework.context.event.internalEventListenerFactory': no URL paths identified
2017-11-25 15:27:21.436 DEBUG 17985 --- [    Test worker] o.s.w.s.h.BeanNameUrlHandlerMapping      : Rejected bean name 'org.springframework.boot.test.context.ImportsContextCustomizer$ImportsCleanupPostProcessor': no URL paths identified
2017-11-25 15:27:21.436 DEBUG 17985 --- [    Test worker] o.s.w.s.h.BeanNameUrlHandlerMapping      : Rejected bean name 'org.springframework.boot.test.mock.mockito.MockitoPostProcessor$SpyPostProcessor': no URL paths identified
2017-11-25 15:27:21.436 DEBUG 17985 --- [    Test worker] o.s.w.s.h.BeanNameUrlHandlerMapping      : Rejected bean name 'org.springframework.boot.test.mock.mockito.MockitoPostProcessor': no URL paths identified
2017-11-25 15:27:21.436 DEBUG 17985 --- [    Test worker] o.s.w.s.h.BeanNameUrlHandlerMapping      : Rejected bean name 'app': no URL paths identified
2017-11-25 15:27:21.436 DEBUG 17985 --- [    Test worker] o.s.w.s.h.BeanNameUrlHandlerMapping      : Rejected bean name 'org.springframework.boot.autoconfigure.internalCachingMetadataReaderFactory': no URL paths identified
2017-11-25 15:27:21.437 DEBUG 17985 --- [    Test worker] o.s.w.s.h.BeanNameUrlHandlerMapping      : Rejected bean name 'appConfig': no URL paths identified
2017-11-25 15:27:21.437 DEBUG 17985 --- [    Test worker] o.s.w.s.h.BeanNameUrlHandlerMapping      : Rejected bean name 'productionDataSourceConfiguration': no URL paths identified
2017-11-25 15:27:21.437 DEBUG 17985 --- [    Test worker] o.s.w.s.h.BeanNameUrlHandlerMapping      : Rejected bean name 'testDataSourceConfiguration': no URL paths identified
2017-11-25 15:27:21.437 DEBUG 17985 --- [    Test worker] o.s.w.s.h.BeanNameUrlHandlerMapping      : Rejected bean name 'authenticationController': no URL paths identified
2017-11-25 15:27:21.437 DEBUG 17985 --- [    Test worker] o.s.w.s.h.BeanNameUrlHandlerMapping      : Rejected bean name 'expenseController': no URL paths identified
2017-11-25 15:27:21.437 DEBUG 17985 --- [    Test worker] o.s.w.s.h.BeanNameUrlHandlerMapping      : Rejected bean name 'groupController': no URL paths identified
2017-11-25 15:27:21.437 DEBUG 17985 --- [    Test worker] o.s.w.s.h.BeanNameUrlHandlerMapping      : Rejected bean name 'invitationController': no URL paths identified
2017-11-25 15:27:21.437 DEBUG 17985 --- [    Test worker] o.s.w.s.h.BeanNameUrlHandlerMapping      : Rejected bean name 'userController': no URL paths identified
2017-11-25 15:27:21.437 DEBUG 17985 --- [    Test worker] o.s.w.s.h.BeanNameUrlHandlerMapping      : Rejected bean name 'expenseDtoConverter': no URL paths identified
2017-11-25 15:27:21.437 DEBUG 17985 --- [    Test worker] o.s.w.s.h.BeanNameUrlHandlerMapping      : Rejected bean name 'groupDtoConverter': no URL paths identified
2017-11-25 15:27:21.437 DEBUG 17985 --- [    Test worker] o.s.w.s.h.BeanNameUrlHandlerMapping      : Rejected bean name 'invitationDtoConverter': no URL paths identified
2017-11-25 15:27:21.437 DEBUG 17985 --- [    Test worker] o.s.w.s.h.BeanNameUrlHandlerMapping      : Rejected bean name 'userDtoConverter': no URL paths identified
2017-11-25 15:27:21.438 DEBUG 17985 --- [    Test worker] o.s.w.s.h.BeanNameUrlHandlerMapping      : Rejected bean name 'exceptionHandlingAdvice': no URL paths identified
2017-11-25 15:27:21.438 DEBUG 17985 --- [    Test worker] o.s.w.s.h.BeanNameUrlHandlerMapping      : Rejected bean name 'JWTAuthenticationFilter': no URL paths identified
2017-11-25 15:27:21.438 DEBUG 17985 --- [    Test worker] o.s.w.s.h.BeanNameUrlHandlerMapping      : Rejected bean name 'webSecurityConfig': no URL paths identified
2017-11-25 15:27:21.438 DEBUG 17985 --- [    Test worker] o.s.w.s.h.BeanNameUrlHandlerMapping      : Rejected bean name 'customUserDetailsService': no URL paths identified
2017-11-25 15:27:21.438 DEBUG 17985 --- [    Test worker] o.s.w.s.h.BeanNameUrlHandlerMapping      : Rejected bean name 'expenseService': no URL paths identified
2017-11-25 15:27:21.438 DEBUG 17985 --- [    Test worker] o.s.w.s.h.BeanNameUrlHandlerMapping      : Rejected bean name 'groupService': no URL paths identified
2017-11-25 15:27:21.438 DEBUG 17985 --- [    Test worker] o.s.w.s.h.BeanNameUrlHandlerMapping      : Rejected bean name 'invitationService': no URL paths identified
2017-11-25 15:27:21.438 DEBUG 17985 --- [    Test worker] o.s.w.s.h.BeanNameUrlHandlerMapping      : Rejected bean name 'userService': no URL paths identified
2017-11-25 15:27:21.438 DEBUG 17985 --- [    Test worker] o.s.w.s.h.BeanNameUrlHandlerMapping      : Rejected bean name 'expenseDtoValidator': no URL paths identified
2017-11-25 15:27:21.438 DEBUG 17985 --- [    Test worker] o.s.w.s.h.BeanNameUrlHandlerMapping      : Rejected bean name 'groupDtoValidator': no URL paths identified
2017-11-25 15:27:21.438 DEBUG 17985 --- [    Test worker] o.s.w.s.h.BeanNameUrlHandlerMapping      : Rejected bean name 'userDetailsDtoValidator': no URL paths identified
2017-11-25 15:27:21.438 DEBUG 17985 --- [    Test worker] o.s.w.s.h.BeanNameUrlHandlerMapping      : Rejected bean name 'userDtoValidator': no URL paths identified
2017-11-25 15:27:21.438 DEBUG 17985 --- [    Test worker] o.s.w.s.h.BeanNameUrlHandlerMapping      : Rejected bean name 'repositorySchemaController': no URL paths identified
2017-11-25 15:27:21.439 DEBUG 17985 --- [    Test worker] o.s.w.s.h.BeanNameUrlHandlerMapping      : Rejected bean name 'alpsController': no URL paths identified
2017-11-25 15:27:21.439 DEBUG 17985 --- [    Test worker] o.s.w.s.h.BeanNameUrlHandlerMapping      : Rejected bean name 'profileController': no URL paths identified
2017-11-25 15:27:21.439 DEBUG 17985 --- [    Test worker] o.s.w.s.h.BeanNameUrlHandlerMapping      : Rejected bean name 'repositoryEntityController': no URL paths identified
2017-11-25 15:27:21.439 DEBUG 17985 --- [    Test worker] o.s.w.s.h.BeanNameUrlHandlerMapping      : Rejected bean name 'repositoryPropertyReferenceController': no URL paths identified
2017-11-25 15:27:21.439 DEBUG 17985 --- [    Test worker] o.s.w.s.h.BeanNameUrlHandlerMapping      : Rejected bean name 'repositorySearchController': no URL paths identified
2017-11-25 15:27:21.439 DEBUG 17985 --- [    Test worker] o.s.w.s.h.BeanNameUrlHandlerMapping      : Rejected bean name 'repositoryController': no URL paths identified
2017-11-25 15:27:21.439 DEBUG 17985 --- [    Test worker] o.s.w.s.h.BeanNameUrlHandlerMapping      : Rejected bean name 'modelMapper': no URL paths identified
2017-11-25 15:27:21.439 DEBUG 17985 --- [    Test worker] o.s.w.s.h.BeanNameUrlHandlerMapping      : Rejected bean name 'h2servletRegistration': no URL paths identified
2017-11-25 15:27:21.439 DEBUG 17985 --- [    Test worker] o.s.w.s.h.BeanNameUrlHandlerMapping      : Rejected bean name 'testDataSource': no URL paths identified
2017-11-25 15:27:21.439 DEBUG 17985 --- [    Test worker] o.s.w.s.h.BeanNameUrlHandlerMapping      : Rejected bean name 'org.springframework.security.config.annotation.configuration.ObjectPostProcessorConfiguration': no URL paths identified
2017-11-25 15:27:21.439 DEBUG 17985 --- [    Test worker] o.s.w.s.h.BeanNameUrlHandlerMapping      : Rejected bean name 'objectPostProcessor': no URL paths identified
2017-11-25 15:27:21.439 DEBUG 17985 --- [    Test worker] o.s.w.s.h.BeanNameUrlHandlerMapping      : Rejected bean name 'org.springframework.security.config.annotation.authentication.configuration.AuthenticationConfiguration': no URL paths identified
2017-11-25 15:27:21.439 DEBUG 17985 --- [    Test worker] o.s.w.s.h.BeanNameUrlHandlerMapping      : Rejected bean name 'authenticationManagerBuilder': no URL paths identified
2017-11-25 15:27:21.440 DEBUG 17985 --- [    Test worker] o.s.w.s.h.BeanNameUrlHandlerMapping      : Rejected bean name 'enableGlobalAuthenticationAutowiredConfigurer': no URL paths identified
2017-11-25 15:27:21.440 DEBUG 17985 --- [    Test worker] o.s.w.s.h.BeanNameUrlHandlerMapping      : Rejected bean name 'initializeUserDetailsBeanManagerConfigurer': no URL paths identified
2017-11-25 15:27:21.440 DEBUG 17985 --- [    Test worker] o.s.w.s.h.BeanNameUrlHandlerMapping      : Rejected bean name 'initializeAuthenticationProviderBeanManagerConfigurer': no URL paths identified
2017-11-25 15:27:21.440 DEBUG 17985 --- [    Test worker] o.s.w.s.h.BeanNameUrlHandlerMapping      : Rejected bean name 'org.springframework.security.config.annotation.web.configuration.WebSecurityConfiguration': no URL paths identified
2017-11-25 15:27:21.440 DEBUG 17985 --- [    Test worker] o.s.w.s.h.BeanNameUrlHandlerMapping      : Rejected bean name 'delegatingApplicationListener': no URL paths identified
2017-11-25 15:27:21.440 DEBUG 17985 --- [    Test worker] o.s.w.s.h.BeanNameUrlHandlerMapping      : Rejected bean name 'webSecurityExpressionHandler': no URL paths identified
2017-11-25 15:27:21.440 DEBUG 17985 --- [    Test worker] o.s.w.s.h.BeanNameUrlHandlerMapping      : Rejected bean name 'springSecurityFilterChain': no URL paths identified
2017-11-25 15:27:21.440 DEBUG 17985 --- [    Test worker] o.s.w.s.h.BeanNameUrlHandlerMapping      : Rejected bean name 'privilegeEvaluator': no URL paths identified
2017-11-25 15:27:21.440 DEBUG 17985 --- [    Test worker] o.s.w.s.h.BeanNameUrlHandlerMapping      : Rejected bean name 'autowiredWebSecurityConfigurersIgnoreParents': no URL paths identified
2017-11-25 15:27:21.440 DEBUG 17985 --- [    Test worker] o.s.w.s.h.BeanNameUrlHandlerMapping      : Rejected bean name 'org.springframework.security.config.annotation.web.configuration.WebMvcSecurityConfiguration': no URL paths identified
2017-11-25 15:27:21.440 DEBUG 17985 --- [    Test worker] o.s.w.s.h.BeanNameUrlHandlerMapping      : Rejected bean name 'requestDataValueProcessor': no URL paths identified
2017-11-25 15:27:21.440 DEBUG 17985 --- [    Test worker] o.s.w.s.h.BeanNameUrlHandlerMapping      : Rejected bean name 'passwordEncoder': no URL paths identified
2017-11-25 15:27:21.440 DEBUG 17985 --- [    Test worker] o.s.w.s.h.BeanNameUrlHandlerMapping      : Rejected bean name 'rolesAuthenticationFilterRegistrationDisable': no URL paths identified
2017-11-25 15:27:21.440 DEBUG 17985 --- [    Test worker] o.s.w.s.h.BeanNameUrlHandlerMapping      : Rejected bean name 'httpsEnforcerFilter': no URL paths identified
2017-11-25 15:27:21.440 DEBUG 17985 --- [    Test worker] o.s.w.s.h.BeanNameUrlHandlerMapping      : Rejected bean name 'org.springframework.boot.autoconfigure.AutoConfigurationPackages': no URL paths identified
2017-11-25 15:27:21.441 DEBUG 17985 --- [    Test worker] o.s.w.s.h.BeanNameUrlHandlerMapping      : Rejected bean name 'org.springframework.boot.test.autoconfigure.web.servlet.MockMvcAutoConfiguration': no URL paths identified
2017-11-25 15:27:21.441 DEBUG 17985 --- [    Test worker] o.s.w.s.h.BeanNameUrlHandlerMapping      : Rejected bean name 'org.springframework.boot.autoconfigure.condition.BeanTypeRegistry': no URL paths identified
2017-11-25 15:27:21.441 DEBUG 17985 --- [    Test worker] o.s.w.s.h.BeanNameUrlHandlerMapping      : Rejected bean name 'mockMvcBuilder': no URL paths identified
2017-11-25 15:27:21.441 DEBUG 17985 --- [    Test worker] o.s.w.s.h.BeanNameUrlHandlerMapping      : Rejected bean name 'springBootMockMvcBuilderCustomizer': no URL paths identified
2017-11-25 15:27:21.441 DEBUG 17985 --- [    Test worker] o.s.w.s.h.BeanNameUrlHandlerMapping      : Rejected bean name 'mockMvc': no URL paths identified
2017-11-25 15:27:21.441 DEBUG 17985 --- [    Test worker] o.s.w.s.h.BeanNameUrlHandlerMapping      : Rejected bean name 'spring.mvc-org.springframework.boot.autoconfigure.web.WebMvcProperties': no URL paths identified
2017-11-25 15:27:21.441 DEBUG 17985 --- [    Test worker] o.s.w.s.h.BeanNameUrlHandlerMapping      : Rejected bean name 'org.springframework.boot.context.properties.ConfigurationPropertiesBindingPostProcessor': no URL paths identified
2017-11-25 15:27:21.441 DEBUG 17985 --- [    Test worker] o.s.w.s.h.BeanNameUrlHandlerMapping      : Rejected bean name 'org.springframework.boot.context.properties.ConfigurationPropertiesBindingPostProcessor.store': no URL paths identified
2017-11-25 15:27:21.441 DEBUG 17985 --- [    Test worker] o.s.w.s.h.BeanNameUrlHandlerMapping      : Rejected bean name 'org.springframework.boot.autoconfigure.security.AuthenticationManagerConfiguration': no URL paths identified
2017-11-25 15:27:21.441 DEBUG 17985 --- [    Test worker] o.s.w.s.h.BeanNameUrlHandlerMapping      : Rejected bean name 'springBootAuthenticationConfigurerAdapter': no URL paths identified
2017-11-25 15:27:21.441 DEBUG 17985 --- [    Test worker] o.s.w.s.h.BeanNameUrlHandlerMapping      : Rejected bean name 'authenticationManagerConfigurationListener': no URL paths identified
2017-11-25 15:27:21.441 DEBUG 17985 --- [    Test worker] o.s.w.s.h.BeanNameUrlHandlerMapping      : Rejected bean name 'org.springframework.boot.autoconfigure.security.BootGlobalAuthenticationConfiguration': no URL paths identified
2017-11-25 15:27:21.441 DEBUG 17985 --- [    Test worker] o.s.w.s.h.BeanNameUrlHandlerMapping      : Rejected bean name 'bootGlobalAuthenticationConfigurationAdapter': no URL paths identified
2017-11-25 15:27:21.441 DEBUG 17985 --- [    Test worker] o.s.w.s.h.BeanNameUrlHandlerMapping      : Rejected bean name 'org.springframework.boot.autoconfigure.security.SecurityAutoConfiguration': no URL paths identified
2017-11-25 15:27:21.441 DEBUG 17985 --- [    Test worker] o.s.w.s.h.BeanNameUrlHandlerMapping      : Rejected bean name 'authenticationEventPublisher': no URL paths identified
2017-11-25 15:27:21.442 DEBUG 17985 --- [    Test worker] o.s.w.s.h.BeanNameUrlHandlerMapping      : Rejected bean name 'securityProperties': no URL paths identified
2017-11-25 15:27:21.442 DEBUG 17985 --- [    Test worker] o.s.w.s.h.BeanNameUrlHandlerMapping      : Rejected bean name 'org.springframework.boot.autoconfigure.web.ServerPropertiesAutoConfiguration': no URL paths identified
2017-11-25 15:27:21.442 DEBUG 17985 --- [    Test worker] o.s.w.s.h.BeanNameUrlHandlerMapping      : Rejected bean name 'serverProperties': no URL paths identified
2017-11-25 15:27:21.442 DEBUG 17985 --- [    Test worker] o.s.w.s.h.BeanNameUrlHandlerMapping      : Rejected bean name 'duplicateServerPropertiesDetector': no URL paths identified
2017-11-25 15:27:21.442 DEBUG 17985 --- [    Test worker] o.s.w.s.h.BeanNameUrlHandlerMapping      : Rejected bean name 'org.springframework.boot.test.autoconfigure.web.servlet.MockMvcSecurityConfiguration': no URL paths identified
2017-11-25 15:27:21.442 DEBUG 17985 --- [    Test worker] o.s.w.s.h.BeanNameUrlHandlerMapping      : Rejected bean name 'securityMockMvcBuilderCustomizer': no URL paths identified
2017-11-25 15:27:21.442 DEBUG 17985 --- [    Test worker] o.s.w.s.h.BeanNameUrlHandlerMapping      : Rejected bean name 'org.springframework.boot.test.autoconfigure.web.servlet.MockMvcSecurityAutoConfiguration': no URL paths identified
2017-11-25 15:27:21.442 DEBUG 17985 --- [    Test worker] o.s.w.s.h.BeanNameUrlHandlerMapping      : Rejected bean name 'org.springframework.boot.autoconfigure.context.PropertyPlaceholderAutoConfiguration': no URL paths identified
2017-11-25 15:27:21.442 DEBUG 17985 --- [    Test worker] o.s.w.s.h.BeanNameUrlHandlerMapping      : Rejected bean name 'propertySourcesPlaceholderConfigurer': no URL paths identified
2017-11-25 15:27:21.442 DEBUG 17985 --- [    Test worker] o.s.w.s.h.BeanNameUrlHandlerMapping      : Rejected bean name 'org.springframework.boot.autoconfigure.jackson.JacksonAutoConfiguration$Jackson2ObjectMapperBuilderCustomizerConfiguration': no URL paths identified
2017-11-25 15:27:21.442 DEBUG 17985 --- [    Test worker] o.s.w.s.h.BeanNameUrlHandlerMapping      : Rejected bean name 'standardJacksonObjectMapperBuilderCustomizer': no URL paths identified
2017-11-25 15:27:21.442 DEBUG 17985 --- [    Test worker] o.s.w.s.h.BeanNameUrlHandlerMapping      : Rejected bean name 'spring.jackson-org.springframework.boot.autoconfigure.jackson.JacksonProperties': no URL paths identified
2017-11-25 15:27:21.442 DEBUG 17985 --- [    Test worker] o.s.w.s.h.BeanNameUrlHandlerMapping      : Rejected bean name 'org.springframework.boot.autoconfigure.jackson.JacksonAutoConfiguration$JacksonObjectMapperBuilderConfiguration': no URL paths identified
2017-11-25 15:27:21.442 DEBUG 17985 --- [    Test worker] o.s.w.s.h.BeanNameUrlHandlerMapping      : Rejected bean name 'jacksonObjectMapperBuilder': no URL paths identified
2017-11-25 15:27:21.443 DEBUG 17985 --- [    Test worker] o.s.w.s.h.BeanNameUrlHandlerMapping      : Rejected bean name 'org.springframework.boot.autoconfigure.jackson.JacksonAutoConfiguration$JacksonObjectMapperConfiguration': no URL paths identified
2017-11-25 15:27:21.443 DEBUG 17985 --- [    Test worker] o.s.w.s.h.BeanNameUrlHandlerMapping      : Rejected bean name 'jacksonObjectMapper': no URL paths identified
2017-11-25 15:27:21.443 DEBUG 17985 --- [    Test worker] o.s.w.s.h.BeanNameUrlHandlerMapping      : Rejected bean name 'org.springframework.boot.autoconfigure.jackson.JacksonAutoConfiguration': no URL paths identified
2017-11-25 15:27:21.443 DEBUG 17985 --- [    Test worker] o.s.w.s.h.BeanNameUrlHandlerMapping      : Rejected bean name 'jsonComponentModule': no URL paths identified
2017-11-25 15:27:21.443 DEBUG 17985 --- [    Test worker] o.s.w.s.h.BeanNameUrlHandlerMapping      : Rejected bean name 'org.springframework.boot.autoconfigure.websocket.WebSocketAutoConfiguration$JettyWebSocketConfiguration': no URL paths identified
2017-11-25 15:27:21.443 DEBUG 17985 --- [    Test worker] o.s.w.s.h.BeanNameUrlHandlerMapping      : Rejected bean name 'websocketContainerCustomizer': no URL paths identified
2017-11-25 15:27:21.443 DEBUG 17985 --- [    Test worker] o.s.w.s.h.BeanNameUrlHandlerMapping      : Rejected bean name 'org.springframework.boot.autoconfigure.websocket.WebSocketAutoConfiguration$TomcatWebSocketConfiguration': no URL paths identified
2017-11-25 15:27:21.443 DEBUG 17985 --- [    Test worker] o.s.w.s.h.BeanNameUrlHandlerMapping      : Rejected bean name 'org.springframework.boot.autoconfigure.websocket.WebSocketAutoConfiguration': no URL paths identified
2017-11-25 15:27:21.443 DEBUG 17985 --- [    Test worker] o.s.w.s.h.BeanNameUrlHandlerMapping      : Rejected bean name 'org.springframework.boot.autoconfigure.web.EmbeddedServletContainerAutoConfiguration$EmbeddedJetty': no URL paths identified
2017-11-25 15:27:21.443 DEBUG 17985 --- [    Test worker] o.s.w.s.h.BeanNameUrlHandlerMapping      : Rejected bean name 'jettyEmbeddedServletContainerFactory': no URL paths identified
2017-11-25 15:27:21.443 DEBUG 17985 --- [    Test worker] o.s.w.s.h.BeanNameUrlHandlerMapping      : Rejected bean name 'org.springframework.boot.autoconfigure.web.EmbeddedServletContainerAutoConfiguration': no URL paths identified
2017-11-25 15:27:21.443 DEBUG 17985 --- [    Test worker] o.s.w.s.h.BeanNameUrlHandlerMapping      : Rejected bean name 'embeddedServletContainerCustomizerBeanPostProcessor': no URL paths identified
2017-11-25 15:27:21.443 DEBUG 17985 --- [    Test worker] o.s.w.s.h.BeanNameUrlHandlerMapping      : Rejected bean name 'errorPageRegistrarBeanPostProcessor': no URL paths identified
2017-11-25 15:27:21.444 DEBUG 17985 --- [    Test worker] o.s.w.s.h.BeanNameUrlHandlerMapping      : Rejected bean name 'org.springframework.boot.autoconfigure.web.DispatcherServletAutoConfiguration$DispatcherServletConfiguration': no URL paths identified
2017-11-25 15:27:21.449 DEBUG 17985 --- [    Test worker] o.s.w.s.h.BeanNameUrlHandlerMapping      : Rejected bean name 'dispatcherServlet': no URL paths identified
2017-11-25 15:27:21.449 DEBUG 17985 --- [    Test worker] o.s.w.s.h.BeanNameUrlHandlerMapping      : Rejected bean name 'org.springframework.boot.autoconfigure.web.DispatcherServletAutoConfiguration$DispatcherServletRegistrationConfiguration': no URL paths identified
2017-11-25 15:27:21.449 DEBUG 17985 --- [    Test worker] o.s.w.s.h.BeanNameUrlHandlerMapping      : Rejected bean name 'dispatcherServletRegistration': no URL paths identified
2017-11-25 15:27:21.449 DEBUG 17985 --- [    Test worker] o.s.w.s.h.BeanNameUrlHandlerMapping      : Rejected bean name 'org.springframework.boot.autoconfigure.web.DispatcherServletAutoConfiguration': no URL paths identified
2017-11-25 15:27:21.449 DEBUG 17985 --- [    Test worker] o.s.w.s.h.BeanNameUrlHandlerMapping      : Rejected bean name 'org.springframework.boot.autoconfigure.validation.ValidationAutoConfiguration': no URL paths identified
2017-11-25 15:27:21.449 DEBUG 17985 --- [    Test worker] o.s.w.s.h.BeanNameUrlHandlerMapping      : Rejected bean name 'defaultValidator': no URL paths identified
2017-11-25 15:27:21.450 DEBUG 17985 --- [    Test worker] o.s.w.s.h.BeanNameUrlHandlerMapping      : Rejected bean name 'methodValidationPostProcessor': no URL paths identified
2017-11-25 15:27:21.450 DEBUG 17985 --- [    Test worker] o.s.w.s.h.BeanNameUrlHandlerMapping      : Rejected bean name 'org.springframework.boot.autoconfigure.web.ErrorMvcAutoConfiguration$WhitelabelErrorViewConfiguration': no URL paths identified
2017-11-25 15:27:21.450 DEBUG 17985 --- [    Test worker] o.s.w.s.h.BeanNameUrlHandlerMapping      : Rejected bean name 'error': no URL paths identified
2017-11-25 15:27:21.450 DEBUG 17985 --- [    Test worker] o.s.w.s.h.BeanNameUrlHandlerMapping      : Rejected bean name 'beanNameViewResolver': no URL paths identified
2017-11-25 15:27:21.450 DEBUG 17985 --- [    Test worker] o.s.w.s.h.BeanNameUrlHandlerMapping      : Rejected bean name 'org.springframework.boot.autoconfigure.web.ErrorMvcAutoConfiguration$DefaultErrorViewResolverConfiguration': no URL paths identified
2017-11-25 15:27:21.450 DEBUG 17985 --- [    Test worker] o.s.w.s.h.BeanNameUrlHandlerMapping      : Rejected bean name 'conventionErrorViewResolver': no URL paths identified
2017-11-25 15:27:21.450 DEBUG 17985 --- [    Test worker] o.s.w.s.h.BeanNameUrlHandlerMapping      : Rejected bean name 'org.springframework.boot.autoconfigure.web.ErrorMvcAutoConfiguration': no URL paths identified
2017-11-25 15:27:21.450 DEBUG 17985 --- [    Test worker] o.s.w.s.h.BeanNameUrlHandlerMapping      : Rejected bean name 'errorAttributes': no URL paths identified
2017-11-25 15:27:21.450 DEBUG 17985 --- [    Test worker] o.s.w.s.h.BeanNameUrlHandlerMapping      : Rejected bean name 'basicErrorController': no URL paths identified
2017-11-25 15:27:21.450 DEBUG 17985 --- [    Test worker] o.s.w.s.h.BeanNameUrlHandlerMapping      : Rejected bean name 'errorPageCustomizer': no URL paths identified
2017-11-25 15:27:21.450 DEBUG 17985 --- [    Test worker] o.s.w.s.h.BeanNameUrlHandlerMapping      : Rejected bean name 'preserveErrorControllerTargetClassPostProcessor': no URL paths identified
2017-11-25 15:27:21.450 DEBUG 17985 --- [    Test worker] o.s.w.s.h.BeanNameUrlHandlerMapping      : Rejected bean name 'spring.resources-org.springframework.boot.autoconfigure.web.ResourceProperties': no URL paths identified
2017-11-25 15:27:21.450 DEBUG 17985 --- [    Test worker] o.s.w.s.h.BeanNameUrlHandlerMapping      : Rejected bean name 'org.springframework.boot.autoconfigure.security.oauth2.client.OAuth2RestOperationsConfiguration': no URL paths identified
2017-11-25 15:27:21.450 DEBUG 17985 --- [    Test worker] o.s.w.s.h.BeanNameUrlHandlerMapping      : Rejected bean name 'org.springframework.boot.autoconfigure.security.oauth2.OAuth2AutoConfiguration': no URL paths identified
2017-11-25 15:27:21.450 DEBUG 17985 --- [    Test worker] o.s.w.s.h.BeanNameUrlHandlerMapping      : Rejected bean name 'resourceServerProperties': no URL paths identified
2017-11-25 15:27:21.450 DEBUG 17985 --- [    Test worker] o.s.w.s.h.BeanNameUrlHandlerMapping      : Rejected bean name 'security.oauth2.client-org.springframework.boot.autoconfigure.security.oauth2.OAuth2ClientProperties': no URL paths identified
2017-11-25 15:27:21.451 DEBUG 17985 --- [    Test worker] o.s.w.s.h.BeanNameUrlHandlerMapping      : Rejected bean name 'org.springframework.boot.autoconfigure.web.WebMvcAutoConfiguration$EnableWebMvcConfiguration': no URL paths identified
2017-11-25 15:27:21.451 DEBUG 17985 --- [    Test worker] o.s.w.s.h.BeanNameUrlHandlerMapping      : Rejected bean name 'requestMappingHandlerAdapter': no URL paths identified
2017-11-25 15:27:21.451 DEBUG 17985 --- [    Test worker] o.s.w.s.h.BeanNameUrlHandlerMapping      : Rejected bean name 'requestMappingHandlerMapping': no URL paths identified
2017-11-25 15:27:21.451 DEBUG 17985 --- [    Test worker] o.s.w.s.h.BeanNameUrlHandlerMapping      : Rejected bean name 'mvcValidator': no URL paths identified
2017-11-25 15:27:21.451 DEBUG 17985 --- [    Test worker] o.s.w.s.h.BeanNameUrlHandlerMapping      : Rejected bean name 'mvcContentNegotiationManager': no URL paths identified
2017-11-25 15:27:21.451 DEBUG 17985 --- [    Test worker] o.s.w.s.h.BeanNameUrlHandlerMapping      : Rejected bean name 'mvcPathMatcher': no URL paths identified
2017-11-25 15:27:21.451 DEBUG 17985 --- [    Test worker] o.s.w.s.h.BeanNameUrlHandlerMapping      : Rejected bean name 'mvcUrlPathHelper': no URL paths identified
2017-11-25 15:27:21.451 DEBUG 17985 --- [    Test worker] o.s.w.s.h.BeanNameUrlHandlerMapping      : Rejected bean name 'viewControllerHandlerMapping': no URL paths identified
2017-11-25 15:27:21.451 DEBUG 17985 --- [    Test worker] o.s.w.s.h.BeanNameUrlHandlerMapping      : Rejected bean name 'beanNameHandlerMapping': no URL paths identified
2017-11-25 15:27:21.451 DEBUG 17985 --- [    Test worker] o.s.w.s.h.BeanNameUrlHandlerMapping      : Rejected bean name 'resourceHandlerMapping': no URL paths identified
2017-11-25 15:27:21.451 DEBUG 17985 --- [    Test worker] o.s.w.s.h.BeanNameUrlHandlerMapping      : Rejected bean name 'mvcResourceUrlProvider': no URL paths identified
2017-11-25 15:27:21.451 DEBUG 17985 --- [    Test worker] o.s.w.s.h.BeanNameUrlHandlerMapping      : Rejected bean name 'defaultServletHandlerMapping': no URL paths identified
2017-11-25 15:27:21.451 DEBUG 17985 --- [    Test worker] o.s.w.s.h.BeanNameUrlHandlerMapping      : Rejected bean name 'mvcConversionService': no URL paths identified
2017-11-25 15:27:21.451 DEBUG 17985 --- [    Test worker] o.s.w.s.h.BeanNameUrlHandlerMapping      : Rejected bean name 'mvcUriComponentsContributor': no URL paths identified
2017-11-25 15:27:21.451 DEBUG 17985 --- [    Test worker] o.s.w.s.h.BeanNameUrlHandlerMapping      : Rejected bean name 'httpRequestHandlerAdapter': no URL paths identified
2017-11-25 15:27:21.451 DEBUG 17985 --- [    Test worker] o.s.w.s.h.BeanNameUrlHandlerMapping      : Rejected bean name 'simpleControllerHandlerAdapter': no URL paths identified
2017-11-25 15:27:21.451 DEBUG 17985 --- [    Test worker] o.s.w.s.h.BeanNameUrlHandlerMapping      : Rejected bean name 'handlerExceptionResolver': no URL paths identified
2017-11-25 15:27:21.451 DEBUG 17985 --- [    Test worker] o.s.w.s.h.BeanNameUrlHandlerMapping      : Rejected bean name 'mvcViewResolver': no URL paths identified
2017-11-25 15:27:21.452 DEBUG 17985 --- [    Test worker] o.s.w.s.h.BeanNameUrlHandlerMapping      : Rejected bean name 'mvcHandlerMappingIntrospector': no URL paths identified
2017-11-25 15:27:21.452 DEBUG 17985 --- [    Test worker] o.s.w.s.h.BeanNameUrlHandlerMapping      : Rejected bean name 'org.springframework.boot.autoconfigure.web.WebMvcAutoConfiguration$WebMvcAutoConfigurationAdapter$FaviconConfiguration': no URL paths identified
2017-11-25 15:27:21.452 DEBUG 17985 --- [    Test worker] o.s.w.s.h.BeanNameUrlHandlerMapping      : Rejected bean name 'faviconHandlerMapping': no URL paths identified
2017-11-25 15:27:21.452 DEBUG 17985 --- [    Test worker] o.s.w.s.h.BeanNameUrlHandlerMapping      : Rejected bean name 'faviconRequestHandler': no URL paths identified
2017-11-25 15:27:21.452 DEBUG 17985 --- [    Test worker] o.s.w.s.h.BeanNameUrlHandlerMapping      : Rejected bean name 'org.springframework.boot.autoconfigure.web.WebMvcAutoConfiguration$WebMvcAutoConfigurationAdapter': no URL paths identified
2017-11-25 15:27:21.452 DEBUG 17985 --- [    Test worker] o.s.w.s.h.BeanNameUrlHandlerMapping      : Rejected bean name 'defaultViewResolver': no URL paths identified
2017-11-25 15:27:21.452 DEBUG 17985 --- [    Test worker] o.s.w.s.h.BeanNameUrlHandlerMapping      : Rejected bean name 'viewResolver': no URL paths identified
2017-11-25 15:27:21.452 DEBUG 17985 --- [    Test worker] o.s.w.s.h.BeanNameUrlHandlerMapping      : Rejected bean name 'welcomePageHandlerMapping': no URL paths identified
2017-11-25 15:27:21.452 DEBUG 17985 --- [    Test worker] o.s.w.s.h.BeanNameUrlHandlerMapping      : Rejected bean name 'requestContextFilter': no URL paths identified
2017-11-25 15:27:21.452 DEBUG 17985 --- [    Test worker] o.s.w.s.h.BeanNameUrlHandlerMapping      : Rejected bean name 'org.springframework.boot.autoconfigure.web.WebMvcAutoConfiguration': no URL paths identified
2017-11-25 15:27:21.452 DEBUG 17985 --- [    Test worker] o.s.w.s.h.BeanNameUrlHandlerMapping      : Rejected bean name 'hiddenHttpMethodFilter': no URL paths identified
2017-11-25 15:27:21.452 DEBUG 17985 --- [    Test worker] o.s.w.s.h.BeanNameUrlHandlerMapping      : Rejected bean name 'httpPutFormContentFilter': no URL paths identified
2017-11-25 15:27:21.452 DEBUG 17985 --- [    Test worker] o.s.w.s.h.BeanNameUrlHandlerMapping      : Rejected bean name 'org.springframework.boot.actuate.autoconfigure.AuditAutoConfiguration$AuditEventRepositoryConfiguration': no URL paths identified
2017-11-25 15:27:21.452 DEBUG 17985 --- [    Test worker] o.s.w.s.h.BeanNameUrlHandlerMapping      : Rejected bean name 'auditEventRepository': no URL paths identified
2017-11-25 15:27:21.452 DEBUG 17985 --- [    Test worker] o.s.w.s.h.BeanNameUrlHandlerMapping      : Rejected bean name 'org.springframework.boot.actuate.autoconfigure.AuditAutoConfiguration': no URL paths identified
2017-11-25 15:27:21.452 DEBUG 17985 --- [    Test worker] o.s.w.s.h.BeanNameUrlHandlerMapping      : Rejected bean name 'auditListener': no URL paths identified
2017-11-25 15:27:21.453 DEBUG 17985 --- [    Test worker] o.s.w.s.h.BeanNameUrlHandlerMapping      : Rejected bean name 'authenticationAuditListener': no URL paths identified
2017-11-25 15:27:21.453 DEBUG 17985 --- [    Test worker] o.s.w.s.h.BeanNameUrlHandlerMapping      : Rejected bean name 'authorizationAuditListener': no URL paths identified
2017-11-25 15:27:21.453 DEBUG 17985 --- [    Test worker] o.s.w.s.h.BeanNameUrlHandlerMapping      : Rejected bean name 'org.springframework.boot.actuate.autoconfigure.ManagementWebSecurityAutoConfiguration$ManagementWebSecurityConfigurerAdapter': no URL paths identified
2017-11-25 15:27:21.453 DEBUG 17985 --- [    Test worker] o.s.w.s.h.BeanNameUrlHandlerMapping      : Rejected bean name 'org.springframework.boot.actuate.autoconfigure.ManagementWebSecurityAutoConfiguration$ManagementSecurityPropertiesConfiguration': no URL paths identified
2017-11-25 15:27:21.453 DEBUG 17985 --- [    Test worker] o.s.w.s.h.BeanNameUrlHandlerMapping      : Rejected bean name 'org.springframework.boot.actuate.autoconfigure.ManagementWebSecurityAutoConfiguration': no URL paths identified
2017-11-25 15:27:21.453 DEBUG 17985 --- [    Test worker] o.s.w.s.h.BeanNameUrlHandlerMapping      : Rejected bean name 'managementIgnoredRequestCustomizer': no URL paths identified
2017-11-25 15:27:21.453 DEBUG 17985 --- [    Test worker] o.s.w.s.h.BeanNameUrlHandlerMapping      : Rejected bean name 'org.springframework.boot.autoconfigure.transaction.jta.JtaAutoConfiguration': no URL paths identified
2017-11-25 15:27:21.453 DEBUG 17985 --- [    Test worker] o.s.w.s.h.BeanNameUrlHandlerMapping      : Rejected bean name 'spring.jta-org.springframework.boot.autoconfigure.transaction.jta.JtaProperties': no URL paths identified
2017-11-25 15:27:21.453 DEBUG 17985 --- [    Test worker] o.s.w.s.h.BeanNameUrlHandlerMapping      : Rejected bean name 'org.springframework.boot.autoconfigure.jdbc.metadata.DataSourcePoolMetadataProvidersConfiguration$CommonsDbcpPoolDataSourceMetadataProviderConfiguration': no URL paths identified
2017-11-25 15:27:21.453 DEBUG 17985 --- [    Test worker] o.s.w.s.h.BeanNameUrlHandlerMapping      : Rejected bean name 'commonsDbcpPoolDataSourceMetadataProvider': no URL paths identified
2017-11-25 15:27:21.453 DEBUG 17985 --- [    Test worker] o.s.w.s.h.BeanNameUrlHandlerMapping      : Rejected bean name 'org.springframework.boot.autoconfigure.jdbc.metadata.DataSourcePoolMetadataProvidersConfiguration$TomcatDataSourcePoolMetadataProviderConfiguration': no URL paths identified
2017-11-25 15:27:21.453 DEBUG 17985 --- [    Test worker] o.s.w.s.h.BeanNameUrlHandlerMapping      : Rejected bean name 'tomcatPoolDataSourceMetadataProvider': no URL paths identified
2017-11-25 15:27:21.453 DEBUG 17985 --- [    Test worker] o.s.w.s.h.BeanNameUrlHandlerMapping      : Rejected bean name 'org.springframework.boot.autoconfigure.jdbc.metadata.DataSourcePoolMetadataProvidersConfiguration': no URL paths identified
2017-11-25 15:27:21.453 DEBUG 17985 --- [    Test worker] o.s.w.s.h.BeanNameUrlHandlerMapping      : Rejected bean name 'org.springframework.boot.autoconfigure.jdbc.DataSourceAutoConfiguration': no URL paths identified
2017-11-25 15:27:21.453 DEBUG 17985 --- [    Test worker] o.s.w.s.h.BeanNameUrlHandlerMapping      : Rejected bean name 'dataSourceInitializer': no URL paths identified
2017-11-25 15:27:21.454 DEBUG 17985 --- [    Test worker] o.s.w.s.h.BeanNameUrlHandlerMapping      : Rejected bean name 'spring.datasource-org.springframework.boot.autoconfigure.jdbc.DataSourceProperties': no URL paths identified
2017-11-25 15:27:21.454 DEBUG 17985 --- [    Test worker] o.s.w.s.h.BeanNameUrlHandlerMapping      : Rejected bean name 'dataSourceInitializerPostProcessor': no URL paths identified
2017-11-25 15:27:21.454 DEBUG 17985 --- [    Test worker] o.s.w.s.h.BeanNameUrlHandlerMapping      : Rejected bean name 'org.springframework.boot.autoconfigure.orm.jpa.JpaBaseConfiguration$JpaWebConfiguration$JpaWebMvcConfiguration': no URL paths identified
2017-11-25 15:27:21.454 DEBUG 17985 --- [    Test worker] o.s.w.s.h.BeanNameUrlHandlerMapping      : Rejected bean name 'openEntityManagerInViewInterceptor': no URL paths identified
2017-11-25 15:27:21.454 DEBUG 17985 --- [    Test worker] o.s.w.s.h.BeanNameUrlHandlerMapping      : Rejected bean name 'org.springframework.boot.autoconfigure.orm.jpa.JpaBaseConfiguration$JpaWebConfiguration': no URL paths identified
2017-11-25 15:27:21.454 DEBUG 17985 --- [    Test worker] o.s.w.s.h.BeanNameUrlHandlerMapping      : Rejected bean name 'org.springframework.boot.autoconfigure.orm.jpa.HibernateJpaAutoConfiguration': no URL paths identified
2017-11-25 15:27:21.454 DEBUG 17985 --- [    Test worker] o.s.w.s.h.BeanNameUrlHandlerMapping      : Rejected bean name 'transactionManager': no URL paths identified
2017-11-25 15:27:21.454 DEBUG 17985 --- [    Test worker] o.s.w.s.h.BeanNameUrlHandlerMapping      : Rejected bean name 'jpaVendorAdapter': no URL paths identified
2017-11-25 15:27:21.454 DEBUG 17985 --- [    Test worker] o.s.w.s.h.BeanNameUrlHandlerMapping      : Rejected bean name 'entityManagerFactoryBuilder': no URL paths identified
2017-11-25 15:27:21.454 DEBUG 17985 --- [    Test worker] o.s.w.s.h.BeanNameUrlHandlerMapping      : Rejected bean name 'entityManagerFactory': no URL paths identified
2017-11-25 15:27:21.454 DEBUG 17985 --- [    Test worker] o.s.w.s.h.BeanNameUrlHandlerMapping      : Rejected bean name 'spring.jpa-org.springframework.boot.autoconfigure.orm.jpa.JpaProperties': no URL paths identified
2017-11-25 15:27:21.454 DEBUG 17985 --- [    Test worker] o.s.w.s.h.BeanNameUrlHandlerMapping      : Rejected bean name 'dataSourceInitializedPublisher': no URL paths identified
2017-11-25 15:27:21.454 DEBUG 17985 --- [    Test worker] o.s.w.s.h.BeanNameUrlHandlerMapping      : Rejected bean name 'org.springframework.boot.autoconfigure.info.ProjectInfoAutoConfiguration': no URL paths identified
2017-11-25 15:27:21.454 DEBUG 17985 --- [    Test worker] o.s.w.s.h.BeanNameUrlHandlerMapping      : Rejected bean name 'spring.info-org.springframework.boot.autoconfigure.info.ProjectInfoProperties': no URL paths identified
2017-11-25 15:27:21.454 DEBUG 17985 --- [    Test worker] o.s.w.s.h.BeanNameUrlHandlerMapping      : Rejected bean name 'org.springframework.boot.actuate.autoconfigure.InfoContributorAutoConfiguration': no URL paths identified
2017-11-25 15:27:21.454 DEBUG 17985 --- [    Test worker] o.s.w.s.h.BeanNameUrlHandlerMapping      : Rejected bean name 'envInfoContributor': no URL paths identified
2017-11-25 15:27:21.454 DEBUG 17985 --- [    Test worker] o.s.w.s.h.BeanNameUrlHandlerMapping      : Rejected bean name 'management.info-org.springframework.boot.actuate.autoconfigure.InfoContributorProperties': no URL paths identified
2017-11-25 15:27:21.454 DEBUG 17985 --- [    Test worker] o.s.w.s.h.BeanNameUrlHandlerMapping      : Rejected bean name 'org.springframework.boot.autoconfigure.ldap.LdapAutoConfiguration': no URL paths identified
2017-11-25 15:27:21.454 DEBUG 17985 --- [    Test worker] o.s.w.s.h.BeanNameUrlHandlerMapping      : Rejected bean name 'ldapContextSource': no URL paths identified
2017-11-25 15:27:21.455 DEBUG 17985 --- [    Test worker] o.s.w.s.h.BeanNameUrlHandlerMapping      : Rejected bean name 'spring.ldap-org.springframework.boot.autoconfigure.ldap.LdapProperties': no URL paths identified
2017-11-25 15:27:21.455 DEBUG 17985 --- [    Test worker] o.s.w.s.h.BeanNameUrlHandlerMapping      : Rejected bean name 'org.springframework.boot.autoconfigure.mongo.MongoAutoConfiguration': no URL paths identified
2017-11-25 15:27:21.455 DEBUG 17985 --- [    Test worker] o.s.w.s.h.BeanNameUrlHandlerMapping      : Rejected bean name 'mongo': no URL paths identified
2017-11-25 15:27:21.455 DEBUG 17985 --- [    Test worker] o.s.w.s.h.BeanNameUrlHandlerMapping      : Rejected bean name 'spring.data.mongodb-org.springframework.boot.autoconfigure.mongo.MongoProperties': no URL paths identified
2017-11-25 15:27:21.455 DEBUG 17985 --- [    Test worker] o.s.w.s.h.BeanNameUrlHandlerMapping      : Rejected bean name 'org.springframework.boot.autoconfigure.data.mongo.MongoDataAutoConfiguration': no URL paths identified
2017-11-25 15:27:21.455 DEBUG 17985 --- [    Test worker] o.s.w.s.h.BeanNameUrlHandlerMapping      : Rejected bean name 'mongoDbFactory': no URL paths identified
2017-11-25 15:27:21.455 DEBUG 17985 --- [    Test worker] o.s.w.s.h.BeanNameUrlHandlerMapping      : Rejected bean name 'mongoTemplate': no URL paths identified
2017-11-25 15:27:21.455 DEBUG 17985 --- [    Test worker] o.s.w.s.h.BeanNameUrlHandlerMapping      : Rejected bean name 'mappingMongoConverter': no URL paths identified
2017-11-25 15:27:21.455 DEBUG 17985 --- [    Test worker] o.s.w.s.h.BeanNameUrlHandlerMapping      : Rejected bean name 'mongoMappingContext': no URL paths identified
2017-11-25 15:27:21.455 DEBUG 17985 --- [    Test worker] o.s.w.s.h.BeanNameUrlHandlerMapping      : Rejected bean name 'gridFsTemplate': no URL paths identified
2017-11-25 15:27:21.455 DEBUG 17985 --- [    Test worker] o.s.w.s.h.BeanNameUrlHandlerMapping      : Rejected bean name 'mongoCustomConversions': no URL paths identified
2017-11-25 15:27:21.455 DEBUG 17985 --- [    Test worker] o.s.w.s.h.BeanNameUrlHandlerMapping      : Rejected bean name 'org.springframework.boot.actuate.autoconfigure.HealthIndicatorAutoConfiguration$DiskSpaceHealthIndicatorConfiguration': no URL paths identified
2017-11-25 15:27:21.455 DEBUG 17985 --- [    Test worker] o.s.w.s.h.BeanNameUrlHandlerMapping      : Rejected bean name 'diskSpaceHealthIndicator': no URL paths identified
2017-11-25 15:27:21.455 DEBUG 17985 --- [    Test worker] o.s.w.s.h.BeanNameUrlHandlerMapping      : Rejected bean name 'diskSpaceHealthIndicatorProperties': no URL paths identified
2017-11-25 15:27:21.455 DEBUG 17985 --- [    Test worker] o.s.w.s.h.BeanNameUrlHandlerMapping      : Rejected bean name 'org.springframework.boot.actuate.autoconfigure.HealthIndicatorAutoConfiguration$MongoHealthIndicatorConfiguration': no URL paths identified
2017-11-25 15:27:21.455 DEBUG 17985 --- [    Test worker] o.s.w.s.h.BeanNameUrlHandlerMapping      : Rejected bean name 'mongoHealthIndicator': no URL paths identified
2017-11-25 15:27:21.455 DEBUG 17985 --- [    Test worker] o.s.w.s.h.BeanNameUrlHandlerMapping      : Rejected bean name 'org.springframework.boot.actuate.autoconfigure.HealthIndicatorAutoConfiguration$DataSourcesHealthIndicatorConfiguration': no URL paths identified
2017-11-25 15:27:21.455 DEBUG 17985 --- [    Test worker] o.s.w.s.h.BeanNameUrlHandlerMapping      : Rejected bean name 'dbHealthIndicator': no URL paths identified
2017-11-25 15:27:21.456 DEBUG 17985 --- [    Test worker] o.s.w.s.h.BeanNameUrlHandlerMapping      : Rejected bean name 'org.springframework.boot.actuate.autoconfigure.HealthIndicatorAutoConfiguration': no URL paths identified
2017-11-25 15:27:21.456 DEBUG 17985 --- [    Test worker] o.s.w.s.h.BeanNameUrlHandlerMapping      : Rejected bean name 'healthAggregator': no URL paths identified
2017-11-25 15:27:21.456 DEBUG 17985 --- [    Test worker] o.s.w.s.h.BeanNameUrlHandlerMapping      : Rejected bean name 'management.health.status-org.springframework.boot.actuate.autoconfigure.HealthIndicatorProperties': no URL paths identified
2017-11-25 15:27:21.456 DEBUG 17985 --- [    Test worker] o.s.w.s.h.BeanNameUrlHandlerMapping      : Rejected bean name 'org.springframework.boot.actuate.autoconfigure.MetricRepositoryAutoConfiguration$FastMetricServicesConfiguration': no URL paths identified
2017-11-25 15:27:21.456 DEBUG 17985 --- [    Test worker] o.s.w.s.h.BeanNameUrlHandlerMapping      : Rejected bean name 'counterBuffers': no URL paths identified
2017-11-25 15:27:21.456 DEBUG 17985 --- [    Test worker] o.s.w.s.h.BeanNameUrlHandlerMapping      : Rejected bean name 'gaugeBuffers': no URL paths identified
2017-11-25 15:27:21.456 DEBUG 17985 --- [    Test worker] o.s.w.s.h.BeanNameUrlHandlerMapping      : Rejected bean name 'actuatorMetricReader': no URL paths identified
2017-11-25 15:27:21.456 DEBUG 17985 --- [    Test worker] o.s.w.s.h.BeanNameUrlHandlerMapping      : Rejected bean name 'counterService': no URL paths identified
2017-11-25 15:27:21.456 DEBUG 17985 --- [    Test worker] o.s.w.s.h.BeanNameUrlHandlerMapping      : Rejected bean name 'gaugeService': no URL paths identified
2017-11-25 15:27:21.456 DEBUG 17985 --- [    Test worker] o.s.w.s.h.BeanNameUrlHandlerMapping      : Rejected bean name 'org.springframework.boot.actuate.autoconfigure.MetricRepositoryAutoConfiguration': no URL paths identified
2017-11-25 15:27:21.456 DEBUG 17985 --- [    Test worker] o.s.w.s.h.BeanNameUrlHandlerMapping      : Rejected bean name 'org.springframework.boot.actuate.autoconfigure.PublicMetricsAutoConfiguration$TomcatMetricsConfiguration': no URL paths identified
2017-11-25 15:27:21.456 DEBUG 17985 --- [    Test worker] o.s.w.s.h.BeanNameUrlHandlerMapping      : Rejected bean name 'tomcatPublicMetrics': no URL paths identified
2017-11-25 15:27:21.456 DEBUG 17985 --- [    Test worker] o.s.w.s.h.BeanNameUrlHandlerMapping      : Rejected bean name 'org.springframework.boot.actuate.autoconfigure.PublicMetricsAutoConfiguration$DataSourceMetricsConfiguration': no URL paths identified
2017-11-25 15:27:21.456 DEBUG 17985 --- [    Test worker] o.s.w.s.h.BeanNameUrlHandlerMapping      : Rejected bean name 'dataSourcePublicMetrics': no URL paths identified
2017-11-25 15:27:21.456 DEBUG 17985 --- [    Test worker] o.s.w.s.h.BeanNameUrlHandlerMapping      : Rejected bean name 'org.springframework.boot.actuate.autoconfigure.PublicMetricsAutoConfiguration': no URL paths identified
2017-11-25 15:27:21.456 DEBUG 17985 --- [    Test worker] o.s.w.s.h.BeanNameUrlHandlerMapping      : Rejected bean name 'systemPublicMetrics': no URL paths identified
2017-11-25 15:27:21.457 DEBUG 17985 --- [    Test worker] o.s.w.s.h.BeanNameUrlHandlerMapping      : Rejected bean name 'metricReaderPublicMetrics': no URL paths identified
2017-11-25 15:27:21.457 DEBUG 17985 --- [    Test worker] o.s.w.s.h.BeanNameUrlHandlerMapping      : Rejected bean name 'org.springframework.boot.actuate.autoconfigure.EndpointAutoConfiguration$RequestMappingEndpointConfiguration': no URL paths identified
2017-11-25 15:27:21.457 DEBUG 17985 --- [    Test worker] o.s.w.s.h.BeanNameUrlHandlerMapping      : Rejected bean name 'requestMappingEndpoint': no URL paths identified
2017-11-25 15:27:21.457 DEBUG 17985 --- [    Test worker] o.s.w.s.h.BeanNameUrlHandlerMapping      : Rejected bean name 'org.springframework.boot.actuate.autoconfigure.EndpointAutoConfiguration': no URL paths identified
2017-11-25 15:27:21.457 DEBUG 17985 --- [    Test worker] o.s.w.s.h.BeanNameUrlHandlerMapping      : Rejected bean name 'environmentEndpoint': no URL paths identified
2017-11-25 15:27:21.457 DEBUG 17985 --- [    Test worker] o.s.w.s.h.BeanNameUrlHandlerMapping      : Rejected bean name 'healthEndpoint': no URL paths identified
2017-11-25 15:27:21.457 DEBUG 17985 --- [    Test worker] o.s.w.s.h.BeanNameUrlHandlerMapping      : Rejected bean name 'beansEndpoint': no URL paths identified
2017-11-25 15:27:21.457 DEBUG 17985 --- [    Test worker] o.s.w.s.h.BeanNameUrlHandlerMapping      : Rejected bean name 'infoEndpoint': no URL paths identified
2017-11-25 15:27:21.457 DEBUG 17985 --- [    Test worker] o.s.w.s.h.BeanNameUrlHandlerMapping      : Rejected bean name 'loggersEndpoint': no URL paths identified
2017-11-25 15:27:21.457 DEBUG 17985 --- [    Test worker] o.s.w.s.h.BeanNameUrlHandlerMapping      : Rejected bean name 'metricsEndpoint': no URL paths identified
2017-11-25 15:27:21.457 DEBUG 17985 --- [    Test worker] o.s.w.s.h.BeanNameUrlHandlerMapping      : Rejected bean name 'traceEndpoint': no URL paths identified
2017-11-25 15:27:21.457 DEBUG 17985 --- [    Test worker] o.s.w.s.h.BeanNameUrlHandlerMapping      : Rejected bean name 'dumpEndpoint': no URL paths identified
2017-11-25 15:27:21.457 DEBUG 17985 --- [    Test worker] o.s.w.s.h.BeanNameUrlHandlerMapping      : Rejected bean name 'autoConfigurationReportEndpoint': no URL paths identified
2017-11-25 15:27:21.457 DEBUG 17985 --- [    Test worker] o.s.w.s.h.BeanNameUrlHandlerMapping      : Rejected bean name 'shutdownEndpoint': no URL paths identified
2017-11-25 15:27:21.457 DEBUG 17985 --- [    Test worker] o.s.w.s.h.BeanNameUrlHandlerMapping      : Rejected bean name 'configurationPropertiesReportEndpoint': no URL paths identified
2017-11-25 15:27:21.457 DEBUG 17985 --- [    Test worker] o.s.w.s.h.BeanNameUrlHandlerMapping      : Rejected bean name 'endpoints-org.springframework.boot.actuate.endpoint.EndpointProperties': no URL paths identified
2017-11-25 15:27:21.457 DEBUG 17985 --- [    Test worker] o.s.w.s.h.BeanNameUrlHandlerMapping      : Rejected bean name 'org.springframework.boot.actuate.autoconfigure.ManagementServerPropertiesAutoConfiguration': no URL paths identified
2017-11-25 15:27:21.457 DEBUG 17985 --- [    Test worker] o.s.w.s.h.BeanNameUrlHandlerMapping      : Rejected bean name 'managementServerProperties': no URL paths identified
2017-11-25 15:27:21.457 DEBUG 17985 --- [    Test worker] o.s.w.s.h.BeanNameUrlHandlerMapping      : Rejected bean name 'org.springframework.boot.autoconfigure.web.HttpMessageConvertersAutoConfiguration$StringHttpMessageConverterConfiguration': no URL paths identified
2017-11-25 15:27:21.457 DEBUG 17985 --- [    Test worker] o.s.w.s.h.BeanNameUrlHandlerMapping      : Rejected bean name 'stringHttpMessageConverter': no URL paths identified
2017-11-25 15:27:21.457 DEBUG 17985 --- [    Test worker] o.s.w.s.h.BeanNameUrlHandlerMapping      : Rejected bean name 'spring.http.encoding-org.springframework.boot.autoconfigure.web.HttpEncodingProperties': no URL paths identified
2017-11-25 15:27:21.457 DEBUG 17985 --- [    Test worker] o.s.w.s.h.BeanNameUrlHandlerMapping      : Rejected bean name 'org.springframework.boot.autoconfigure.web.JacksonHttpMessageConvertersConfiguration$MappingJackson2HttpMessageConverterConfiguration': no URL paths identified
2017-11-25 15:27:21.458 DEBUG 17985 --- [    Test worker] o.s.w.s.h.BeanNameUrlHandlerMapping      : Rejected bean name 'mappingJackson2HttpMessageConverter': no URL paths identified
2017-11-25 15:27:21.458 DEBUG 17985 --- [    Test worker] o.s.w.s.h.BeanNameUrlHandlerMapping      : Rejected bean name 'org.springframework.boot.autoconfigure.web.JacksonHttpMessageConvertersConfiguration': no URL paths identified
2017-11-25 15:27:21.458 DEBUG 17985 --- [    Test worker] o.s.w.s.h.BeanNameUrlHandlerMapping      : Rejected bean name 'org.springframework.boot.autoconfigure.web.HttpMessageConvertersAutoConfiguration': no URL paths identified
2017-11-25 15:27:21.458 DEBUG 17985 --- [    Test worker] o.s.w.s.h.BeanNameUrlHandlerMapping      : Rejected bean name 'messageConverters': no URL paths identified
2017-11-25 15:27:21.458 DEBUG 17985 --- [    Test worker] o.s.w.s.h.BeanNameUrlHandlerMapping      : Rejected bean name 'org.springframework.hateoas.config.HateoasConfiguration': no URL paths identified
2017-11-25 15:27:21.458 DEBUG 17985 --- [    Test worker] o.s.w.s.h.BeanNameUrlHandlerMapping      : Rejected bean name 'linkRelationMessageSource': no URL paths identified
2017-11-25 15:27:21.458 DEBUG 17985 --- [    Test worker] o.s.w.s.h.BeanNameUrlHandlerMapping      : Rejected bean name 'org.springframework.data.web.config.SpringDataJacksonConfiguration': no URL paths identified
2017-11-25 15:27:21.458 DEBUG 17985 --- [    Test worker] o.s.w.s.h.BeanNameUrlHandlerMapping      : Rejected bean name 'jacksonGeoModule': no URL paths identified
2017-11-25 15:27:21.458 DEBUG 17985 --- [    Test worker] o.s.w.s.h.BeanNameUrlHandlerMapping      : Rejected bean name 'org.springframework.data.web.config.QuerydslWebConfiguration': no URL paths identified
2017-11-25 15:27:21.458 DEBUG 17985 --- [    Test worker] o.s.w.s.h.BeanNameUrlHandlerMapping      : Rejected bean name 'querydslPredicateArgumentResolver': no URL paths identified
2017-11-25 15:27:21.458 DEBUG 17985 --- [    Test worker] o.s.w.s.h.BeanNameUrlHandlerMapping      : Rejected bean name 'querydslBindingsFactory': no URL paths identified
2017-11-25 15:27:21.458 DEBUG 17985 --- [    Test worker] o.s.w.s.h.BeanNameUrlHandlerMapping      : Rejected bean name 'org.springframework.data.rest.webmvc.config.RepositoryRestMvcConfiguration': no URL paths identified
2017-11-25 15:27:21.459 DEBUG 17985 --- [    Test worker] o.s.w.s.h.BeanNameUrlHandlerMapping      : Rejected bean name 'repositories': no URL paths identified
2017-11-25 15:27:21.459 DEBUG 17985 --- [    Test worker] o.s.w.s.h.BeanNameUrlHandlerMapping      : Rejected bean name 'repositoryRelProvider': no URL paths identified
2017-11-25 15:27:21.459 DEBUG 17985 --- [    Test worker] o.s.w.s.h.BeanNameUrlHandlerMapping      : Rejected bean name 'persistentEntities': no URL paths identified
2017-11-25 15:27:21.459 DEBUG 17985 --- [    Test worker] o.s.w.s.h.BeanNameUrlHandlerMapping      : Rejected bean name 'defaultConversionService': no URL paths identified
2017-11-25 15:27:21.459 DEBUG 17985 --- [    Test worker] o.s.w.s.h.BeanNameUrlHandlerMapping      : Rejected bean name 'validatingRepositoryEventListener': no URL paths identified
2017-11-25 15:27:21.459 DEBUG 17985 --- [    Test worker] o.s.w.s.h.BeanNameUrlHandlerMapping      : Rejected bean name 'jpaHelper': no URL paths identified
2017-11-25 15:27:21.459 DEBUG 17985 --- [    Test worker] o.s.w.s.h.BeanNameUrlHandlerMapping      : Rejected bean name 'config': no URL paths identified
2017-11-25 15:27:21.459 DEBUG 17985 --- [    Test worker] o.s.w.s.h.BeanNameUrlHandlerMapping      : Rejected bean name 'projectionDefinitionRegistrar': no URL paths identified
2017-11-25 15:27:21.459 DEBUG 17985 --- [    Test worker] o.s.w.s.h.BeanNameUrlHandlerMapping      : Rejected bean name 'metadataConfiguration': no URL paths identified
2017-11-25 15:27:21.459 DEBUG 17985 --- [    Test worker] o.s.w.s.h.BeanNameUrlHandlerMapping      : Rejected bean name 'baseUri': no URL paths identified
2017-11-25 15:27:21.459 DEBUG 17985 --- [    Test worker] o.s.w.s.h.BeanNameUrlHandlerMapping      : Rejected bean name 'annotatedEventHandlerInvoker': no URL paths identified
2017-11-25 15:27:21.459 DEBUG 17985 --- [    Test worker] o.s.w.s.h.BeanNameUrlHandlerMapping      : Rejected bean name 'domainObjectMerger': no URL paths identified
2017-11-25 15:27:21.459 DEBUG 17985 --- [    Test worker] o.s.w.s.h.BeanNameUrlHandlerMapping      : Rejected bean name 'serverHttpRequestMethodArgumentResolver': no URL paths identified
2017-11-25 15:27:21.459 DEBUG 17985 --- [    Test worker] o.s.w.s.h.BeanNameUrlHandlerMapping      : Rejected bean name 'repoRequestArgumentResolver': no URL paths identified
2017-11-25 15:27:21.460 DEBUG 17985 --- [    Test worker] o.s.w.s.h.BeanNameUrlHandlerMapping      : Rejected bean name 'resourceMetadataHandlerMethodArgumentResolver': no URL paths identified
2017-11-25 15:27:21.466 DEBUG 17985 --- [    Test worker] o.s.w.s.h.BeanNameUrlHandlerMapping      : Rejected bean name 'backendIdHandlerMethodArgumentResolver': no URL paths identified
2017-11-25 15:27:21.466 DEBUG 17985 --- [    Test worker] o.s.w.s.h.BeanNameUrlHandlerMapping      : Rejected bean name 'eTagArgumentResolver': no URL paths identified
2017-11-25 15:27:21.466 DEBUG 17985 --- [    Test worker] o.s.w.s.h.BeanNameUrlHandlerMapping      : Rejected bean name 'entityLinks': no URL paths identified
2017-11-25 15:27:21.466 DEBUG 17985 --- [    Test worker] o.s.w.s.h.BeanNameUrlHandlerMapping      : Rejected bean name 'persistentEntityArgumentResolver': no URL paths identified
2017-11-25 15:27:21.466 DEBUG 17985 --- [    Test worker] o.s.w.s.h.BeanNameUrlHandlerMapping      : Rejected bean name 'jsonSchemaConverter': no URL paths identified
2017-11-25 15:27:21.466 DEBUG 17985 --- [    Test worker] o.s.w.s.h.BeanNameUrlHandlerMapping      : Rejected bean name 'resourceDescriptionMessageSourceAccessor': no URL paths identified
2017-11-25 15:27:21.466 DEBUG 17985 --- [    Test worker] o.s.w.s.h.BeanNameUrlHandlerMapping      : Rejected bean name 'objectMapper': no URL paths identified
2017-11-25 15:27:21.466 DEBUG 17985 --- [    Test worker] o.s.w.s.h.BeanNameUrlHandlerMapping      : Rejected bean name 'jacksonHttpMessageConverter': no URL paths identified
2017-11-25 15:27:21.466 DEBUG 17985 --- [    Test worker] o.s.w.s.h.BeanNameUrlHandlerMapping      : Rejected bean name 'halJacksonHttpMessageConverter': no URL paths identified
2017-11-25 15:27:21.466 DEBUG 17985 --- [    Test worker] o.s.w.s.h.BeanNameUrlHandlerMapping      : Rejected bean name 'halObjectMapper': no URL paths identified
2017-11-25 15:27:21.466 DEBUG 17985 --- [    Test worker] o.s.w.s.h.BeanNameUrlHandlerMapping      : Rejected bean name 'uriListHttpMessageConverter': no URL paths identified
2017-11-25 15:27:21.467 DEBUG 17985 --- [    Test worker] o.s.w.s.h.BeanNameUrlHandlerMapping      : Rejected bean name 'resourceProcessorInvoker': no URL paths identified
2017-11-25 15:27:21.467 DEBUG 17985 --- [    Test worker] o.s.w.s.h.BeanNameUrlHandlerMapping      : Rejected bean name 'repositoryExporterHandlerAdapter': no URL paths identified
2017-11-25 15:27:21.467 DEBUG 17985 --- [    Test worker] o.s.w.s.h.BeanNameUrlHandlerMapping      : Rejected bean name 'restHandlerMapping': no URL paths identified
2017-11-25 15:27:21.467 DEBUG 17985 --- [    Test worker] o.s.w.s.h.BeanNameUrlHandlerMapping      : Rejected bean name 'resourceMappings': no URL paths identified
2017-11-25 15:27:21.467 DEBUG 17985 --- [    Test worker] o.s.w.s.h.BeanNameUrlHandlerMapping      : Rejected bean name 'linkCollector': no URL paths identified
2017-11-25 15:27:21.467 DEBUG 17985 --- [    Test worker] o.s.w.s.h.BeanNameUrlHandlerMapping      : Rejected bean name 'excerptProjector': no URL paths identified
2017-11-25 15:27:21.467 DEBUG 17985 --- [    Test worker] o.s.w.s.h.BeanNameUrlHandlerMapping      : Rejected bean name 'repositoryRestExceptionHandler': no URL paths identified
2017-11-25 15:27:21.467 DEBUG 17985 --- [    Test worker] o.s.w.s.h.BeanNameUrlHandlerMapping      : Rejected bean name 'repositoryInvokerFactory': no URL paths identified
2017-11-25 15:27:21.467 DEBUG 17985 --- [    Test worker] o.s.w.s.h.BeanNameUrlHandlerMapping      : Rejected bean name 'defaultMessageConverters': no URL paths identified
2017-11-25 15:27:21.467 DEBUG 17985 --- [    Test worker] o.s.w.s.h.BeanNameUrlHandlerMapping      : Rejected bean name 'alpsJsonHttpMessageConverter': no URL paths identified
2017-11-25 15:27:21.467 DEBUG 17985 --- [    Test worker] o.s.w.s.h.BeanNameUrlHandlerMapping      : Rejected bean name 'pageableResolver': no URL paths identified
2017-11-25 15:27:21.467 DEBUG 17985 --- [    Test worker] o.s.w.s.h.BeanNameUrlHandlerMapping      : Rejected bean name 'sortResolver': no URL paths identified
2017-11-25 15:27:21.467 DEBUG 17985 --- [    Test worker] o.s.w.s.h.BeanNameUrlHandlerMapping      : Rejected bean name 'backendIdConverterRegistry': no URL paths identified
2017-11-25 15:27:21.467 DEBUG 17985 --- [    Test worker] o.s.w.s.h.BeanNameUrlHandlerMapping      : Rejected bean name 'auditableBeanWrapperFactory': no URL paths identified
2017-11-25 15:27:21.467 DEBUG 17985 --- [    Test worker] o.s.w.s.h.BeanNameUrlHandlerMapping      : Rejected bean name 'httpHeadersPreparer': no URL paths identified
2017-11-25 15:27:21.467 DEBUG 17985 --- [    Test worker] o.s.w.s.h.BeanNameUrlHandlerMapping      : Rejected bean name 'selfLinkProvider': no URL paths identified
2017-11-25 15:27:21.467 DEBUG 17985 --- [    Test worker] o.s.w.s.h.BeanNameUrlHandlerMapping      : Rejected bean name 'associationLinks': no URL paths identified
2017-11-25 15:27:21.467 DEBUG 17985 --- [    Test worker] o.s.w.s.h.BeanNameUrlHandlerMapping      : Rejected bean name 'enumTranslator': no URL paths identified
2017-11-25 15:27:21.467 DEBUG 17985 --- [    Test worker] o.s.w.s.h.BeanNameUrlHandlerMapping      : Rejected bean name 'alpsConverter': no URL paths identified
2017-11-25 15:27:21.468 DEBUG 17985 --- [    Test worker] o.s.w.s.h.BeanNameUrlHandlerMapping      : Rejected bean name 'profileResourceProcessor': no URL paths identified
2017-11-25 15:27:21.468 DEBUG 17985 --- [    Test worker] o.s.w.s.h.BeanNameUrlHandlerMapping      : Rejected bean name 'pagedResourcesAssembler': no URL paths identified
2017-11-25 15:27:21.468 DEBUG 17985 --- [    Test worker] o.s.w.s.h.BeanNameUrlHandlerMapping      : Rejected bean name 'pagedResourcesAssemblerArgumentResolver': no URL paths identified
2017-11-25 15:27:21.468 DEBUG 17985 --- [    Test worker] o.s.w.s.h.BeanNameUrlHandlerMapping      : Rejected bean name 'entityLinksPluginRegistry': no URL paths identified
2017-11-25 15:27:21.468 DEBUG 17985 --- [    Test worker] o.s.w.s.h.BeanNameUrlHandlerMapping      : Rejected bean name 'controllerEntityLinks': no URL paths identified
2017-11-25 15:27:21.468 DEBUG 17985 --- [    Test worker] o.s.w.s.h.BeanNameUrlHandlerMapping      : Rejected bean name 'jaxRsEntityLinks': no URL paths identified
2017-11-25 15:27:21.468 DEBUG 17985 --- [    Test worker] o.s.w.s.h.BeanNameUrlHandlerMapping      : Rejected bean name 'delegatingEntityLinks': no URL paths identified
2017-11-25 15:27:21.468 DEBUG 17985 --- [    Test worker] o.s.w.s.h.BeanNameUrlHandlerMapping      : Rejected bean name 'org.springframework.hateoas.hal.HalLinkDiscoverer#0': no URL paths identified
2017-11-25 15:27:21.468 DEBUG 17985 --- [    Test worker] o.s.w.s.h.BeanNameUrlHandlerMapping      : Rejected bean name '_halObjectMapper': no URL paths identified
2017-11-25 15:27:21.468 DEBUG 17985 --- [    Test worker] o.s.w.s.h.BeanNameUrlHandlerMapping      : Rejected bean name 'org.springframework.hateoas.config.HypermediaSupportBeanDefinitionRegistrar$DefaultObjectMapperCustomizer#0': no URL paths identified
2017-11-25 15:27:21.468 DEBUG 17985 --- [    Test worker] o.s.w.s.h.BeanNameUrlHandlerMapping      : Rejected bean name 'org.springframework.hateoas.config.HypermediaSupportBeanDefinitionRegistrar$Jackson2ModuleRegisteringBeanPostProcessor#0': no URL paths identified
2017-11-25 15:27:21.468 DEBUG 17985 --- [    Test worker] o.s.w.s.h.BeanNameUrlHandlerMapping      : Rejected bean name '_linkDiscovererRegistry': no URL paths identified
2017-11-25 15:27:21.468 DEBUG 17985 --- [    Test worker] o.s.w.s.h.BeanNameUrlHandlerMapping      : Rejected bean name 'org.springframework.hateoas.LinkDiscoverers#0': no URL paths identified
2017-11-25 15:27:21.468 DEBUG 17985 --- [    Test worker] o.s.w.s.h.BeanNameUrlHandlerMapping      : Rejected bean name 'defaultRelProvider': no URL paths identified
2017-11-25 15:27:21.468 DEBUG 17985 --- [    Test worker] o.s.w.s.h.BeanNameUrlHandlerMapping      : Rejected bean name 'annotationRelProvider': no URL paths identified
2017-11-25 15:27:21.468 DEBUG 17985 --- [    Test worker] o.s.w.s.h.BeanNameUrlHandlerMapping      : Rejected bean name 'relProviderPluginRegistry': no URL paths identified
2017-11-25 15:27:21.469 DEBUG 17985 --- [    Test worker] o.s.w.s.h.BeanNameUrlHandlerMapping      : Rejected bean name '_relProvider': no URL paths identified
2017-11-25 15:27:21.469 DEBUG 17985 --- [    Test worker] o.s.w.s.h.BeanNameUrlHandlerMapping      : Rejected bean name 'org.springframework.boot.autoconfigure.data.rest.RepositoryRestMvcAutoConfiguration': no URL paths identified
2017-11-25 15:27:21.469 DEBUG 17985 --- [    Test worker] o.s.w.s.h.BeanNameUrlHandlerMapping      : Rejected bean name 'springBootRepositoryRestConfigurer': no URL paths identified
2017-11-25 15:27:21.469 DEBUG 17985 --- [    Test worker] o.s.w.s.h.BeanNameUrlHandlerMapping      : Rejected bean name 'spring.data.rest-org.springframework.boot.autoconfigure.data.rest.RepositoryRestProperties': no URL paths identified
2017-11-25 15:27:21.469 DEBUG 17985 --- [    Test worker] o.s.w.s.h.BeanNameUrlHandlerMapping      : Rejected bean name 'org.springframework.boot.autoconfigure.hateoas.HypermediaHttpMessageConverterConfiguration': no URL paths identified
2017-11-25 15:27:21.469 DEBUG 17985 --- [    Test worker] o.s.w.s.h.BeanNameUrlHandlerMapping      : Rejected bean name 'halMessageConverterSupportedMediaTypeCustomizer': no URL paths identified
2017-11-25 15:27:21.472 DEBUG 17985 --- [    Test worker] o.s.w.s.h.BeanNameUrlHandlerMapping      : Rejected bean name 'org.springframework.boot.autoconfigure.hateoas.HypermediaAutoConfiguration': no URL paths identified
2017-11-25 15:27:21.472 DEBUG 17985 --- [    Test worker] o.s.w.s.h.BeanNameUrlHandlerMapping      : Rejected bean name 'spring.hateoas-org.springframework.boot.autoconfigure.hateoas.HateoasProperties': no URL paths identified
2017-11-25 15:27:21.473 DEBUG 17985 --- [    Test worker] o.s.w.s.h.BeanNameUrlHandlerMapping      : Rejected bean name 'org.springframework.boot.actuate.autoconfigure.EndpointWebMvcManagementContextConfiguration': no URL paths identified
2017-11-25 15:27:21.473 DEBUG 17985 --- [    Test worker] o.s.w.s.h.BeanNameUrlHandlerMapping      : Rejected bean name 'endpointHandlerMapping': no URL paths identified
2017-11-25 15:27:21.473 DEBUG 17985 --- [    Test worker] o.s.w.s.h.BeanNameUrlHandlerMapping      : Rejected bean name 'mvcEndpoints': no URL paths identified
2017-11-25 15:27:21.473 DEBUG 17985 --- [    Test worker] o.s.w.s.h.BeanNameUrlHandlerMapping      : Rejected bean name 'environmentMvcEndpoint': no URL paths identified
2017-11-25 15:27:21.473 DEBUG 17985 --- [    Test worker] o.s.w.s.h.BeanNameUrlHandlerMapping      : Rejected bean name 'heapdumpMvcEndpoint': no URL paths identified
2017-11-25 15:27:21.473 DEBUG 17985 --- [    Test worker] o.s.w.s.h.BeanNameUrlHandlerMapping      : Rejected bean name 'healthMvcEndpoint': no URL paths identified
2017-11-25 15:27:21.473 DEBUG 17985 --- [    Test worker] o.s.w.s.h.BeanNameUrlHandlerMapping      : Rejected bean name 'loggersMvcEndpoint': no URL paths identified
2017-11-25 15:27:21.473 DEBUG 17985 --- [    Test worker] o.s.w.s.h.BeanNameUrlHandlerMapping      : Rejected bean name 'metricsMvcEndpoint': no URL paths identified
2017-11-25 15:27:21.473 DEBUG 17985 --- [    Test worker] o.s.w.s.h.BeanNameUrlHandlerMapping      : Rejected bean name 'auditEventMvcEndpoint': no URL paths identified
2017-11-25 15:27:21.473 DEBUG 17985 --- [    Test worker] o.s.w.s.h.BeanNameUrlHandlerMapping      : Rejected bean name 'endpoints.health-org.springframework.boot.actuate.autoconfigure.HealthMvcEndpointProperties': no URL paths identified
2017-11-25 15:27:21.473 DEBUG 17985 --- [    Test worker] o.s.w.s.h.BeanNameUrlHandlerMapping      : Rejected bean name 'endpoints.cors-org.springframework.boot.actuate.autoconfigure.EndpointCorsProperties': no URL paths identified
2017-11-25 15:27:21.473 DEBUG 17985 --- [    Test worker] o.s.w.s.h.BeanNameUrlHandlerMapping      : Rejected bean name 'org.springframework.boot.actuate.autoconfigure.EndpointWebMvcHypermediaManagementContextConfiguration$ActuatorEndpointLinksAdvice': no URL paths identified
2017-11-25 15:27:21.473 DEBUG 17985 --- [    Test worker] o.s.w.s.h.BeanNameUrlHandlerMapping      : Rejected bean name 'org.springframework.boot.actuate.autoconfigure.EndpointWebMvcHypermediaManagementContextConfiguration$DocsMvcEndpointConfiguration': no URL paths identified
2017-11-25 15:27:21.473 DEBUG 17985 --- [    Test worker] o.s.w.s.h.BeanNameUrlHandlerMapping      : Rejected bean name 'org.springframework.boot.actuate.autoconfigure.EndpointWebMvcHypermediaManagementContextConfiguration': no URL paths identified
2017-11-25 15:27:21.474 DEBUG 17985 --- [    Test worker] o.s.w.s.h.BeanNameUrlHandlerMapping      : Rejected bean name 'managementServletContext': no URL paths identified
2017-11-25 15:27:21.474 DEBUG 17985 --- [    Test worker] o.s.w.s.h.BeanNameUrlHandlerMapping      : Rejected bean name 'halJsonMvcEndpoint': no URL paths identified
2017-11-25 15:27:21.474 DEBUG 17985 --- [    Test worker] o.s.w.s.h.BeanNameUrlHandlerMapping      : Rejected bean name 'org.springframework.boot.actuate.autoconfigure.EndpointWebMvcAutoConfiguration$EndpointWebMvcConfiguration': no URL paths identified
2017-11-25 15:27:21.474 DEBUG 17985 --- [    Test worker] o.s.w.s.h.BeanNameUrlHandlerMapping      : Rejected bean name 'org.springframework.boot.actuate.autoconfigure.EndpointWebMvcAutoConfiguration$ApplicationContextFilterConfiguration': no URL paths identified
2017-11-25 15:27:21.474 DEBUG 17985 --- [    Test worker] o.s.w.s.h.BeanNameUrlHandlerMapping      : Rejected bean name 'applicationContextIdFilter': no URL paths identified
2017-11-25 15:27:21.476 DEBUG 17985 --- [    Test worker] o.s.w.s.h.BeanNameUrlHandlerMapping      : Rejected bean name 'org.springframework.boot.actuate.autoconfigure.EndpointWebMvcAutoConfiguration': no URL paths identified
2017-11-25 15:27:21.476 DEBUG 17985 --- [    Test worker] o.s.w.s.h.BeanNameUrlHandlerMapping      : Rejected bean name 'managementContextResolver': no URL paths identified
2017-11-25 15:27:21.476 DEBUG 17985 --- [    Test worker] o.s.w.s.h.BeanNameUrlHandlerMapping      : Rejected bean name 'org.springframework.boot.actuate.autoconfigure.MetricExportAutoConfiguration$MetricExportPropertiesConfiguration': no URL paths identified
2017-11-25 15:27:21.476 DEBUG 17985 --- [    Test worker] o.s.w.s.h.BeanNameUrlHandlerMapping      : Rejected bean name 'spring.metrics.export-org.springframework.boot.actuate.metrics.export.MetricExportProperties': no URL paths identified
2017-11-25 15:27:21.476 DEBUG 17985 --- [    Test worker] o.s.w.s.h.BeanNameUrlHandlerMapping      : Rejected bean name 'org.springframework.boot.actuate.autoconfigure.MetricExportAutoConfiguration$StatsdConfiguration': no URL paths identified
2017-11-25 15:27:21.476 DEBUG 17985 --- [    Test worker] o.s.w.s.h.BeanNameUrlHandlerMapping      : Rejected bean name 'org.springframework.scheduling.annotation.SchedulingConfiguration': no URL paths identified
2017-11-25 15:27:21.476 DEBUG 17985 --- [    Test worker] o.s.w.s.h.BeanNameUrlHandlerMapping      : Rejected bean name 'org.springframework.context.annotation.internalScheduledAnnotationProcessor': no URL paths identified
2017-11-25 15:27:21.476 DEBUG 17985 --- [    Test worker] o.s.w.s.h.BeanNameUrlHandlerMapping      : Rejected bean name 'org.springframework.boot.actuate.autoconfigure.MetricExportAutoConfiguration': no URL paths identified
2017-11-25 15:27:21.476 DEBUG 17985 --- [    Test worker] o.s.w.s.h.BeanNameUrlHandlerMapping      : Rejected bean name 'metricWritersMetricExporter': no URL paths identified
2017-11-25 15:27:21.476 DEBUG 17985 --- [    Test worker] o.s.w.s.h.BeanNameUrlHandlerMapping      : Rejected bean name 'org.springframework.boot.actuate.autoconfigure.MetricFilterAutoConfiguration': no URL paths identified
2017-11-25 15:27:21.477 DEBUG 17985 --- [    Test worker] o.s.w.s.h.BeanNameUrlHandlerMapping      : Rejected bean name 'metricsFilter': no URL paths identified
2017-11-25 15:27:21.477 DEBUG 17985 --- [    Test worker] o.s.w.s.h.BeanNameUrlHandlerMapping      : Rejected bean name 'endpoints.metrics.filter-org.springframework.boot.actuate.autoconfigure.MetricFilterProperties': no URL paths identified
2017-11-25 15:27:21.477 DEBUG 17985 --- [    Test worker] o.s.w.s.h.BeanNameUrlHandlerMapping      : Rejected bean name 'org.springframework.boot.actuate.autoconfigure.TraceRepositoryAutoConfiguration': no URL paths identified
2017-11-25 15:27:21.477 DEBUG 17985 --- [    Test worker] o.s.w.s.h.BeanNameUrlHandlerMapping      : Rejected bean name 'traceRepository': no URL paths identified
2017-11-25 15:27:21.477 DEBUG 17985 --- [    Test worker] o.s.w.s.h.BeanNameUrlHandlerMapping      : Rejected bean name 'org.springframework.boot.actuate.autoconfigure.TraceWebFilterAutoConfiguration': no URL paths identified
2017-11-25 15:27:21.477 DEBUG 17985 --- [    Test worker] o.s.w.s.h.BeanNameUrlHandlerMapping      : Rejected bean name 'webRequestLoggingFilter': no URL paths identified
2017-11-25 15:27:21.477 DEBUG 17985 --- [    Test worker] o.s.w.s.h.BeanNameUrlHandlerMapping      : Rejected bean name 'management.trace-org.springframework.boot.actuate.trace.TraceProperties': no URL paths identified
2017-11-25 15:27:21.477 DEBUG 17985 --- [    Test worker] o.s.w.s.h.BeanNameUrlHandlerMapping      : Rejected bean name 'org.springframework.boot.autoconfigure.aop.AopAutoConfiguration$JdkDynamicAutoProxyConfiguration': no URL paths identified
2017-11-25 15:27:21.477 DEBUG 17985 --- [    Test worker] o.s.w.s.h.BeanNameUrlHandlerMapping      : Rejected bean name 'org.springframework.aop.config.internalAutoProxyCreator': no URL paths identified
2017-11-25 15:27:21.477 DEBUG 17985 --- [    Test worker] o.s.w.s.h.BeanNameUrlHandlerMapping      : Rejected bean name 'org.springframework.boot.autoconfigure.aop.AopAutoConfiguration': no URL paths identified
2017-11-25 15:27:21.477 DEBUG 17985 --- [    Test worker] o.s.w.s.h.BeanNameUrlHandlerMapping      : Rejected bean name 'org.springframework.boot.autoconfigure.context.ConfigurationPropertiesAutoConfiguration': no URL paths identified
2017-11-25 15:27:21.477 DEBUG 17985 --- [    Test worker] o.s.w.s.h.BeanNameUrlHandlerMapping      : Rejected bean name 'org.springframework.boot.autoconfigure.dao.PersistenceExceptionTranslationAutoConfiguration': no URL paths identified
2017-11-25 15:27:21.477 DEBUG 17985 --- [    Test worker] o.s.w.s.h.BeanNameUrlHandlerMapping      : Rejected bean name 'persistenceExceptionTranslationPostProcessor': no URL paths identified
2017-11-25 15:27:21.477 DEBUG 17985 --- [    Test worker] o.s.w.s.h.BeanNameUrlHandlerMapping      : Rejected bean name 'org.springframework.boot.autoconfigure.data.jpa.JpaRepositoriesAutoConfiguration': no URL paths identified
2017-11-25 15:27:21.477 DEBUG 17985 --- [    Test worker] o.s.w.s.h.BeanNameUrlHandlerMapping      : Rejected bean name 'emBeanDefinitionRegistrarPostProcessor': no URL paths identified
2017-11-25 15:27:21.477 DEBUG 17985 --- [    Test worker] o.s.w.s.h.BeanNameUrlHandlerMapping      : Rejected bean name 'jpaMappingContext': no URL paths identified
2017-11-25 15:27:21.477 DEBUG 17985 --- [    Test worker] o.s.w.s.h.BeanNameUrlHandlerMapping      : Rejected bean name 'jpaContext': no URL paths identified
2017-11-25 15:27:21.478 DEBUG 17985 --- [    Test worker] o.s.w.s.h.BeanNameUrlHandlerMapping      : Rejected bean name 'invitationRepository': no URL paths identified
2017-11-25 15:27:21.478 DEBUG 17985 --- [    Test worker] o.s.w.s.h.BeanNameUrlHandlerMapping      : Rejected bean name 'expenseRepository': no URL paths identified
2017-11-25 15:27:21.478 DEBUG 17985 --- [    Test worker] o.s.w.s.h.BeanNameUrlHandlerMapping      : Rejected bean name 'userDetailsRepository': no URL paths identified
2017-11-25 15:27:21.478 DEBUG 17985 --- [    Test worker] o.s.w.s.h.BeanNameUrlHandlerMapping      : Rejected bean name 'userRepository': no URL paths identified
2017-11-25 15:27:21.478 DEBUG 17985 --- [    Test worker] o.s.w.s.h.BeanNameUrlHandlerMapping      : Rejected bean name 'groupRepository': no URL paths identified
2017-11-25 15:27:21.478 DEBUG 17985 --- [    Test worker] o.s.w.s.h.BeanNameUrlHandlerMapping      : Rejected bean name 'org.springframework.boot.autoconfigure.data.mongo.MongoRepositoriesAutoConfiguration': no URL paths identified
2017-11-25 15:27:21.478 DEBUG 17985 --- [    Test worker] o.s.w.s.h.BeanNameUrlHandlerMapping      : Rejected bean name 'org.springframework.boot.autoconfigure.h2.H2ConsoleAutoConfiguration$H2ConsoleSecurityConfiguration': no URL paths identified
2017-11-25 15:27:21.478 DEBUG 17985 --- [    Test worker] o.s.w.s.h.BeanNameUrlHandlerMapping      : Rejected bean name 'h2ConsoleSecurityConfigurer': no URL paths identified
2017-11-25 15:27:21.478 DEBUG 17985 --- [    Test worker] o.s.w.s.h.BeanNameUrlHandlerMapping      : Rejected bean name 'org.springframework.boot.autoconfigure.h2.H2ConsoleAutoConfiguration': no URL paths identified
2017-11-25 15:27:21.478 DEBUG 17985 --- [    Test worker] o.s.w.s.h.BeanNameUrlHandlerMapping      : Rejected bean name 'h2Console': no URL paths identified
2017-11-25 15:27:21.478 DEBUG 17985 --- [    Test worker] o.s.w.s.h.BeanNameUrlHandlerMapping      : Rejected bean name 'spring.h2.console-org.springframework.boot.autoconfigure.h2.H2ConsoleProperties': no URL paths identified
2017-11-25 15:27:21.478 DEBUG 17985 --- [    Test worker] o.s.w.s.h.BeanNameUrlHandlerMapping      : Rejected bean name 'org.springframework.boot.autoconfigure.jdbc.DataSourceTransactionManagerAutoConfiguration$DataSourceTransactionManagerConfiguration': no URL paths identified
2017-11-25 15:27:21.478 DEBUG 17985 --- [    Test worker] o.s.w.s.h.BeanNameUrlHandlerMapping      : Rejected bean name 'org.springframework.boot.autoconfigure.jdbc.DataSourceTransactionManagerAutoConfiguration': no URL paths identified
2017-11-25 15:27:21.478 DEBUG 17985 --- [    Test worker] o.s.w.s.h.BeanNameUrlHandlerMapping      : Rejected bean name 'org.springframework.boot.autoconfigure.jdbc.JdbcTemplateAutoConfiguration': no URL paths identified
2017-11-25 15:27:21.478 DEBUG 17985 --- [    Test worker] o.s.w.s.h.BeanNameUrlHandlerMapping      : Rejected bean name 'jdbcTemplate': no URL paths identified
2017-11-25 15:27:21.478 DEBUG 17985 --- [    Test worker] o.s.w.s.h.BeanNameUrlHandlerMapping      : Rejected bean name 'namedParameterJdbcTemplate': no URL paths identified
2017-11-25 15:27:21.478 DEBUG 17985 --- [    Test worker] o.s.w.s.h.BeanNameUrlHandlerMapping      : Rejected bean name 'org.springframework.boot.autoconfigure.security.SecurityFilterAutoConfiguration': no URL paths identified
2017-11-25 15:27:21.479 DEBUG 17985 --- [    Test worker] o.s.w.s.h.BeanNameUrlHandlerMapping      : Rejected bean name 'securityFilterChainRegistration': no URL paths identified
2017-11-25 15:27:21.479 DEBUG 17985 --- [    Test worker] o.s.w.s.h.BeanNameUrlHandlerMapping      : Rejected bean name 'org.springframework.transaction.annotation.ProxyTransactionManagementConfiguration': no URL paths identified
2017-11-25 15:27:21.479 DEBUG 17985 --- [    Test worker] o.s.w.s.h.BeanNameUrlHandlerMapping      : Rejected bean name 'org.springframework.transaction.config.internalTransactionAdvisor': no URL paths identified
2017-11-25 15:27:21.479 DEBUG 17985 --- [    Test worker] o.s.w.s.h.BeanNameUrlHandlerMapping      : Rejected bean name 'transactionAttributeSource': no URL paths identified
2017-11-25 15:27:21.479 DEBUG 17985 --- [    Test worker] o.s.w.s.h.BeanNameUrlHandlerMapping      : Rejected bean name 'transactionInterceptor': no URL paths identified
2017-11-25 15:27:21.479 DEBUG 17985 --- [    Test worker] o.s.w.s.h.BeanNameUrlHandlerMapping      : Rejected bean name 'org.springframework.transaction.config.internalTransactionalEventListenerFactory': no URL paths identified
2017-11-25 15:27:21.479 DEBUG 17985 --- [    Test worker] o.s.w.s.h.BeanNameUrlHandlerMapping      : Rejected bean name 'org.springframework.boot.autoconfigure.transaction.TransactionAutoConfiguration$EnableTransactionManagementConfiguration$CglibAutoProxyConfiguration': no URL paths identified
2017-11-25 15:27:21.479 DEBUG 17985 --- [    Test worker] o.s.w.s.h.BeanNameUrlHandlerMapping      : Rejected bean name 'org.springframework.boot.autoconfigure.transaction.TransactionAutoConfiguration$EnableTransactionManagementConfiguration': no URL paths identified
2017-11-25 15:27:21.479 DEBUG 17985 --- [    Test worker] o.s.w.s.h.BeanNameUrlHandlerMapping      : Rejected bean name 'org.springframework.boot.autoconfigure.transaction.TransactionAutoConfiguration$TransactionTemplateConfiguration': no URL paths identified
2017-11-25 15:27:21.479 DEBUG 17985 --- [    Test worker] o.s.w.s.h.BeanNameUrlHandlerMapping      : Rejected bean name 'transactionTemplate': no URL paths identified
2017-11-25 15:27:21.479 DEBUG 17985 --- [    Test worker] o.s.w.s.h.BeanNameUrlHandlerMapping      : Rejected bean name 'org.springframework.boot.autoconfigure.transaction.TransactionAutoConfiguration': no URL paths identified
2017-11-25 15:27:21.479 DEBUG 17985 --- [    Test worker] o.s.w.s.h.BeanNameUrlHandlerMapping      : Rejected bean name 'platformTransactionManagerCustomizers': no URL paths identified
2017-11-25 15:27:21.479 DEBUG 17985 --- [    Test worker] o.s.w.s.h.BeanNameUrlHandlerMapping      : Rejected bean name 'spring.transaction-org.springframework.boot.autoconfigure.transaction.TransactionProperties': no URL paths identified
2017-11-25 15:27:21.479 DEBUG 17985 --- [    Test worker] o.s.w.s.h.BeanNameUrlHandlerMapping      : Rejected bean name 'org.springframework.boot.autoconfigure.web.HttpEncodingAutoConfiguration': no URL paths identified
2017-11-25 15:27:21.479 DEBUG 17985 --- [    Test worker] o.s.w.s.h.BeanNameUrlHandlerMapping      : Rejected bean name 'characterEncodingFilter': no URL paths identified
2017-11-25 15:27:21.479 DEBUG 17985 --- [    Test worker] o.s.w.s.h.BeanNameUrlHandlerMapping      : Rejected bean name 'localeCharsetMappingsCustomizer': no URL paths identified
2017-11-25 15:27:21.479 DEBUG 17985 --- [    Test worker] o.s.w.s.h.BeanNameUrlHandlerMapping      : Rejected bean name 'org.springframework.boot.autoconfigure.web.MultipartAutoConfiguration': no URL paths identified
2017-11-25 15:27:21.479 DEBUG 17985 --- [    Test worker] o.s.w.s.h.BeanNameUrlHandlerMapping      : Rejected bean name 'multipartConfigElement': no URL paths identified
2017-11-25 15:27:21.480 DEBUG 17985 --- [    Test worker] o.s.w.s.h.BeanNameUrlHandlerMapping      : Rejected bean name 'multipartResolver': no URL paths identified
2017-11-25 15:27:21.480 DEBUG 17985 --- [    Test worker] o.s.w.s.h.BeanNameUrlHandlerMapping      : Rejected bean name 'spring.http.multipart-org.springframework.boot.autoconfigure.web.MultipartProperties': no URL paths identified
2017-11-25 15:27:21.480 DEBUG 17985 --- [    Test worker] o.s.w.s.h.BeanNameUrlHandlerMapping      : Rejected bean name 'org.springframework.boot.autoconfigure.web.WebClientAutoConfiguration$RestTemplateConfiguration': no URL paths identified
2017-11-25 15:27:21.480 DEBUG 17985 --- [    Test worker] o.s.w.s.h.BeanNameUrlHandlerMapping      : Rejected bean name 'restTemplateBuilder': no URL paths identified
2017-11-25 15:27:21.480 DEBUG 17985 --- [    Test worker] o.s.w.s.h.BeanNameUrlHandlerMapping      : Rejected bean name 'org.springframework.boot.autoconfigure.web.WebClientAutoConfiguration': no URL paths identified
2017-11-25 15:27:21.480 DEBUG 17985 --- [    Test worker] o.s.w.s.h.BeanNameUrlHandlerMapping      : Rejected bean name 'authenticationManager': no URL paths identified
2017-11-25 15:27:21.480 DEBUG 17985 --- [    Test worker] o.s.w.s.h.BeanNameUrlHandlerMapping      : Rejected bean name 'org.springframework.orm.jpa.SharedEntityManagerCreator#0': no URL paths identified
2017-11-25 15:27:21.480 DEBUG 17985 --- [    Test worker] o.s.w.s.h.BeanNameUrlHandlerMapping      : Rejected bean name 'autoConfigurationReport': no URL paths identified
2017-11-25 15:27:21.480 DEBUG 17985 --- [    Test worker] o.s.w.s.h.BeanNameUrlHandlerMapping      : Rejected bean name 'org.springframework.boot.test.autoconfigure.properties.PropertyMappingContextCustomizer$PropertyMappingCheckBeanPostProcessor': no URL paths identified
2017-11-25 15:27:21.480 DEBUG 17985 --- [    Test worker] o.s.w.s.h.BeanNameUrlHandlerMapping      : Rejected bean name 'org.springframework.boot.test.context.filter.TestTypeExcludeFilter': no URL paths identified
2017-11-25 15:27:21.480 DEBUG 17985 --- [    Test worker] o.s.w.s.h.BeanNameUrlHandlerMapping      : Rejected bean name 'springApplicationArguments': no URL paths identified
2017-11-25 15:27:21.480 DEBUG 17985 --- [    Test worker] o.s.w.s.h.BeanNameUrlHandlerMapping      : Rejected bean name 'springBootBanner': no URL paths identified
2017-11-25 15:27:21.480 DEBUG 17985 --- [    Test worker] o.s.w.s.h.BeanNameUrlHandlerMapping      : Rejected bean name 'springBootLoggingSystem': no URL paths identified
2017-11-25 15:27:21.480 DEBUG 17985 --- [    Test worker] o.s.w.s.h.BeanNameUrlHandlerMapping      : Rejected bean name 'environment': no URL paths identified
2017-11-25 15:27:21.480 DEBUG 17985 --- [    Test worker] o.s.w.s.h.BeanNameUrlHandlerMapping      : Rejected bean name 'systemProperties': no URL paths identified
2017-11-25 15:27:21.480 DEBUG 17985 --- [    Test worker] o.s.w.s.h.BeanNameUrlHandlerMapping      : Rejected bean name 'systemEnvironment': no URL paths identified
2017-11-25 15:27:21.480 DEBUG 17985 --- [    Test worker] o.s.w.s.h.BeanNameUrlHandlerMapping      : Rejected bean name 'servletContext': no URL paths identified
2017-11-25 15:27:21.480 DEBUG 17985 --- [    Test worker] o.s.w.s.h.BeanNameUrlHandlerMapping      : Rejected bean name 'contextParameters': no URL paths identified
2017-11-25 15:27:21.481 DEBUG 17985 --- [    Test worker] o.s.w.s.h.BeanNameUrlHandlerMapping      : Rejected bean name 'contextAttributes': no URL paths identified
2017-11-25 15:27:21.481 DEBUG 17985 --- [    Test worker] o.s.w.s.h.BeanNameUrlHandlerMapping      : Rejected bean name 'org.springframework.context.annotation.ConfigurationClassPostProcessor.importRegistry': no URL paths identified
2017-11-25 15:27:21.481 DEBUG 17985 --- [    Test worker] o.s.w.s.h.BeanNameUrlHandlerMapping      : Rejected bean name 'org.springframework.boot.test.mock.mockito.MockitoBeans': no URL paths identified
2017-11-25 15:27:21.481 DEBUG 17985 --- [    Test worker] o.s.w.s.h.BeanNameUrlHandlerMapping      : Rejected bean name 'messageSource': no URL paths identified
2017-11-25 15:27:21.481 DEBUG 17985 --- [    Test worker] o.s.w.s.h.BeanNameUrlHandlerMapping      : Rejected bean name 'applicationEventMulticaster': no URL paths identified
2017-11-25 15:27:21.500  INFO 17985 --- [    Test worker] o.s.w.s.handler.SimpleUrlHandlerMapping  : Mapped URL path [/webjars/**] onto handler of type [class org.springframework.web.servlet.resource.ResourceHttpRequestHandler]
2017-11-25 15:27:21.500  INFO 17985 --- [    Test worker] o.s.w.s.handler.SimpleUrlHandlerMapping  : Mapped URL path [/**] onto handler of type [class org.springframework.web.servlet.resource.ResourceHttpRequestHandler]
2017-11-25 15:27:21.529  INFO 17985 --- [    Test worker] o.s.w.s.handler.SimpleUrlHandlerMapping  : Mapped URL path [/**/favicon.ico] onto handler of type [class org.springframework.web.servlet.resource.ResourceHttpRequestHandler]
2017-11-25 15:27:21.566  INFO 17985 --- [    Test worker] o.s.d.r.w.RepositoryRestHandlerMapping   : Mapped "{[/{repository}],methods=[HEAD],produces=[application/hal+json || application/json]}" onto public org.springframework.http.ResponseEntity<?> org.springframework.data.rest.webmvc.RepositoryEntityController.headCollectionResource(org.springframework.data.rest.webmvc.RootResourceInformation,org.springframework.data.rest.webmvc.support.DefaultedPageable) throws org.springframework.web.HttpRequestMethodNotSupportedException
2017-11-25 15:27:21.567  INFO 17985 --- [    Test worker] o.s.d.r.w.RepositoryRestHandlerMapping   : Mapped "{[/{repository}],methods=[OPTIONS],produces=[application/hal+json || application/json]}" onto public org.springframework.http.ResponseEntity<?> org.springframework.data.rest.webmvc.RepositoryEntityController.optionsForCollectionResource(org.springframework.data.rest.webmvc.RootResourceInformation)
2017-11-25 15:27:21.568  INFO 17985 --- [    Test worker] o.s.d.r.w.RepositoryRestHandlerMapping   : Mapped "{[/{repository}],methods=[GET],produces=[application/hal+json || application/json]}" onto public org.springframework.hateoas.Resources<?> org.springframework.data.rest.webmvc.RepositoryEntityController.getCollectionResource(org.springframework.data.rest.webmvc.RootResourceInformation,org.springframework.data.rest.webmvc.support.DefaultedPageable,org.springframework.data.domain.Sort,org.springframework.data.rest.webmvc.PersistentEntityResourceAssembler) throws org.springframework.data.rest.webmvc.ResourceNotFoundException,org.springframework.web.HttpRequestMethodNotSupportedException
2017-11-25 15:27:21.568  INFO 17985 --- [    Test worker] o.s.d.r.w.RepositoryRestHandlerMapping   : Mapped "{[/{repository}],methods=[GET],produces=[application/x-spring-data-compact+json || text/uri-list]}" onto public org.springframework.hateoas.Resources<?> org.springframework.data.rest.webmvc.RepositoryEntityController.getCollectionResourceCompact(org.springframework.data.rest.webmvc.RootResourceInformation,org.springframework.data.rest.webmvc.support.DefaultedPageable,org.springframework.data.domain.Sort,org.springframework.data.rest.webmvc.PersistentEntityResourceAssembler) throws org.springframework.data.rest.webmvc.ResourceNotFoundException,org.springframework.web.HttpRequestMethodNotSupportedException
2017-11-25 15:27:21.569  INFO 17985 --- [    Test worker] o.s.d.r.w.RepositoryRestHandlerMapping   : Mapped "{[/{repository}],methods=[POST],produces=[application/hal+json || application/json]}" onto public org.springframework.http.ResponseEntity<org.springframework.hateoas.ResourceSupport> org.springframework.data.rest.webmvc.RepositoryEntityController.postCollectionResource(org.springframework.data.rest.webmvc.RootResourceInformation,org.springframework.data.rest.webmvc.PersistentEntityResource,org.springframework.data.rest.webmvc.PersistentEntityResourceAssembler,java.lang.String) throws org.springframework.web.HttpRequestMethodNotSupportedException
2017-11-25 15:27:21.569  INFO 17985 --- [    Test worker] o.s.d.r.w.RepositoryRestHandlerMapping   : Mapped "{[/{repository}/{id}],methods=[OPTIONS],produces=[application/hal+json || application/json]}" onto public org.springframework.http.ResponseEntity<?> org.springframework.data.rest.webmvc.RepositoryEntityController.optionsForItemResource(org.springframework.data.rest.webmvc.RootResourceInformation)
2017-11-25 15:27:21.570  INFO 17985 --- [    Test worker] o.s.d.r.w.RepositoryRestHandlerMapping   : Mapped "{[/{repository}/{id}],methods=[HEAD],produces=[application/hal+json || application/json]}" onto public org.springframework.http.ResponseEntity<?> org.springframework.data.rest.webmvc.RepositoryEntityController.headForItemResource(org.springframework.data.rest.webmvc.RootResourceInformation,java.io.Serializable,org.springframework.data.rest.webmvc.PersistentEntityResourceAssembler) throws org.springframework.web.HttpRequestMethodNotSupportedException
2017-11-25 15:27:21.570  INFO 17985 --- [    Test worker] o.s.d.r.w.RepositoryRestHandlerMapping   : Mapped "{[/{repository}/{id}],methods=[GET],produces=[application/hal+json || application/json]}" onto public org.springframework.http.ResponseEntity<org.springframework.hateoas.Resource<?>> org.springframework.data.rest.webmvc.RepositoryEntityController.getItemResource(org.springframework.data.rest.webmvc.RootResourceInformation,java.io.Serializable,org.springframework.data.rest.webmvc.PersistentEntityResourceAssembler,org.springframework.http.HttpHeaders) throws org.springframework.web.HttpRequestMethodNotSupportedException
2017-11-25 15:27:21.571  INFO 17985 --- [    Test worker] o.s.d.r.w.RepositoryRestHandlerMapping   : Mapped "{[/{repository}/{id}],methods=[PUT],produces=[application/hal+json || application/json]}" onto public org.springframework.http.ResponseEntity<? extends org.springframework.hateoas.ResourceSupport> org.springframework.data.rest.webmvc.RepositoryEntityController.putItemResource(org.springframework.data.rest.webmvc.RootResourceInformation,org.springframework.data.rest.webmvc.PersistentEntityResource,java.io.Serializable,org.springframework.data.rest.webmvc.PersistentEntityResourceAssembler,org.springframework.data.rest.webmvc.support.ETag,java.lang.String) throws org.springframework.web.HttpRequestMethodNotSupportedException
2017-11-25 15:27:21.571  INFO 17985 --- [    Test worker] o.s.d.r.w.RepositoryRestHandlerMapping   : Mapped "{[/{repository}/{id}],methods=[PATCH],produces=[application/hal+json || application/json]}" onto public org.springframework.http.ResponseEntity<org.springframework.hateoas.ResourceSupport> org.springframework.data.rest.webmvc.RepositoryEntityController.patchItemResource(org.springframework.data.rest.webmvc.RootResourceInformation,org.springframework.data.rest.webmvc.PersistentEntityResource,java.io.Serializable,org.springframework.data.rest.webmvc.PersistentEntityResourceAssembler,org.springframework.data.rest.webmvc.support.ETag,java.lang.String) throws org.springframework.web.HttpRequestMethodNotSupportedException,org.springframework.data.rest.webmvc.ResourceNotFoundException
2017-11-25 15:27:21.572  INFO 17985 --- [    Test worker] o.s.d.r.w.RepositoryRestHandlerMapping   : Mapped "{[/{repository}/{id}],methods=[DELETE],produces=[application/hal+json || application/json]}" onto public org.springframework.http.ResponseEntity<?> org.springframework.data.rest.webmvc.RepositoryEntityController.deleteItemResource(org.springframework.data.rest.webmvc.RootResourceInformation,java.io.Serializable,org.springframework.data.rest.webmvc.support.ETag) throws org.springframework.data.rest.webmvc.ResourceNotFoundException,org.springframework.web.HttpRequestMethodNotSupportedException
2017-11-25 15:27:21.575  INFO 17985 --- [    Test worker] o.s.d.r.w.RepositoryRestHandlerMapping   : Mapped "{[/{repository}/{id}/{property}],methods=[GET],produces=[application/hal+json || application/json]}" onto public org.springframework.http.ResponseEntity<org.springframework.hateoas.ResourceSupport> org.springframework.data.rest.webmvc.RepositoryPropertyReferenceController.followPropertyReference(org.springframework.data.rest.webmvc.RootResourceInformation,java.io.Serializable,java.lang.String,org.springframework.data.rest.webmvc.PersistentEntityResourceAssembler) throws java.lang.Exception
2017-11-25 15:27:21.576  INFO 17985 --- [    Test worker] o.s.d.r.w.RepositoryRestHandlerMapping   : Mapped "{[/{repository}/{id}/{property}/{propertyId}],methods=[GET],produces=[application/hal+json || application/json]}" onto public org.springframework.http.ResponseEntity<org.springframework.hateoas.ResourceSupport> org.springframework.data.rest.webmvc.RepositoryPropertyReferenceController.followPropertyReference(org.springframework.data.rest.webmvc.RootResourceInformation,java.io.Serializable,java.lang.String,java.lang.String,org.springframework.data.rest.webmvc.PersistentEntityResourceAssembler) throws java.lang.Exception
2017-11-25 15:27:21.577  INFO 17985 --- [    Test worker] o.s.d.r.w.RepositoryRestHandlerMapping   : Mapped "{[/{repository}/{id}/{property}],methods=[DELETE],produces=[application/hal+json || application/json]}" onto public org.springframework.http.ResponseEntity<? extends org.springframework.hateoas.ResourceSupport> org.springframework.data.rest.webmvc.RepositoryPropertyReferenceController.deletePropertyReference(org.springframework.data.rest.webmvc.RootResourceInformation,java.io.Serializable,java.lang.String) throws java.lang.Exception
2017-11-25 15:27:21.577  INFO 17985 --- [    Test worker] o.s.d.r.w.RepositoryRestHandlerMapping   : Mapped "{[/{repository}/{id}/{property}],methods=[GET],produces=[application/x-spring-data-compact+json || text/uri-list]}" onto public org.springframework.http.ResponseEntity<org.springframework.hateoas.ResourceSupport> org.springframework.data.rest.webmvc.RepositoryPropertyReferenceController.followPropertyReferenceCompact(org.springframework.data.rest.webmvc.RootResourceInformation,java.io.Serializable,java.lang.String,org.springframework.data.rest.webmvc.PersistentEntityResourceAssembler) throws java.lang.Exception
2017-11-25 15:27:21.578  INFO 17985 --- [    Test worker] o.s.d.r.w.RepositoryRestHandlerMapping   : Mapped "{[/{repository}/{id}/{property}],methods=[PATCH || PUT || POST],consumes=[application/json || application/x-spring-data-compact+json || text/uri-list],produces=[application/hal+json || application/json]}" onto public org.springframework.http.ResponseEntity<? extends org.springframework.hateoas.ResourceSupport> org.springframework.data.rest.webmvc.RepositoryPropertyReferenceController.createPropertyReference(org.springframework.data.rest.webmvc.RootResourceInformation,org.springframework.http.HttpMethod,org.springframework.hateoas.Resources<java.lang.Object>,java.io.Serializable,java.lang.String) throws java.lang.Exception
2017-11-25 15:27:21.578  INFO 17985 --- [    Test worker] o.s.d.r.w.RepositoryRestHandlerMapping   : Mapped "{[/{repository}/{id}/{property}/{propertyId}],methods=[DELETE],produces=[application/hal+json || application/json]}" onto public org.springframework.http.ResponseEntity<org.springframework.hateoas.ResourceSupport> org.springframework.data.rest.webmvc.RepositoryPropertyReferenceController.deletePropertyReferenceId(org.springframework.data.rest.webmvc.RootResourceInformation,java.io.Serializable,java.lang.String,java.lang.String) throws java.lang.Exception
2017-11-25 15:27:21.580  INFO 17985 --- [    Test worker] o.s.d.r.w.RepositoryRestHandlerMapping   : Mapped "{[/{repository}/search/{search}],methods=[OPTIONS],produces=[application/hal+json || application/json]}" onto public org.springframework.http.ResponseEntity<java.lang.Object> org.springframework.data.rest.webmvc.RepositorySearchController.optionsForSearch(org.springframework.data.rest.webmvc.RootResourceInformation,java.lang.String)
2017-11-25 15:27:21.581  INFO 17985 --- [    Test worker] o.s.d.r.w.RepositoryRestHandlerMapping   : Mapped "{[/{repository}/search/{search}],methods=[HEAD],produces=[application/hal+json || application/json]}" onto public org.springframework.http.ResponseEntity<java.lang.Object> org.springframework.data.rest.webmvc.RepositorySearchController.headForSearch(org.springframework.data.rest.webmvc.RootResourceInformation,java.lang.String)
2017-11-25 15:27:21.581  INFO 17985 --- [    Test worker] o.s.d.r.w.RepositoryRestHandlerMapping   : Mapped "{[/{repository}/search],methods=[OPTIONS],produces=[application/hal+json || application/json]}" onto public org.springframework.http.HttpEntity<?> org.springframework.data.rest.webmvc.RepositorySearchController.optionsForSearches(org.springframework.data.rest.webmvc.RootResourceInformation)
2017-11-25 15:27:21.581  INFO 17985 --- [    Test worker] o.s.d.r.w.RepositoryRestHandlerMapping   : Mapped "{[/{repository}/search],methods=[HEAD],produces=[application/hal+json || application/json]}" onto public org.springframework.http.HttpEntity<?> org.springframework.data.rest.webmvc.RepositorySearchController.headForSearches(org.springframework.data.rest.webmvc.RootResourceInformation)
2017-11-25 15:27:21.582  INFO 17985 --- [    Test worker] o.s.d.r.w.RepositoryRestHandlerMapping   : Mapped "{[/{repository}/search],methods=[GET],produces=[application/hal+json || application/json]}" onto public org.springframework.data.rest.webmvc.RepositorySearchesResource org.springframework.data.rest.webmvc.RepositorySearchController.listSearches(org.springframework.data.rest.webmvc.RootResourceInformation)
2017-11-25 15:27:21.582  INFO 17985 --- [    Test worker] o.s.d.r.w.RepositoryRestHandlerMapping   : Mapped "{[/{repository}/search/{search}],methods=[GET],produces=[application/hal+json || application/json]}" onto public org.springframework.http.ResponseEntity<?> org.springframework.data.rest.webmvc.RepositorySearchController.executeSearch(org.springframework.data.rest.webmvc.RootResourceInformation,org.springframework.util.MultiValueMap<java.lang.String, java.lang.Object>,java.lang.String,org.springframework.data.rest.webmvc.support.DefaultedPageable,org.springframework.data.domain.Sort,org.springframework.data.rest.webmvc.PersistentEntityResourceAssembler,org.springframework.http.HttpHeaders)
2017-11-25 15:27:21.583  INFO 17985 --- [    Test worker] o.s.d.r.w.RepositoryRestHandlerMapping   : Mapped "{[/{repository}/search/{search}],methods=[GET],produces=[application/x-spring-data-compact+json]}" onto public org.springframework.hateoas.ResourceSupport org.springframework.data.rest.webmvc.RepositorySearchController.executeSearchCompact(org.springframework.data.rest.webmvc.RootResourceInformation,org.springframework.http.HttpHeaders,org.springframework.util.MultiValueMap<java.lang.String, java.lang.Object>,java.lang.String,java.lang.String,org.springframework.data.rest.webmvc.support.DefaultedPageable,org.springframework.data.domain.Sort,org.springframework.data.rest.webmvc.PersistentEntityResourceAssembler)
2017-11-25 15:27:21.584  INFO 17985 --- [    Test worker] o.s.d.r.w.RepositoryRestHandlerMapping   : Mapped "{[/ || ],methods=[GET],produces=[application/hal+json || application/json]}" onto public org.springframework.http.HttpEntity<org.springframework.data.rest.webmvc.RepositoryLinksResource> org.springframework.data.rest.webmvc.RepositoryController.listRepositories()
2017-11-25 15:27:21.584  INFO 17985 --- [    Test worker] o.s.d.r.w.RepositoryRestHandlerMapping   : Mapped "{[/ || ],methods=[OPTIONS],produces=[application/hal+json || application/json]}" onto public org.springframework.http.HttpEntity<?> org.springframework.data.rest.webmvc.RepositoryController.optionsForRepositories()
2017-11-25 15:27:21.584  INFO 17985 --- [    Test worker] o.s.d.r.w.RepositoryRestHandlerMapping   : Mapped "{[/ || ],methods=[HEAD],produces=[application/hal+json || application/json]}" onto public org.springframework.http.ResponseEntity<?> org.springframework.data.rest.webmvc.RepositoryController.headForRepositories()
2017-11-25 15:27:21.589  INFO 17985 --- [    Test worker] o.s.d.r.w.BasePathAwareHandlerMapping    : Mapped "{[/profile/{repository}],methods=[GET],produces=[application/schema+json]}" onto public org.springframework.http.HttpEntity<org.springframework.data.rest.webmvc.json.JsonSchema> org.springframework.data.rest.webmvc.RepositorySchemaController.schema(org.springframework.data.rest.webmvc.RootResourceInformation)
2017-11-25 15:27:21.589  INFO 17985 --- [    Test worker] o.s.d.r.w.BasePathAwareHandlerMapping    : Mapped "{[/profile/{repository}],methods=[OPTIONS],produces=[application/alps+json]}" onto org.springframework.http.HttpEntity<?> org.springframework.data.rest.webmvc.alps.AlpsController.alpsOptions()
2017-11-25 15:27:21.589  INFO 17985 --- [    Test worker] o.s.d.r.w.BasePathAwareHandlerMapping    : Mapped "{[/profile/{repository}],methods=[GET],produces=[application/alps+json || */*]}" onto org.springframework.http.HttpEntity<org.springframework.data.rest.webmvc.RootResourceInformation> org.springframework.data.rest.webmvc.alps.AlpsController.descriptor(org.springframework.data.rest.webmvc.RootResourceInformation)
2017-11-25 15:27:21.590  INFO 17985 --- [    Test worker] o.s.d.r.w.BasePathAwareHandlerMapping    : Mapped "{[/profile],methods=[OPTIONS]}" onto public org.springframework.http.HttpEntity<?> org.springframework.data.rest.webmvc.ProfileController.profileOptions()
2017-11-25 15:27:21.590  INFO 17985 --- [    Test worker] o.s.d.r.w.BasePathAwareHandlerMapping    : Mapped "{[/profile],methods=[GET]}" onto org.springframework.http.HttpEntity<org.springframework.hateoas.ResourceSupport> org.springframework.data.rest.webmvc.ProfileController.listAllFormsOfMetadata()
2017-11-25 15:27:21.882  INFO 17985 --- [    Test worker] org.mongodb.driver.cluster               : Cluster created with settings {hosts=[localhost:27017], mode=SINGLE, requiredClusterType=UNKNOWN, serverSelectionTimeout='30000 ms', maxWaitQueueSize=500}
2017-11-25 15:27:21.952  INFO 17985 --- [localhost:27017] org.mongodb.driver.cluster               : Exception in monitor thread while connecting to server localhost:27017

com.mongodb.MongoSocketOpenException: Exception opening socket
	at com.mongodb.connection.SocketStream.open(SocketStream.java:63) ~[mongodb-driver-core-3.4.3.jar:na]
	at com.mongodb.connection.InternalStreamConnection.open(InternalStreamConnection.java:115) ~[mongodb-driver-core-3.4.3.jar:na]
	at com.mongodb.connection.DefaultServerMonitor$ServerMonitorRunnable.run(DefaultServerMonitor.java:113) ~[mongodb-driver-core-3.4.3.jar:na]
	at java.lang.Thread.run(Thread.java:745) [na:1.8.0_111]
Caused by: java.net.ConnectException: Connection refused (Connection refused)
	at java.net.PlainSocketImpl.socketConnect(Native Method) ~[na:1.8.0_111]
	at java.net.AbstractPlainSocketImpl.doConnect(AbstractPlainSocketImpl.java:350) ~[na:1.8.0_111]
	at java.net.AbstractPlainSocketImpl.connectToAddress(AbstractPlainSocketImpl.java:206) ~[na:1.8.0_111]
	at java.net.AbstractPlainSocketImpl.connect(AbstractPlainSocketImpl.java:188) ~[na:1.8.0_111]
	at java.net.SocksSocketImpl.connect(SocksSocketImpl.java:392) ~[na:1.8.0_111]
	at java.net.Socket.connect(Socket.java:589) ~[na:1.8.0_111]
	at com.mongodb.connection.SocketStreamHelper.initialize(SocketStreamHelper.java:57) ~[mongodb-driver-core-3.4.3.jar:na]
	at com.mongodb.connection.SocketStream.open(SocketStream.java:58) ~[mongodb-driver-core-3.4.3.jar:na]
	... 3 common frames omitted

2017-11-25 15:27:22.356  INFO 17985 --- [    Test worker] o.s.b.a.e.mvc.EndpointHandlerMapping     : Mapped "{[/actuator || /actuator.json],methods=[GET],produces=[application/vnd.spring-boot.actuator.v1+json || application/json]}" onto public org.springframework.hateoas.ResourceSupport org.springframework.boot.actuate.endpoint.mvc.HalJsonMvcEndpoint.links()
2017-11-25 15:27:22.357  INFO 17985 --- [    Test worker] o.s.b.a.e.mvc.EndpointHandlerMapping     : Mapped "{[/mappings || /mappings.json],methods=[GET],produces=[application/vnd.spring-boot.actuator.v1+json || application/json]}" onto public java.lang.Object org.springframework.boot.actuate.endpoint.mvc.EndpointMvcAdapter.invoke()
2017-11-25 15:27:22.359  INFO 17985 --- [    Test worker] o.s.b.a.e.mvc.EndpointHandlerMapping     : Mapped "{[/env/{name:.*}],methods=[GET],produces=[application/vnd.spring-boot.actuator.v1+json || application/json]}" onto public java.lang.Object org.springframework.boot.actuate.endpoint.mvc.EnvironmentMvcEndpoint.value(java.lang.String)
2017-11-25 15:27:22.359  INFO 17985 --- [    Test worker] o.s.b.a.e.mvc.EndpointHandlerMapping     : Mapped "{[/env || /env.json],methods=[GET],produces=[application/vnd.spring-boot.actuator.v1+json || application/json]}" onto public java.lang.Object org.springframework.boot.actuate.endpoint.mvc.EndpointMvcAdapter.invoke()
2017-11-25 15:27:22.361  INFO 17985 --- [    Test worker] o.s.b.a.e.mvc.EndpointHandlerMapping     : Mapped "{[/info || /info.json],methods=[GET],produces=[application/vnd.spring-boot.actuator.v1+json || application/json]}" onto public java.lang.Object org.springframework.boot.actuate.endpoint.mvc.EndpointMvcAdapter.invoke()
2017-11-25 15:27:22.362  INFO 17985 --- [    Test worker] o.s.b.a.e.mvc.EndpointHandlerMapping     : Mapped "{[/health || /health.json],methods=[GET],produces=[application/vnd.spring-boot.actuator.v1+json || application/json]}" onto public java.lang.Object org.springframework.boot.actuate.endpoint.mvc.HealthMvcEndpoint.invoke(javax.servlet.http.HttpServletRequest,java.security.Principal)
2017-11-25 15:27:22.363  INFO 17985 --- [    Test worker] o.s.b.a.e.mvc.EndpointHandlerMapping     : Mapped "{[/autoconfig || /autoconfig.json],methods=[GET],produces=[application/vnd.spring-boot.actuator.v1+json || application/json]}" onto public java.lang.Object org.springframework.boot.actuate.endpoint.mvc.EndpointMvcAdapter.invoke()
2017-11-25 15:27:22.365  INFO 17985 --- [    Test worker] o.s.b.a.e.mvc.EndpointHandlerMapping     : Mapped "{[/loggers/{name:.*}],methods=[GET],produces=[application/vnd.spring-boot.actuator.v1+json || application/json]}" onto public java.lang.Object org.springframework.boot.actuate.endpoint.mvc.LoggersMvcEndpoint.get(java.lang.String)
2017-11-25 15:27:22.365  INFO 17985 --- [    Test worker] o.s.b.a.e.mvc.EndpointHandlerMapping     : Mapped "{[/loggers/{name:.*}],methods=[POST],consumes=[application/vnd.spring-boot.actuator.v1+json || application/json],produces=[application/vnd.spring-boot.actuator.v1+json || application/json]}" onto public java.lang.Object org.springframework.boot.actuate.endpoint.mvc.LoggersMvcEndpoint.set(java.lang.String,java.util.Map<java.lang.String, java.lang.String>)
2017-11-25 15:27:22.365  INFO 17985 --- [    Test worker] o.s.b.a.e.mvc.EndpointHandlerMapping     : Mapped "{[/loggers || /loggers.json],methods=[GET],produces=[application/vnd.spring-boot.actuator.v1+json || application/json]}" onto public java.lang.Object org.springframework.boot.actuate.endpoint.mvc.EndpointMvcAdapter.invoke()
2017-11-25 15:27:22.366  INFO 17985 --- [    Test worker] o.s.b.a.e.mvc.EndpointHandlerMapping     : Mapped "{[/heapdump || /heapdump.json],methods=[GET],produces=[application/octet-stream]}" onto public void org.springframework.boot.actuate.endpoint.mvc.HeapdumpMvcEndpoint.invoke(boolean,javax.servlet.http.HttpServletRequest,javax.servlet.http.HttpServletResponse) throws java.io.IOException,javax.servlet.ServletException
2017-11-25 15:27:22.368  INFO 17985 --- [    Test worker] o.s.b.a.e.mvc.EndpointHandlerMapping     : Mapped "{[/auditevents || /auditevents.json],methods=[GET],produces=[application/vnd.spring-boot.actuator.v1+json || application/json]}" onto public org.springframework.http.ResponseEntity<?> org.springframework.boot.actuate.endpoint.mvc.AuditEventsMvcEndpoint.findByPrincipalAndAfterAndType(java.lang.String,java.util.Date,java.lang.String)
2017-11-25 15:27:22.368  INFO 17985 --- [    Test worker] o.s.b.a.e.mvc.EndpointHandlerMapping     : Mapped "{[/trace || /trace.json],methods=[GET],produces=[application/vnd.spring-boot.actuator.v1+json || application/json]}" onto public java.lang.Object org.springframework.boot.actuate.endpoint.mvc.EndpointMvcAdapter.invoke()
2017-11-25 15:27:22.369  INFO 17985 --- [    Test worker] o.s.b.a.e.mvc.EndpointHandlerMapping     : Mapped "{[/configprops || /configprops.json],methods=[GET],produces=[application/vnd.spring-boot.actuator.v1+json || application/json]}" onto public java.lang.Object org.springframework.boot.actuate.endpoint.mvc.EndpointMvcAdapter.invoke()
2017-11-25 15:27:22.370  INFO 17985 --- [    Test worker] o.s.b.a.e.mvc.EndpointHandlerMapping     : Mapped "{[/beans || /beans.json],methods=[GET],produces=[application/vnd.spring-boot.actuator.v1+json || application/json]}" onto public java.lang.Object org.springframework.boot.actuate.endpoint.mvc.EndpointMvcAdapter.invoke()
2017-11-25 15:27:22.370  INFO 17985 --- [    Test worker] o.s.b.a.e.mvc.EndpointHandlerMapping     : Mapped "{[/dump || /dump.json],methods=[GET],produces=[application/vnd.spring-boot.actuator.v1+json || application/json]}" onto public java.lang.Object org.springframework.boot.actuate.endpoint.mvc.EndpointMvcAdapter.invoke()
2017-11-25 15:27:22.371  INFO 17985 --- [    Test worker] o.s.b.a.e.mvc.EndpointHandlerMapping     : Mapped "{[/metrics/{name:.*}],methods=[GET],produces=[application/vnd.spring-boot.actuator.v1+json || application/json]}" onto public java.lang.Object org.springframework.boot.actuate.endpoint.mvc.MetricsMvcEndpoint.value(java.lang.String)
2017-11-25 15:27:22.371  INFO 17985 --- [    Test worker] o.s.b.a.e.mvc.EndpointHandlerMapping     : Mapped "{[/metrics || /metrics.json],methods=[GET],produces=[application/vnd.spring-boot.actuator.v1+json || application/json]}" onto public java.lang.Object org.springframework.boot.actuate.endpoint.mvc.EndpointMvcAdapter.invoke()
2017-11-25 15:27:22.372  INFO 17985 --- [    Test worker] o.s.s.web.DefaultSecurityFilterChain     : Creating filter chain: org.springframework.boot.actuate.autoconfigure.ManagementWebSecurityAutoConfiguration$LazyEndpointPathRequestMatcher@3e3c3a74, [org.springframework.security.web.context.request.async.WebAsyncManagerIntegrationFilter@2f57f039, org.springframework.security.web.context.SecurityContextPersistenceFilter@26d2260e, org.springframework.security.web.header.HeaderWriterFilter@2a03ec7, org.springframework.web.filter.CorsFilter@4140ff38, org.springframework.security.web.authentication.logout.LogoutFilter@c4f6e61, org.springframework.security.web.authentication.www.BasicAuthenticationFilter@6dc0e9ca, org.springframework.security.web.savedrequest.RequestCacheAwareFilter@8685de7, org.springframework.security.web.servletapi.SecurityContextHolderAwareRequestFilter@b3d1c2b, org.springframework.security.web.authentication.AnonymousAuthenticationFilter@3eaace72, org.springframework.security.web.session.SessionManagementFilter@5804ebb, org.springframework.security.web.access.ExceptionTranslationFilter@7b4abbc8, org.springframework.security.web.access.intercept.FilterSecurityInterceptor@179b5a67]
2017-11-25 15:27:22.679  INFO 17985 --- [    Test worker] o.s.b.t.m.w.SpringBootMockServletContext : Initializing Spring FrameworkServlet ''
2017-11-25 15:27:22.679  INFO 17985 --- [    Test worker] o.s.t.web.servlet.TestDispatcherServlet  : FrameworkServlet '': initialization started
2017-11-25 15:27:22.908  INFO 17985 --- [    Test worker] s.w.s.m.m.a.RequestMappingHandlerAdapter : Looking for @ControllerAdvice: org.springframework.web.context.support.GenericWebApplicationContext@2133f500: startup date [Sat Nov 25 15:27:15 PST 2017]; root of context hierarchy
2017-11-25 15:27:22.920  INFO 17985 --- [    Test worker] s.w.s.m.m.a.RequestMappingHandlerAdapter : Detected ResponseBodyAdvice bean in org.springframework.boot.actuate.autoconfigure.EndpointWebMvcHypermediaManagementContextConfiguration$ActuatorEndpointLinksAdvice
2017-11-25 15:27:23.006  INFO 17985 --- [    Test worker] o.s.d.r.w.RepositoryRestHandlerAdapter   : Looking for @ControllerAdvice: org.springframework.web.context.support.GenericWebApplicationContext@2133f500: startup date [Sat Nov 25 15:27:15 PST 2017]; root of context hierarchy
2017-11-25 15:27:23.012  INFO 17985 --- [    Test worker] o.s.d.r.w.RepositoryRestHandlerAdapter   : Detected ResponseBodyAdvice bean in org.springframework.boot.actuate.autoconfigure.EndpointWebMvcHypermediaManagementContextConfiguration$ActuatorEndpointLinksAdvice
2017-11-25 15:27:23.021 DEBUG 17985 --- [    Test worker] .m.m.a.ExceptionHandlerExceptionResolver : Looking for exception mappings: org.springframework.web.context.support.GenericWebApplicationContext@2133f500: startup date [Sat Nov 25 15:27:15 PST 2017]; root of context hierarchy
2017-11-25 15:27:23.030  INFO 17985 --- [    Test worker] .m.m.a.ExceptionHandlerExceptionResolver : Detected @ExceptionHandler methods in exceptionHandlingAdvice
2017-11-25 15:27:23.031  INFO 17985 --- [    Test worker] .m.m.a.ExceptionHandlerExceptionResolver : Detected @ExceptionHandler methods in repositoryRestExceptionHandler
2017-11-25 15:27:23.032  INFO 17985 --- [    Test worker] .m.m.a.ExceptionHandlerExceptionResolver : Detected ResponseBodyAdvice implementation in org.springframework.boot.actuate.autoconfigure.EndpointWebMvcHypermediaManagementContextConfiguration$ActuatorEndpointLinksAdvice
2017-11-25 15:27:23.124  INFO 17985 --- [    Test worker] o.s.t.web.servlet.TestDispatcherServlet  : FrameworkServlet '': initialization completed in 445 ms
2017-11-25 15:27:23.740  INFO 17985 --- [    Test worker] o.s.l.c.support.AbstractContextSource    : Property 'userDn' not set - anonymous context will be used for read-write operations
2017-11-25 15:27:24.065 DEBUG 17985 --- [    Test worker] o.s.w.c.s.GenericWebApplicationContext   : Unable to locate LifecycleProcessor with name 'lifecycleProcessor': using default [org.springframework.context.support.DefaultLifecycleProcessor@fd92dd2]
2017-11-25 15:27:24.085 DEBUG 17985 --- [    Test worker] o.s.w.s.resource.ResourceUrlProvider     : Looking for resource handler mappings
2017-11-25 15:27:24.087 DEBUG 17985 --- [    Test worker] o.s.w.s.resource.ResourceUrlProvider     : Found resource handler mapping: URL pattern="/**/favicon.ico", locations=[ServletContext resource [/], class path resource [META-INF/resources/], class path resource [resources/], class path resource [static/], class path resource [public/], class path resource []], resolvers=[org.springframework.web.servlet.resource.PathResourceResolver@6c392371]
2017-11-25 15:27:24.087 DEBUG 17985 --- [    Test worker] o.s.w.s.resource.ResourceUrlProvider     : Found resource handler mapping: URL pattern="/webjars/**", locations=[class path resource [META-INF/resources/webjars/]], resolvers=[org.springframework.web.servlet.resource.PathResourceResolver@532d69ed]
2017-11-25 15:27:24.087 DEBUG 17985 --- [    Test worker] o.s.w.s.resource.ResourceUrlProvider     : Found resource handler mapping: URL pattern="/**", locations=[ServletContext resource [/], class path resource [META-INF/resources/], class path resource [resources/], class path resource [static/], class path resource [public/]], resolvers=[org.springframework.web.servlet.resource.PathResourceResolver@6a2db2e1]
2017-11-25 15:27:24.092  INFO 17985 --- [    Test worker] c.b.c.c.AuthenticationControllerTest     : Started AuthenticationControllerTest in 9.144 seconds (JVM running for 10.127)
2017-11-25 15:27:24.131  INFO 17985 --- [    Test worker] o.s.t.c.transaction.TransactionContext   : Began transaction (1) for test context [DefaultTestContext@2cf93471 testClass = AuthenticationControllerTest, testInstance = com.boot.cut_costs.controller.AuthenticationControllerTest@3942bf70, testMethod = testCreate@AuthenticationControllerTest, testException = [null], mergedContextConfiguration = [WebMergedContextConfiguration@4681d5fd testClass = AuthenticationControllerTest, locations = '{}', classes = '{class com.boot.cut_costs.App}', contextInitializerClasses = '[]', activeProfiles = '{test}', propertySourceLocations = '{}', propertySourceProperties = '{org.springframework.boot.test.context.SpringBootTestContextBootstrapper=true}', contextCustomizers = set[org.springframework.boot.test.autoconfigure.properties.PropertyMappingContextCustomizer@e7e8512, org.springframework.boot.test.autoconfigure.web.servlet.WebDriverContextCustomizerFactory$Customizer@4bdd454d, [ImportsContextCustomizer@27808c94 key = [org.springframework.boot.test.autoconfigure.web.servlet.MockMvcAutoConfiguration, org.springframework.boot.test.autoconfigure.web.servlet.MockMvcSecurityAutoConfiguration, org.springframework.boot.test.autoconfigure.web.servlet.MockMvcWebClientAutoConfiguration, org.springframework.boot.test.autoconfigure.web.servlet.MockMvcWebDriverAutoConfiguration]], org.springframework.boot.test.context.SpringBootTestContextCustomizer@35937b42, org.springframework.boot.test.context.filter.ExcludeFilterContextCustomizer@67ed828b, org.springframework.boot.test.json.DuplicateJsonObjectContextCustomizerFactory$DuplicateJsonObjectContextCustomizer@2fec3064, org.springframework.boot.test.mock.mockito.MockitoContextCustomizer@28f9a820], resourceBasePath = 'src/main/webapp', contextLoader = 'org.springframework.boot.test.context.SpringBootContextLoader', parent = [null]]]; transaction manager [org.springframework.orm.jpa.JpaTransactionManager@46a5923f]; rollback [true]
2017-11-25 15:27:24.138  INFO 17985 --- [    Test worker] o.s.b.t.m.w.SpringBootMockServletContext : Initializing Spring FrameworkServlet ''
2017-11-25 15:27:24.138  INFO 17985 --- [    Test worker] o.s.t.web.servlet.TestDispatcherServlet  : FrameworkServlet '': initialization started
2017-11-25 15:27:24.143  INFO 17985 --- [    Test worker] o.s.t.web.servlet.TestDispatcherServlet  : FrameworkServlet '': initialization completed in 5 ms
2017-11-25 15:27:24.178 DEBUG 17985 --- [    Test worker] s.w.s.m.m.a.RequestMappingHandlerMapping : Looking up handler method for path /auth/signup
2017-11-25 15:27:24.180 DEBUG 17985 --- [    Test worker] s.w.s.m.m.a.RequestMappingHandlerMapping : Returning handler method [public void com.boot.cut_costs.controller.AuthenticationController.create(com.boot.cut_costs.dto.UserDetailsDto,javax.servlet.http.HttpServletResponse,org.springframework.validation.BindingResult)]
2017-11-25 15:27:24.223 DEBUG 17985 --- [    Test worker] m.m.a.RequestResponseBodyMethodProcessor : Read [class com.boot.cut_costs.dto.UserDetailsDto] as "application/json" with [org.springframework.http.converter.json.MappingJackson2HttpMessageConverter@5706db5a]
2017-11-25 15:27:24.273  INFO 17985 --- [    Test worker] o.h.h.i.QueryTranslatorFactoryInitiator  : HHH000397: Using ASTQueryTranslatorFactory
2017-11-25 15:27:24.388 DEBUG 17985 --- [    Test worker] org.hibernate.SQL                        : select customuser0_.id as col_0_0_ from user_details customuser0_ where customuser0_.username=? limit ?
Hibernate: select customuser0_.id as col_0_0_ from user_details customuser0_ where customuser0_.username=? limit ?
2017-11-25 15:27:24.400 TRACE 17985 --- [    Test worker] o.h.type.descriptor.sql.BasicBinder      : binding parameter [1] as [VARCHAR] - [testimda2@test.com]
2017-11-25 15:27:24.544 DEBUG 17985 --- [    Test worker] org.hibernate.SQL                        : insert into user (id, description, image_id, name) values (null, ?, ?, ?)
Hibernate: insert into user (id, description, image_id, name) values (null, ?, ?, ?)
2017-11-25 15:27:24.545 TRACE 17985 --- [    Test worker] o.h.type.descriptor.sql.BasicBinder      : binding parameter [1] as [VARCHAR] - [null]
2017-11-25 15:27:24.546 TRACE 17985 --- [    Test worker] o.h.type.descriptor.sql.BasicBinder      : binding parameter [2] as [VARCHAR] - [null]
2017-11-25 15:27:24.546 TRACE 17985 --- [    Test worker] o.h.type.descriptor.sql.BasicBinder      : binding parameter [3] as [VARCHAR] - [ystj0cf7zh]
2017-11-25 15:27:24.558 DEBUG 17985 --- [    Test worker] org.hibernate.SQL                        : insert into user_details (id, password, user_id, username) values (null, ?, ?, ?)
Hibernate: insert into user_details (id, password, user_id, username) values (null, ?, ?, ?)
2017-11-25 15:27:24.559 TRACE 17985 --- [    Test worker] o.h.type.descriptor.sql.BasicBinder      : binding parameter [1] as [VARCHAR] - [$2a$10$BFD7BJazxbu.C624/vEBdO5AFTd21sG8KxIE.6a7wYq2JfmwP8bBC]
2017-11-25 15:27:24.560 TRACE 17985 --- [    Test worker] o.h.type.descriptor.sql.BasicBinder      : binding parameter [2] as [BIGINT] - [1]
2017-11-25 15:27:24.560 TRACE 17985 --- [    Test worker] o.h.type.descriptor.sql.BasicBinder      : binding parameter [3] as [VARCHAR] - [testimda2@test.com]
2017-11-25 15:27:24.561 DEBUG 17985 --- [    Test worker] org.hibernate.SQL                        : insert into role (id, role) values (null, ?)
Hibernate: insert into role (id, role) values (null, ?)
2017-11-25 15:27:24.562 TRACE 17985 --- [    Test worker] o.h.type.descriptor.sql.BasicBinder      : binding parameter [1] as [VARCHAR] - [ROLE_USER]
2017-11-25 15:27:24.729 DEBUG 17985 --- [    Test worker] org.hibernate.SQL                        : select user0_.id as id1_8_, user0_.description as descript2_8_, user0_.image_id as image_id3_8_, user0_.name as name4_8_ from user user0_
Hibernate: select user0_.id as id1_8_, user0_.description as descript2_8_, user0_.image_id as image_id3_8_, user0_.name as name4_8_ from user user0_
2017-11-25 15:27:24.732 TRACE 17985 --- [    Test worker] o.h.type.descriptor.sql.BasicExtractor   : extracted value ([id1_8_] : [BIGINT]) - [1]
2017-11-25 15:27:24.744 DEBUG 17985 --- [    Test worker] org.hibernate.SQL                        : select customuser0_.id as id1_12_, customuser0_.password as password2_12_, customuser0_.user_id as user_id4_12_, customuser0_.username as username3_12_ from user_details customuser0_
Hibernate: select customuser0_.id as id1_12_, customuser0_.password as password2_12_, customuser0_.user_id as user_id4_12_, customuser0_.username as username3_12_ from user_details customuser0_
2017-11-25 15:27:24.745 TRACE 17985 --- [    Test worker] o.h.type.descriptor.sql.BasicExtractor   : extracted value ([id1_12_] : [BIGINT]) - [1]
2017-11-25 15:27:24.759  INFO 17985 --- [    Test worker] o.s.t.c.transaction.TransactionContext   : Rolled back transaction for test context [DefaultTestContext@2cf93471 testClass = AuthenticationControllerTest, testInstance = com.boot.cut_costs.controller.AuthenticationControllerTest@3942bf70, testMethod = testCreate@AuthenticationControllerTest, testException = [null], mergedContextConfiguration = [WebMergedContextConfiguration@4681d5fd testClass = AuthenticationControllerTest, locations = '{}', classes = '{class com.boot.cut_costs.App}', contextInitializerClasses = '[]', activeProfiles = '{test}', propertySourceLocations = '{}', propertySourceProperties = '{org.springframework.boot.test.context.SpringBootTestContextBootstrapper=true}', contextCustomizers = set[org.springframework.boot.test.autoconfigure.properties.PropertyMappingContextCustomizer@e7e8512, org.springframework.boot.test.autoconfigure.web.servlet.WebDriverContextCustomizerFactory$Customizer@4bdd454d, [ImportsContextCustomizer@27808c94 key = [org.springframework.boot.test.autoconfigure.web.servlet.MockMvcAutoConfiguration, org.springframework.boot.test.autoconfigure.web.servlet.MockMvcSecurityAutoConfiguration, org.springframework.boot.test.autoconfigure.web.servlet.MockMvcWebClientAutoConfiguration, org.springframework.boot.test.autoconfigure.web.servlet.MockMvcWebDriverAutoConfiguration]], org.springframework.boot.test.context.SpringBootTestContextCustomizer@35937b42, org.springframework.boot.test.context.filter.ExcludeFilterContextCustomizer@67ed828b, org.springframework.boot.test.json.DuplicateJsonObjectContextCustomizerFactory$DuplicateJsonObjectContextCustomizer@2fec3064, org.springframework.boot.test.mock.mockito.MockitoContextCustomizer@28f9a820], resourceBasePath = 'src/main/webapp', contextLoader = 'org.springframework.boot.test.context.SpringBootContextLoader', parent = [null]]].
]]></system-out>
  <system-err><![CDATA[]]></system-err>
</testsuite>
