<?xml version="1.0" encoding="UTF-8"?>
<testsuite name="com.boot.cut_costs.controller.BaseControllerTest" time="0.007" tests="1" errors="1" skipped="0" failures="0">
  <properties>
    <property name="java.runtime.name" value="Java(TM) SE Runtime Environment"/>
    <property name="sun.boot.library.path" value="/usr/lib/jvm/jdk1.8.0_111/jre/lib/amd64"/>
    <property name="java.vm.version" value="25.111-b14"/>
    <property name="java.vm.vendor" value="Oracle Corporation"/>
    <property name="maven.multiModuleProjectDirectory" value="/home/arian/workspace/cut-costs"/>
    <property name="java.vendor.url" value="http://java.oracle.com/"/>
    <property name="path.separator" value=":"/>
    <property name="guice.disable.misplaced.annotation.check" value="true"/>
    <property name="java.vm.name" value="Java HotSpot(TM) 64-Bit Server VM"/>
    <property name="file.encoding.pkg" value="sun.io"/>
    <property name="user.country" value="CA"/>
    <property name="sun.java.launcher" value="SUN_STANDARD"/>
    <property name="sun.os.patch.level" value="unknown"/>
    <property name="java.vm.specification.name" value="Java Virtual Machine Specification"/>
    <property name="user.dir" value="/home/arian/workspace/cut-costs"/>
    <property name="java.runtime.version" value="1.8.0_111-b14"/>
    <property name="java.awt.graphicsenv" value="sun.awt.X11GraphicsEnvironment"/>
    <property name="java.endorsed.dirs" value="/usr/lib/jvm/jdk1.8.0_111/jre/lib/endorsed"/>
    <property name="os.arch" value="amd64"/>
    <property name="java.io.tmpdir" value="/tmp"/>
    <property name="line.separator" value="&#10;"/>
    <property name="java.vm.specification.vendor" value="Oracle Corporation"/>
    <property name="os.name" value="Linux"/>
    <property name="classworlds.conf" value="/usr/share/maven/bin/m2.conf"/>
    <property name="sun.jnu.encoding" value="UTF-8"/>
    <property name="java.library.path" value="/usr/java/packages/lib/amd64:/usr/lib64:/lib64:/lib:/usr/lib"/>
    <property name="java.specification.name" value="Java Platform API Specification"/>
    <property name="java.class.version" value="52.0"/>
    <property name="sun.management.compiler" value="HotSpot 64-Bit Tiered Compilers"/>
    <property name="os.version" value="4.4.0-83-generic"/>
    <property name="user.home" value="/home/arian"/>
    <property name="user.timezone" value="America/Vancouver"/>
    <property name="java.awt.printerjob" value="sun.print.PSPrinterJob"/>
    <property name="file.encoding" value="UTF-8"/>
    <property name="java.specification.version" value="1.8"/>
    <property name="user.name" value="arian"/>
    <property name="java.class.path" value="/usr/share/maven/boot/plexus-classworlds-2.x.jar"/>
    <property name="java.vm.specification.version" value="1.8"/>
    <property name="sun.arch.data.model" value="64"/>
    <property name="java.home" value="/usr/lib/jvm/jdk1.8.0_111/jre"/>
    <property name="sun.java.command" value="org.codehaus.plexus.classworlds.launcher.Launcher clean install -U"/>
    <property name="java.specification.vendor" value="Oracle Corporation"/>
    <property name="user.language" value="en"/>
    <property name="awt.toolkit" value="sun.awt.X11.XToolkit"/>
    <property name="java.vm.info" value="mixed mode"/>
    <property name="java.version" value="1.8.0_111"/>
    <property name="java.ext.dirs" value="/usr/lib/jvm/jdk1.8.0_111/jre/lib/ext:/usr/java/packages/lib/ext"/>
    <property name="securerandom.source" value="file:/dev/./urandom"/>
    <property name="sun.boot.class.path" value="/usr/lib/jvm/jdk1.8.0_111/jre/lib/resources.jar:/usr/lib/jvm/jdk1.8.0_111/jre/lib/rt.jar:/usr/lib/jvm/jdk1.8.0_111/jre/lib/sunrsasign.jar:/usr/lib/jvm/jdk1.8.0_111/jre/lib/jsse.jar:/usr/lib/jvm/jdk1.8.0_111/jre/lib/jce.jar:/usr/lib/jvm/jdk1.8.0_111/jre/lib/charsets.jar:/usr/lib/jvm/jdk1.8.0_111/jre/lib/jfr.jar:/usr/lib/jvm/jdk1.8.0_111/jre/classes"/>
    <property name="java.vendor" value="Oracle Corporation"/>
    <property name="maven.home" value="/usr/share/maven"/>
    <property name="file.separator" value="/"/>
    <property name="java.vendor.url.bug" value="http://bugreport.sun.com/bugreport/"/>
    <property name="sun.cpu.endian" value="little"/>
    <property name="sun.io.unicode.encoding" value="UnicodeLittle"/>
    <property name="sun.desktop" value="gnome"/>
    <property name="sun.cpu.isalist" value=""/>
  </properties>
  <testcase name="initializationError" classname="com.boot.cut_costs.controller.BaseControllerTest" time="0.007">
    <error message="No runnable methods" type="java.lang.Exception"><![CDATA[java.lang.Exception: No runnable methods
	at org.junit.runners.BlockJUnit4ClassRunner.validateInstanceMethods(BlockJUnit4ClassRunner.java:191)
	at org.junit.runners.BlockJUnit4ClassRunner.collectInitializationErrors(BlockJUnit4ClassRunner.java:128)
	at org.junit.runners.ParentRunner.validate(ParentRunner.java:416)
	at org.junit.runners.ParentRunner.<init>(ParentRunner.java:84)
	at org.junit.runners.BlockJUnit4ClassRunner.<init>(BlockJUnit4ClassRunner.java:65)
	at org.springframework.test.context.junit4.SpringJUnit4ClassRunner.<init>(SpringJUnit4ClassRunner.java:138)
	at org.springframework.test.context.junit4.SpringRunner.<init>(SpringRunner.java:49)
	at sun.reflect.NativeConstructorAccessorImpl.newInstance0(Native Method)
	at sun.reflect.NativeConstructorAccessorImpl.newInstance(NativeConstructorAccessorImpl.java:62)
	at sun.reflect.DelegatingConstructorAccessorImpl.newInstance(DelegatingConstructorAccessorImpl.java:45)
	at java.lang.reflect.Constructor.newInstance(Constructor.java:423)
	at org.junit.internal.builders.AnnotatedBuilder.buildRunner(AnnotatedBuilder.java:104)
	at org.junit.internal.builders.AnnotatedBuilder.runnerForClass(AnnotatedBuilder.java:86)
	at org.junit.runners.model.RunnerBuilder.safeRunnerForClass(RunnerBuilder.java:59)
	at org.junit.internal.builders.AllDefaultPossibilitiesBuilder.runnerForClass(AllDefaultPossibilitiesBuilder.java:26)
	at org.junit.runners.model.RunnerBuilder.safeRunnerForClass(RunnerBuilder.java:59)
	at org.junit.internal.requests.ClassRequest.getRunner(ClassRequest.java:33)
	at org.apache.maven.surefire.junit4.JUnit4Provider.execute(JUnit4Provider.java:283)
	at org.apache.maven.surefire.junit4.JUnit4Provider.executeWithRerun(JUnit4Provider.java:173)
	at org.apache.maven.surefire.junit4.JUnit4Provider.executeTestSet(JUnit4Provider.java:153)
	at org.apache.maven.surefire.junit4.JUnit4Provider.invoke(JUnit4Provider.java:128)
	at org.apache.maven.surefire.booter.ForkedBooter.invokeProviderInSameClassLoader(ForkedBooter.java:203)
	at org.apache.maven.surefire.booter.ForkedBooter.runSuitesInProcess(ForkedBooter.java:155)
	at org.apache.maven.surefire.booter.ForkedBooter.main(ForkedBooter.java:103)
]]></error>
    <system-out><![CDATA[01:13:18,574 |-INFO in ch.qos.logback.classic.LoggerContext[default] - Could NOT find resource [logback.groovy]
01:13:18,574 |-INFO in ch.qos.logback.classic.LoggerContext[default] - Could NOT find resource [logback-test.xml]
01:13:18,574 |-INFO in ch.qos.logback.classic.LoggerContext[default] - Found resource [logback.xml] at [file:/home/arian/workspace/cut-costs/target/classes/logback.xml]
01:13:18,695 |-INFO in ch.qos.logback.classic.joran.action.ConfigurationAction - debug attribute not set
01:13:18,701 |-INFO in ch.qos.logback.core.joran.util.ConfigurationWatchListUtil@29b5cd00 - Adding [jar:file:/home/arian/.m2/repository/org/springframework/boot/spring-boot/1.5.2.RELEASE/spring-boot-1.5.2.RELEASE.jar!/org/springframework/boot/logging/logback/base.xml] to configuration watch list.
01:13:18,701 |-INFO in ch.qos.logback.core.joran.spi.ConfigurationWatchList@60285225 - URL [jar:file:/home/arian/.m2/repository/org/springframework/boot/spring-boot/1.5.2.RELEASE/spring-boot-1.5.2.RELEASE.jar!/org/springframework/boot/logging/logback/base.xml] is not of type file
01:13:18,706 |-INFO in ch.qos.logback.core.joran.util.ConfigurationWatchListUtil@29b5cd00 - Adding [jar:file:/home/arian/.m2/repository/org/springframework/boot/spring-boot/1.5.2.RELEASE/spring-boot-1.5.2.RELEASE.jar!/org/springframework/boot/logging/logback/defaults.xml] to configuration watch list.
01:13:18,706 |-INFO in ch.qos.logback.core.joran.spi.ConfigurationWatchList@60285225 - URL [jar:file:/home/arian/.m2/repository/org/springframework/boot/spring-boot/1.5.2.RELEASE/spring-boot-1.5.2.RELEASE.jar!/org/springframework/boot/logging/logback/defaults.xml] is not of type file
01:13:18,710 |-INFO in ch.qos.logback.core.joran.action.ConversionRuleAction - registering conversion word clr with class [org.springframework.boot.logging.logback.ColorConverter]
01:13:18,710 |-INFO in ch.qos.logback.core.joran.action.ConversionRuleAction - registering conversion word wex with class [org.springframework.boot.logging.logback.WhitespaceThrowableProxyConverter]
01:13:18,711 |-INFO in ch.qos.logback.core.joran.action.ConversionRuleAction - registering conversion word wEx with class [org.springframework.boot.logging.logback.ExtendedWhitespaceThrowableProxyConverter]
01:13:18,716 |-INFO in ch.qos.logback.core.joran.action.AppenderAction - About to instantiate appender of type [org.springframework.boot.logging.logback.LevelRemappingAppender]
01:13:18,719 |-INFO in ch.qos.logback.core.joran.action.AppenderAction - Naming appender as [DEBUG_LEVEL_REMAPPER]
01:13:18,729 |-INFO in ch.qos.logback.classic.joran.action.LoggerAction - Setting level of logger [org.apache.catalina.startup.DigesterFactory] to ERROR
01:13:18,729 |-INFO in ch.qos.logback.classic.joran.action.LoggerAction - Setting level of logger [org.apache.catalina.util.LifecycleBase] to ERROR
01:13:18,729 |-INFO in ch.qos.logback.classic.joran.action.LoggerAction - Setting level of logger [org.apache.coyote.http11.Http11NioProtocol] to WARN
01:13:18,729 |-INFO in ch.qos.logback.classic.joran.action.LoggerAction - Setting level of logger [org.apache.sshd.common.util.SecurityUtils] to WARN
01:13:18,729 |-INFO in ch.qos.logback.classic.joran.action.LoggerAction - Setting level of logger [org.apache.tomcat.util.net.NioSelectorPool] to WARN
01:13:18,730 |-INFO in ch.qos.logback.classic.joran.action.LoggerAction - Setting level of logger [org.crsh.plugin] to WARN
01:13:18,730 |-INFO in ch.qos.logback.classic.joran.action.LoggerAction - Setting level of logger [org.crsh.ssh] to WARN
01:13:18,730 |-INFO in ch.qos.logback.classic.joran.action.LoggerAction - Setting level of logger [org.eclipse.jetty.util.component.AbstractLifeCycle] to ERROR
01:13:18,730 |-INFO in ch.qos.logback.classic.joran.action.LoggerAction - Setting level of logger [org.hibernate.validator.internal.util.Version] to WARN
01:13:18,730 |-INFO in ch.qos.logback.classic.joran.action.LoggerAction - Setting level of logger [org.springframework.boot.actuate.autoconfigure.CrshAutoConfiguration] to WARN
01:13:18,730 |-INFO in ch.qos.logback.classic.joran.action.LoggerAction - Setting additivity of logger [org.springframework.boot.actuate.endpoint.jmx] to false
01:13:18,730 |-INFO in ch.qos.logback.core.joran.action.AppenderRefAction - Attaching appender named [DEBUG_LEVEL_REMAPPER] to Logger[org.springframework.boot.actuate.endpoint.jmx]
01:13:18,731 |-INFO in ch.qos.logback.classic.joran.action.LoggerAction - Setting additivity of logger [org.thymeleaf] to false
01:13:18,731 |-INFO in ch.qos.logback.core.joran.action.AppenderRefAction - Attaching appender named [DEBUG_LEVEL_REMAPPER] to Logger[org.thymeleaf]
01:13:18,731 |-INFO in ch.qos.logback.core.joran.util.ConfigurationWatchListUtil@29b5cd00 - Adding [jar:file:/home/arian/.m2/repository/org/springframework/boot/spring-boot/1.5.2.RELEASE/spring-boot-1.5.2.RELEASE.jar!/org/springframework/boot/logging/logback/console-appender.xml] to configuration watch list.
01:13:18,731 |-INFO in ch.qos.logback.core.joran.spi.ConfigurationWatchList@60285225 - URL [jar:file:/home/arian/.m2/repository/org/springframework/boot/spring-boot/1.5.2.RELEASE/spring-boot-1.5.2.RELEASE.jar!/org/springframework/boot/logging/logback/console-appender.xml] is not of type file
01:13:18,733 |-INFO in ch.qos.logback.core.joran.action.AppenderAction - About to instantiate appender of type [ch.qos.logback.core.ConsoleAppender]
01:13:18,735 |-INFO in ch.qos.logback.core.joran.action.AppenderAction - Naming appender as [CONSOLE]
01:13:18,736 |-INFO in ch.qos.logback.core.joran.action.NestedComplexPropertyIA - Assuming default type [ch.qos.logback.classic.encoder.PatternLayoutEncoder] for [encoder] property
01:13:18,816 |-INFO in ch.qos.logback.core.joran.util.ConfigurationWatchListUtil@29b5cd00 - Adding [jar:file:/home/arian/.m2/repository/org/springframework/boot/spring-boot/1.5.2.RELEASE/spring-boot-1.5.2.RELEASE.jar!/org/springframework/boot/logging/logback/file-appender.xml] to configuration watch list.
01:13:18,816 |-INFO in ch.qos.logback.core.joran.spi.ConfigurationWatchList@60285225 - URL [jar:file:/home/arian/.m2/repository/org/springframework/boot/spring-boot/1.5.2.RELEASE/spring-boot-1.5.2.RELEASE.jar!/org/springframework/boot/logging/logback/file-appender.xml] is not of type file
01:13:18,818 |-INFO in ch.qos.logback.core.joran.action.AppenderAction - About to instantiate appender of type [ch.qos.logback.core.rolling.RollingFileAppender]
01:13:18,821 |-INFO in ch.qos.logback.core.joran.action.AppenderAction - Naming appender as [FILE]
01:13:18,822 |-INFO in ch.qos.logback.core.joran.action.NestedComplexPropertyIA - Assuming default type [ch.qos.logback.classic.encoder.PatternLayoutEncoder] for [encoder] property
01:13:18,828 |-INFO in ch.qos.logback.core.rolling.FixedWindowRollingPolicy@7113b13f - No compression will be used
01:13:18,831 |-INFO in ch.qos.logback.core.rolling.RollingFileAppender[FILE] - Active log file name: /tmp/spring.log
01:13:18,831 |-INFO in ch.qos.logback.core.rolling.RollingFileAppender[FILE] - File property is set to [/tmp/spring.log]
01:13:18,832 |-INFO in ch.qos.logback.classic.joran.action.RootLoggerAction - Setting level of ROOT logger to INFO
01:13:18,832 |-INFO in ch.qos.logback.core.joran.action.AppenderRefAction - Attaching appender named [CONSOLE] to Logger[ROOT]
01:13:18,832 |-INFO in ch.qos.logback.core.joran.action.AppenderRefAction - Attaching appender named [FILE] to Logger[ROOT]
01:13:18,833 |-INFO in ch.qos.logback.classic.joran.action.LoggerAction - Setting level of logger [org.springframework.web] to INFO
01:13:18,833 |-INFO in ch.qos.logback.core.joran.action.AppenderAction - About to instantiate appender of type [ch.qos.logback.core.ConsoleAppender]
01:13:18,833 |-INFO in ch.qos.logback.core.joran.action.AppenderAction - Naming appender as [STDOUT]
01:13:18,835 |-WARN in ch.qos.logback.core.ConsoleAppender[STDOUT] - This appender no longer admits a layout as a sub-component, set an encoder instead.
01:13:18,835 |-WARN in ch.qos.logback.core.ConsoleAppender[STDOUT] - To ensure compatibility, wrapping your layout in LayoutWrappingEncoder.
01:13:18,835 |-WARN in ch.qos.logback.core.ConsoleAppender[STDOUT] - See also http://logback.qos.ch/codes.html#layoutInsteadOfEncoder for details
01:13:18,835 |-INFO in ch.qos.logback.classic.joran.action.LoggerAction - Setting level of logger [com.boot.cut_costs] to DEBUG
01:13:18,835 |-INFO in ch.qos.logback.classic.joran.action.LoggerAction - Setting additivity of logger [com.boot.cut_costs] to false
01:13:18,835 |-INFO in ch.qos.logback.core.joran.action.AppenderRefAction - Attaching appender named [STDOUT] to Logger[com.boot.cut_costs]
01:13:18,835 |-INFO in ch.qos.logback.classic.joran.action.RootLoggerAction - Setting level of ROOT logger to ERROR
01:13:18,835 |-INFO in ch.qos.logback.core.joran.action.AppenderRefAction - Attaching appender named [STDOUT] to Logger[ROOT]
01:13:18,835 |-INFO in ch.qos.logback.classic.joran.action.ConfigurationAction - End of configuration.
01:13:18,836 |-INFO in ch.qos.logback.classic.joran.JoranConfigurator@45820e51 - Registering current configuration as safe fallback point

]]></system-out>
  </testcase>
</testsuite>